[2025-10-31 04:22:00Z INFO HostContext] No proxy settings were found based on environmental variables (http_proxy/https_proxy/HTTP_PROXY/HTTPS_PROXY)
[2025-10-31 04:22:00Z INFO HostContext] Well known directory 'Bin': 'D:\Eclipse\devopsExercise\actions-runner\bin'
[2025-10-31 04:22:00Z INFO HostContext] Well known directory 'Root': 'D:\Eclipse\devopsExercise\actions-runner'
[2025-10-31 04:22:00Z INFO HostContext] Well known config file 'Credentials': 'D:\Eclipse\devopsExercise\actions-runner\.credentials'
[2025-10-31 04:22:00Z INFO HostContext] Well known directory 'Bin': 'D:\Eclipse\devopsExercise\actions-runner\bin'
[2025-10-31 04:22:00Z INFO HostContext] Well known directory 'Root': 'D:\Eclipse\devopsExercise\actions-runner'
[2025-10-31 04:22:00Z INFO HostContext] Well known config file 'Runner': 'D:\Eclipse\devopsExercise\actions-runner\.runner'
[2025-10-31 04:22:00Z INFO Listener] Runner is built for Windows (X64) - win-x64.
[2025-10-31 04:22:00Z INFO Listener] RuntimeInformation: Microsoft Windows 10.0.19045.
[2025-10-31 04:22:00Z INFO Listener] Version: 2.329.0
[2025-10-31 04:22:00Z INFO Listener] Commit: c76c59996c8fa32e989164a5a695efb12608ae5a
[2025-10-31 04:22:00Z INFO Listener] Culture: es-EC
[2025-10-31 04:22:00Z INFO Listener] UI Culture: en-US
[2025-10-31 04:22:00Z INFO HostContext] Well known directory 'Bin': 'D:\Eclipse\devopsExercise\actions-runner\bin'
[2025-10-31 04:22:00Z INFO HostContext] Well known directory 'Root': 'D:\Eclipse\devopsExercise\actions-runner'
[2025-10-31 04:22:00Z INFO Listener] Validating directory permissions for: 'D:\Eclipse\devopsExercise\actions-runner'
[2025-10-31 04:22:00Z INFO CommandLineParser] Parse
[2025-10-31 04:22:00Z INFO CommandLineParser] Parsing 1 args
[2025-10-31 04:22:00Z INFO CommandLineParser] parsing argument
[2025-10-31 04:22:00Z INFO CommandLineParser] HasArgs: False
[2025-10-31 04:22:00Z INFO CommandLineParser] Adding Command: run
[2025-10-31 04:22:00Z INFO Listener] Arguments parsed
[2025-10-31 04:22:00Z INFO Runner] ExecuteCommand
[2025-10-31 04:22:00Z INFO ConfigurationStore] currentAssemblyLocation: D:\Eclipse\devopsExercise\actions-runner\bin\Runner.Listener.dll
[2025-10-31 04:22:00Z INFO HostContext] Well known directory 'Bin': 'D:\Eclipse\devopsExercise\actions-runner\bin'
[2025-10-31 04:22:00Z INFO ConfigurationStore] binPath: D:\Eclipse\devopsExercise\actions-runner\bin
[2025-10-31 04:22:00Z INFO HostContext] Well known directory 'Bin': 'D:\Eclipse\devopsExercise\actions-runner\bin'
[2025-10-31 04:22:00Z INFO HostContext] Well known directory 'Root': 'D:\Eclipse\devopsExercise\actions-runner'
[2025-10-31 04:22:00Z INFO ConfigurationStore] RootFolder: D:\Eclipse\devopsExercise\actions-runner
[2025-10-31 04:22:00Z INFO HostContext] Well known directory 'Bin': 'D:\Eclipse\devopsExercise\actions-runner\bin'
[2025-10-31 04:22:00Z INFO HostContext] Well known directory 'Root': 'D:\Eclipse\devopsExercise\actions-runner'
[2025-10-31 04:22:00Z INFO HostContext] Well known config file 'Runner': 'D:\Eclipse\devopsExercise\actions-runner\.runner'
[2025-10-31 04:22:00Z INFO ConfigurationStore] ConfigFilePath: D:\Eclipse\devopsExercise\actions-runner\.runner
[2025-10-31 04:22:00Z INFO HostContext] Well known directory 'Bin': 'D:\Eclipse\devopsExercise\actions-runner\bin'
[2025-10-31 04:22:00Z INFO HostContext] Well known directory 'Root': 'D:\Eclipse\devopsExercise\actions-runner'
[2025-10-31 04:22:00Z INFO HostContext] Well known config file 'MigratedRunner': 'D:\Eclipse\devopsExercise\actions-runner\.runner_migrated'
[2025-10-31 04:22:00Z INFO ConfigurationStore] MigratedConfigFilePath: D:\Eclipse\devopsExercise\actions-runner\.runner_migrated
[2025-10-31 04:22:00Z INFO HostContext] Well known directory 'Bin': 'D:\Eclipse\devopsExercise\actions-runner\bin'
[2025-10-31 04:22:00Z INFO HostContext] Well known directory 'Root': 'D:\Eclipse\devopsExercise\actions-runner'
[2025-10-31 04:22:00Z INFO HostContext] Well known config file 'Credentials': 'D:\Eclipse\devopsExercise\actions-runner\.credentials'
[2025-10-31 04:22:00Z INFO ConfigurationStore] CredFilePath: D:\Eclipse\devopsExercise\actions-runner\.credentials
[2025-10-31 04:22:00Z INFO HostContext] Well known directory 'Bin': 'D:\Eclipse\devopsExercise\actions-runner\bin'
[2025-10-31 04:22:00Z INFO HostContext] Well known directory 'Root': 'D:\Eclipse\devopsExercise\actions-runner'
[2025-10-31 04:22:00Z INFO HostContext] Well known config file 'MigratedCredentials': 'D:\Eclipse\devopsExercise\actions-runner\.credentials_migrated'
[2025-10-31 04:22:00Z INFO ConfigurationStore] MigratedCredFilePath: D:\Eclipse\devopsExercise\actions-runner\.credentials_migrated
[2025-10-31 04:22:00Z INFO HostContext] Well known directory 'Bin': 'D:\Eclipse\devopsExercise\actions-runner\bin'
[2025-10-31 04:22:00Z INFO HostContext] Well known directory 'Root': 'D:\Eclipse\devopsExercise\actions-runner'
[2025-10-31 04:22:00Z INFO HostContext] Well known config file 'Service': 'D:\Eclipse\devopsExercise\actions-runner\.service'
[2025-10-31 04:22:00Z INFO ConfigurationStore] ServiceConfigFilePath: D:\Eclipse\devopsExercise\actions-runner\.service
[2025-10-31 04:22:00Z INFO CommandSettings] Flag 'help': 'False'
[2025-10-31 04:22:00Z INFO CommandSettings] Flag 'version': 'False'
[2025-10-31 04:22:00Z INFO CommandSettings] Flag 'commit': 'False'
[2025-10-31 04:22:00Z INFO CommandSettings] Flag 'check': 'False'
[2025-10-31 04:22:00Z INFO CommandSettings] Command 'configure': 'False'
[2025-10-31 04:22:00Z INFO CommandSettings] Command 'remove': 'False'
[2025-10-31 04:22:00Z INFO CommandSettings] Command 'warmup': 'False'
[2025-10-31 04:22:00Z INFO ConfigurationManager] LoadSettings
[2025-10-31 04:22:00Z INFO ConfigurationStore] IsConfigured()
[2025-10-31 04:22:00Z INFO ConfigurationStore] IsConfigured: True
[2025-10-31 04:22:00Z INFO ConfigurationManager] Is configured: True
[2025-10-31 04:22:00Z INFO ConfigurationStore] Read setting file: 394 chars
[2025-10-31 04:22:00Z INFO ConfigurationManager] Settings Loaded
[2025-10-31 04:22:00Z INFO ConfigurationStore] IsServiceConfigured()
[2025-10-31 04:22:00Z INFO ConfigurationStore] IsServiceConfigured: True
[2025-10-31 04:22:00Z INFO CommandSettings] Command 'run': 'True'
[2025-10-31 04:22:00Z INFO ConfigurationStore] IsConfigured()
[2025-10-31 04:22:00Z INFO ConfigurationStore] IsConfigured: True
[2025-10-31 04:22:00Z INFO ConfigurationManager] Is configured: True
[2025-10-31 04:22:00Z INFO Runner] Try determine runner startup type base on console redirects.
[2025-10-31 04:22:00Z INFO Runner] Set runner startup type - Manual
[2025-10-31 04:22:00Z INFO CommandSettings] Flag 'once': 'False'
[2025-10-31 04:22:00Z INFO CommandSettings] Flag 'once': 'False'
[2025-10-31 04:22:00Z INFO Runner] RunAsync
[2025-10-31 04:22:00Z INFO ConfigurationManager] LoadMigratedSettings
[2025-10-31 04:22:00Z INFO ConfigurationStore] IsMigratedConfigured()
[2025-10-31 04:22:00Z INFO ConfigurationStore] IsMigratedConfigured: False
[2025-10-31 04:22:00Z INFO Runner] Failed to load migrated settings: No migrated configuration found.
[2025-10-31 04:22:00Z INFO Runner] Falling back to original .runner settings
[2025-10-31 04:22:00Z INFO Runner] Using BrokerMessageListener
[2025-10-31 04:22:00Z INFO BrokerMessageListener] Using provided settings
[2025-10-31 04:22:00Z INFO BrokerMessageListener] {
  "AgentId": 2,
  "AgentName": "BOTPC",
  "PoolId": 1,
  "PoolName": "Default",
  "ServerUrl": "https://pipelinesghubeus24.actions.githubusercontent.com/jhUIZ8jILW8KfuUHc917loBz0AAjYObg8M4C27oWHnqx82tVv7/",
  "GitHubUrl": "https://github.com/serdna123/ejercicioDevOps",
  "WorkFolder": "_work",
  "UseV2Flow": true,
  "ServerUrlV2": "https://broker.actions.githubusercontent.com/"
}
[2025-10-31 04:22:00Z INFO BrokerMessageListener] Loading Credentials
[2025-10-31 04:22:00Z INFO ConfigurationStore] HasCredentials()
[2025-10-31 04:22:00Z INFO ConfigurationStore] stored True
[2025-10-31 04:22:00Z INFO CredentialManager] GetCredentialProvider
[2025-10-31 04:22:00Z INFO CredentialManager] Creating type OAuth
[2025-10-31 04:22:00Z INFO CredentialManager] Creating credential type: OAuth
[2025-10-31 04:22:00Z INFO HostContext] Well known directory 'Bin': 'D:\Eclipse\devopsExercise\actions-runner\bin'
[2025-10-31 04:22:00Z INFO HostContext] Well known directory 'Root': 'D:\Eclipse\devopsExercise\actions-runner'
[2025-10-31 04:22:00Z INFO HostContext] Well known config file 'RSACredentials': 'D:\Eclipse\devopsExercise\actions-runner\.credentials_rsaparams'
[2025-10-31 04:22:00Z INFO RSAEncryptedFileKeyManager] Loading RSA key parameters from file D:\Eclipse\devopsExercise\actions-runner\.credentials_rsaparams
[2025-10-31 04:22:00Z INFO BrokerMessageListener] Attempt to create session.
[2025-10-31 04:22:00Z INFO BrokerMessageListener] Connecting to the Broker Server...
[2025-10-31 04:22:00Z INFO ConfigurationStore] HasCredentials()
[2025-10-31 04:22:00Z INFO ConfigurationStore] stored True
[2025-10-31 04:22:00Z INFO CredentialManager] GetCredentialProvider
[2025-10-31 04:22:00Z INFO CredentialManager] Creating type OAuth
[2025-10-31 04:22:00Z INFO CredentialManager] Creating credential type: OAuth
[2025-10-31 04:22:00Z INFO RSAEncryptedFileKeyManager] Loading RSA key parameters from file D:\Eclipse\devopsExercise\actions-runner\.credentials_rsaparams
[2025-10-31 04:22:00Z INFO BrokerMessageListener] VssConnection created
[2025-10-31 04:22:00Z INFO BrokerMessageListener] Connecting to the Runner server...
[2025-10-31 04:22:00Z INFO RunnerServer] EstablishVssConnection
[2025-10-31 04:22:00Z INFO RunnerServer] Establish connection with 100 seconds timeout.
[2025-10-31 04:22:00Z INFO GitHubActionsService] Starting operation Location.GetConnectionData
[2025-10-31 04:22:00Z INFO RunnerServer] EstablishVssConnection
[2025-10-31 04:22:00Z INFO RunnerServer] Establish connection with 60 seconds timeout.
[2025-10-31 04:22:00Z INFO GitHubActionsService] Starting operation Location.GetConnectionData
[2025-10-31 04:22:00Z INFO RunnerServer] EstablishVssConnection
[2025-10-31 04:22:00Z INFO RunnerServer] Establish connection with 60 seconds timeout.
[2025-10-31 04:22:00Z INFO GitHubActionsService] Starting operation Location.GetConnectionData
[2025-10-31 04:22:00Z INFO GitHubActionsService] Finished operation Location.GetConnectionData
[2025-10-31 04:22:00Z INFO GitHubActionsService] Finished operation Location.GetConnectionData
[2025-10-31 04:22:00Z INFO GitHubActionsService] Finished operation Location.GetConnectionData
[2025-10-31 04:22:01Z INFO BrokerMessageListener] VssConnection created
[2025-10-31 04:22:01Z INFO Terminal] WRITE LINE: 
[2025-10-31 04:22:01Z INFO Terminal] WRITE LINE: 
[2025-10-31 04:22:01Z INFO RSAEncryptedFileKeyManager] Loading RSA key parameters from file D:\Eclipse\devopsExercise\actions-runner\.credentials_rsaparams
[2025-10-31 04:22:01Z INFO RSAEncryptedFileKeyManager] Loading RSA key parameters from file D:\Eclipse\devopsExercise\actions-runner\.credentials_rsaparams
[2025-10-31 04:22:01Z INFO GitHubActionsService] AAD Correlation ID for this token request: Unknown
[2025-10-31 04:22:01Z ERR  GitHubActionsService] POST request to https://broker.actions.githubusercontent.com/session failed. HTTP Status: Conflict
[2025-10-31 04:22:01Z ERR  BrokerMessageListener] Catch exception during create session.
[2025-10-31 04:22:01Z ERR  BrokerMessageListener] GitHub.DistributedTask.WebApi.TaskAgentSessionConflictException: Error: Conflict
   at GitHub.Actions.RunService.WebApi.BrokerHttpClient.CreateSessionAsync(TaskAgentSession session, CancellationToken cancellationToken)
   at GitHub.Runner.Common.BrokerServer.CreateSessionAsync(TaskAgentSession session, CancellationToken cancellationToken)
   at GitHub.Runner.Listener.BrokerMessageListener.CreateSessionAsync(CancellationToken token)
[2025-10-31 04:22:01Z INFO BrokerMessageListener] The session for this runner already exists.
[2025-10-31 04:22:01Z ERR  Terminal] WRITE ERROR: A session for this runner already exists.
[2025-10-31 04:22:01Z INFO BrokerMessageListener] The session conflict exception haven't reached retry limit.
[2025-10-31 04:22:01Z ERR  Terminal] WRITE ERROR: 2025-10-31 04:22:01Z: Runner connect error: Error: Conflict. Retrying until reconnected.
[2025-10-31 04:22:01Z INFO BrokerMessageListener] Sleeping for 30 seconds before retrying.
[2025-10-31 04:22:31Z INFO BrokerMessageListener] Attempt to create session.
[2025-10-31 04:22:31Z INFO BrokerMessageListener] Connecting to the Broker Server...
[2025-10-31 04:22:31Z INFO ConfigurationStore] HasCredentials()
[2025-10-31 04:22:31Z INFO ConfigurationStore] stored True
[2025-10-31 04:22:31Z INFO CredentialManager] GetCredentialProvider
[2025-10-31 04:22:31Z INFO CredentialManager] Creating type OAuth
[2025-10-31 04:22:31Z INFO CredentialManager] Creating credential type: OAuth
[2025-10-31 04:22:31Z INFO RSAEncryptedFileKeyManager] Loading RSA key parameters from file D:\Eclipse\devopsExercise\actions-runner\.credentials_rsaparams
[2025-10-31 04:22:31Z INFO BrokerMessageListener] VssConnection created
[2025-10-31 04:22:31Z INFO BrokerMessageListener] Connecting to the Runner server...
[2025-10-31 04:22:31Z INFO RunnerServer] EstablishVssConnection
[2025-10-31 04:22:31Z INFO RunnerServer] Establish connection with 100 seconds timeout.
[2025-10-31 04:22:31Z INFO GitHubActionsService] Starting operation Location.GetConnectionData
[2025-10-31 04:22:31Z INFO RunnerServer] EstablishVssConnection
[2025-10-31 04:22:31Z INFO RunnerServer] Establish connection with 60 seconds timeout.
[2025-10-31 04:22:31Z INFO GitHubActionsService] Starting operation Location.GetConnectionData
[2025-10-31 04:22:31Z INFO RunnerServer] EstablishVssConnection
[2025-10-31 04:22:31Z INFO RunnerServer] Establish connection with 60 seconds timeout.
[2025-10-31 04:22:31Z INFO GitHubActionsService] Starting operation Location.GetConnectionData
[2025-10-31 04:22:32Z INFO GitHubActionsService] Finished operation Location.GetConnectionData
[2025-10-31 04:22:32Z INFO GitHubActionsService] Finished operation Location.GetConnectionData
[2025-10-31 04:22:32Z INFO GitHubActionsService] Finished operation Location.GetConnectionData
[2025-10-31 04:22:32Z INFO BrokerMessageListener] VssConnection created
[2025-10-31 04:22:32Z INFO Terminal] WRITE LINE: 
[2025-10-31 04:22:32Z INFO Terminal] WRITE LINE: 
[2025-10-31 04:22:32Z INFO RSAEncryptedFileKeyManager] Loading RSA key parameters from file D:\Eclipse\devopsExercise\actions-runner\.credentials_rsaparams
[2025-10-31 04:22:32Z INFO RSAEncryptedFileKeyManager] Loading RSA key parameters from file D:\Eclipse\devopsExercise\actions-runner\.credentials_rsaparams
[2025-10-31 04:22:32Z INFO GitHubActionsService] AAD Correlation ID for this token request: Unknown
[2025-10-31 04:22:32Z ERR  GitHubActionsService] POST request to https://broker.actions.githubusercontent.com/session failed. HTTP Status: Conflict
[2025-10-31 04:22:32Z ERR  BrokerMessageListener] Catch exception during create session.
[2025-10-31 04:22:32Z ERR  BrokerMessageListener] GitHub.DistributedTask.WebApi.TaskAgentSessionConflictException: Error: Conflict
   at GitHub.Actions.RunService.WebApi.BrokerHttpClient.CreateSessionAsync(TaskAgentSession session, CancellationToken cancellationToken)
   at GitHub.Runner.Common.BrokerServer.CreateSessionAsync(TaskAgentSession session, CancellationToken cancellationToken)
   at GitHub.Runner.Listener.BrokerMessageListener.CreateSessionAsync(CancellationToken token)
[2025-10-31 04:22:32Z INFO BrokerMessageListener] The session for this runner already exists.
[2025-10-31 04:22:32Z ERR  Terminal] WRITE ERROR: A session for this runner already exists.
[2025-10-31 04:22:32Z INFO BrokerMessageListener] The session conflict exception haven't reached retry limit.
[2025-10-31 04:22:32Z INFO BrokerMessageListener] Sleeping for 30 seconds before retrying.
[2025-10-31 04:23:02Z INFO BrokerMessageListener] Attempt to create session.
[2025-10-31 04:23:02Z INFO BrokerMessageListener] Connecting to the Broker Server...
[2025-10-31 04:23:02Z INFO ConfigurationStore] HasCredentials()
[2025-10-31 04:23:02Z INFO ConfigurationStore] stored True
[2025-10-31 04:23:02Z INFO CredentialManager] GetCredentialProvider
[2025-10-31 04:23:02Z INFO CredentialManager] Creating type OAuth
[2025-10-31 04:23:02Z INFO CredentialManager] Creating credential type: OAuth
[2025-10-31 04:23:02Z INFO RSAEncryptedFileKeyManager] Loading RSA key parameters from file D:\Eclipse\devopsExercise\actions-runner\.credentials_rsaparams
[2025-10-31 04:23:02Z INFO BrokerMessageListener] VssConnection created
[2025-10-31 04:23:02Z INFO BrokerMessageListener] Connecting to the Runner server...
[2025-10-31 04:23:02Z INFO RunnerServer] EstablishVssConnection
[2025-10-31 04:23:02Z INFO RunnerServer] Establish connection with 100 seconds timeout.
[2025-10-31 04:23:02Z INFO GitHubActionsService] Starting operation Location.GetConnectionData
[2025-10-31 04:23:02Z INFO RunnerServer] EstablishVssConnection
[2025-10-31 04:23:02Z INFO RunnerServer] Establish connection with 60 seconds timeout.
[2025-10-31 04:23:02Z INFO GitHubActionsService] Starting operation Location.GetConnectionData
[2025-10-31 04:23:02Z INFO RunnerServer] EstablishVssConnection
[2025-10-31 04:23:02Z INFO RunnerServer] Establish connection with 60 seconds timeout.
[2025-10-31 04:23:02Z INFO GitHubActionsService] Starting operation Location.GetConnectionData
[2025-10-31 04:23:03Z INFO GitHubActionsService] Finished operation Location.GetConnectionData
[2025-10-31 04:23:03Z INFO GitHubActionsService] Finished operation Location.GetConnectionData
[2025-10-31 04:23:03Z INFO GitHubActionsService] Finished operation Location.GetConnectionData
[2025-10-31 04:23:03Z INFO BrokerMessageListener] VssConnection created
[2025-10-31 04:23:03Z INFO Terminal] WRITE LINE: 
[2025-10-31 04:23:03Z INFO Terminal] WRITE LINE: 
[2025-10-31 04:23:03Z INFO RSAEncryptedFileKeyManager] Loading RSA key parameters from file D:\Eclipse\devopsExercise\actions-runner\.credentials_rsaparams
[2025-10-31 04:23:03Z INFO RSAEncryptedFileKeyManager] Loading RSA key parameters from file D:\Eclipse\devopsExercise\actions-runner\.credentials_rsaparams
[2025-10-31 04:23:03Z INFO GitHubActionsService] AAD Correlation ID for this token request: Unknown
[2025-10-31 04:23:03Z ERR  GitHubActionsService] POST request to https://broker.actions.githubusercontent.com/session failed. HTTP Status: Conflict
[2025-10-31 04:23:03Z ERR  BrokerMessageListener] Catch exception during create session.
[2025-10-31 04:23:03Z ERR  BrokerMessageListener] GitHub.DistributedTask.WebApi.TaskAgentSessionConflictException: Error: Conflict
   at GitHub.Actions.RunService.WebApi.BrokerHttpClient.CreateSessionAsync(TaskAgentSession session, CancellationToken cancellationToken)
   at GitHub.Runner.Common.BrokerServer.CreateSessionAsync(TaskAgentSession session, CancellationToken cancellationToken)
   at GitHub.Runner.Listener.BrokerMessageListener.CreateSessionAsync(CancellationToken token)
[2025-10-31 04:23:03Z INFO BrokerMessageListener] The session for this runner already exists.
[2025-10-31 04:23:03Z ERR  Terminal] WRITE ERROR: A session for this runner already exists.
[2025-10-31 04:23:03Z INFO BrokerMessageListener] The session conflict exception haven't reached retry limit.
[2025-10-31 04:23:03Z INFO BrokerMessageListener] Sleeping for 30 seconds before retrying.
[2025-10-31 04:23:19Z INFO Terminal] WRITE LINE: Exiting...
[2025-10-31 04:23:19Z INFO ConfigurationStore] IsServiceConfigured()
[2025-10-31 04:23:19Z INFO ConfigurationStore] IsServiceConfigured: True
[2025-10-31 04:23:19Z INFO Runner] Received Ctrl-C signal, stop Runner.Listener and Runner.Worker.
[2025-10-31 04:23:19Z INFO HostContext] Runner will be shutdown for UserCancelled
[2025-10-31 04:23:19Z INFO Listener] Runner execution been cancelled.
