[2025-11-01 05:27:09Z INFO HostContext] No proxy settings were found based on environmental variables (http_proxy/https_proxy/HTTP_PROXY/HTTPS_PROXY)
[2025-11-01 05:27:09Z INFO HostContext] Well known directory 'Bin': 'D:\Eclipse\devopsExercise\actions-runner\bin'
[2025-11-01 05:27:09Z INFO HostContext] Well known directory 'Root': 'D:\Eclipse\devopsExercise\actions-runner'
[2025-11-01 05:27:09Z INFO HostContext] Well known config file 'Credentials': 'D:\Eclipse\devopsExercise\actions-runner\.credentials'
[2025-11-01 05:27:09Z INFO HostContext] Well known directory 'Bin': 'D:\Eclipse\devopsExercise\actions-runner\bin'
[2025-11-01 05:27:09Z INFO HostContext] Well known directory 'Root': 'D:\Eclipse\devopsExercise\actions-runner'
[2025-11-01 05:27:09Z INFO HostContext] Well known config file 'Runner': 'D:\Eclipse\devopsExercise\actions-runner\.runner'
[2025-11-01 05:27:09Z INFO Listener] Runner is built for Windows (X64) - win-x64.
[2025-11-01 05:27:09Z INFO Listener] RuntimeInformation: Microsoft Windows 10.0.19045.
[2025-11-01 05:27:09Z INFO Listener] Version: 2.329.0
[2025-11-01 05:27:09Z INFO Listener] Commit: c76c59996c8fa32e989164a5a695efb12608ae5a
[2025-11-01 05:27:09Z INFO Listener] Culture: es-EC
[2025-11-01 05:27:09Z INFO Listener] UI Culture: en-US
[2025-11-01 05:27:09Z INFO HostContext] Well known directory 'Bin': 'D:\Eclipse\devopsExercise\actions-runner\bin'
[2025-11-01 05:27:09Z INFO HostContext] Well known directory 'Root': 'D:\Eclipse\devopsExercise\actions-runner'
[2025-11-01 05:27:09Z INFO Listener] Validating directory permissions for: 'D:\Eclipse\devopsExercise\actions-runner'
[2025-11-01 05:27:09Z INFO CommandLineParser] Parse
[2025-11-01 05:27:09Z INFO CommandLineParser] Parsing 1 args
[2025-11-01 05:27:09Z INFO CommandLineParser] parsing argument
[2025-11-01 05:27:09Z INFO CommandLineParser] HasArgs: False
[2025-11-01 05:27:09Z INFO CommandLineParser] Adding Command: run
[2025-11-01 05:27:09Z INFO Listener] Arguments parsed
[2025-11-01 05:27:09Z INFO Runner] ExecuteCommand
[2025-11-01 05:27:09Z INFO ConfigurationStore] currentAssemblyLocation: D:\Eclipse\devopsExercise\actions-runner\bin\Runner.Listener.dll
[2025-11-01 05:27:09Z INFO HostContext] Well known directory 'Bin': 'D:\Eclipse\devopsExercise\actions-runner\bin'
[2025-11-01 05:27:09Z INFO ConfigurationStore] binPath: D:\Eclipse\devopsExercise\actions-runner\bin
[2025-11-01 05:27:09Z INFO HostContext] Well known directory 'Bin': 'D:\Eclipse\devopsExercise\actions-runner\bin'
[2025-11-01 05:27:09Z INFO HostContext] Well known directory 'Root': 'D:\Eclipse\devopsExercise\actions-runner'
[2025-11-01 05:27:09Z INFO ConfigurationStore] RootFolder: D:\Eclipse\devopsExercise\actions-runner
[2025-11-01 05:27:09Z INFO HostContext] Well known directory 'Bin': 'D:\Eclipse\devopsExercise\actions-runner\bin'
[2025-11-01 05:27:09Z INFO HostContext] Well known directory 'Root': 'D:\Eclipse\devopsExercise\actions-runner'
[2025-11-01 05:27:09Z INFO HostContext] Well known config file 'Runner': 'D:\Eclipse\devopsExercise\actions-runner\.runner'
[2025-11-01 05:27:09Z INFO ConfigurationStore] ConfigFilePath: D:\Eclipse\devopsExercise\actions-runner\.runner
[2025-11-01 05:27:09Z INFO HostContext] Well known directory 'Bin': 'D:\Eclipse\devopsExercise\actions-runner\bin'
[2025-11-01 05:27:09Z INFO HostContext] Well known directory 'Root': 'D:\Eclipse\devopsExercise\actions-runner'
[2025-11-01 05:27:09Z INFO HostContext] Well known config file 'MigratedRunner': 'D:\Eclipse\devopsExercise\actions-runner\.runner_migrated'
[2025-11-01 05:27:09Z INFO ConfigurationStore] MigratedConfigFilePath: D:\Eclipse\devopsExercise\actions-runner\.runner_migrated
[2025-11-01 05:27:09Z INFO HostContext] Well known directory 'Bin': 'D:\Eclipse\devopsExercise\actions-runner\bin'
[2025-11-01 05:27:09Z INFO HostContext] Well known directory 'Root': 'D:\Eclipse\devopsExercise\actions-runner'
[2025-11-01 05:27:09Z INFO HostContext] Well known config file 'Credentials': 'D:\Eclipse\devopsExercise\actions-runner\.credentials'
[2025-11-01 05:27:09Z INFO ConfigurationStore] CredFilePath: D:\Eclipse\devopsExercise\actions-runner\.credentials
[2025-11-01 05:27:09Z INFO HostContext] Well known directory 'Bin': 'D:\Eclipse\devopsExercise\actions-runner\bin'
[2025-11-01 05:27:09Z INFO HostContext] Well known directory 'Root': 'D:\Eclipse\devopsExercise\actions-runner'
[2025-11-01 05:27:09Z INFO HostContext] Well known config file 'MigratedCredentials': 'D:\Eclipse\devopsExercise\actions-runner\.credentials_migrated'
[2025-11-01 05:27:09Z INFO ConfigurationStore] MigratedCredFilePath: D:\Eclipse\devopsExercise\actions-runner\.credentials_migrated
[2025-11-01 05:27:09Z INFO HostContext] Well known directory 'Bin': 'D:\Eclipse\devopsExercise\actions-runner\bin'
[2025-11-01 05:27:09Z INFO HostContext] Well known directory 'Root': 'D:\Eclipse\devopsExercise\actions-runner'
[2025-11-01 05:27:09Z INFO HostContext] Well known config file 'Service': 'D:\Eclipse\devopsExercise\actions-runner\.service'
[2025-11-01 05:27:09Z INFO ConfigurationStore] ServiceConfigFilePath: D:\Eclipse\devopsExercise\actions-runner\.service
[2025-11-01 05:27:09Z INFO CommandSettings] Flag 'help': 'False'
[2025-11-01 05:27:09Z INFO CommandSettings] Flag 'version': 'False'
[2025-11-01 05:27:09Z INFO CommandSettings] Flag 'commit': 'False'
[2025-11-01 05:27:09Z INFO CommandSettings] Flag 'check': 'False'
[2025-11-01 05:27:09Z INFO CommandSettings] Command 'configure': 'False'
[2025-11-01 05:27:09Z INFO CommandSettings] Command 'remove': 'False'
[2025-11-01 05:27:09Z INFO CommandSettings] Command 'warmup': 'False'
[2025-11-01 05:27:09Z INFO ConfigurationManager] LoadSettings
[2025-11-01 05:27:09Z INFO ConfigurationStore] IsConfigured()
[2025-11-01 05:27:09Z INFO ConfigurationStore] IsConfigured: True
[2025-11-01 05:27:09Z INFO ConfigurationManager] Is configured: True
[2025-11-01 05:27:09Z INFO ConfigurationStore] Read setting file: 394 chars
[2025-11-01 05:27:09Z INFO ConfigurationManager] Settings Loaded
[2025-11-01 05:27:09Z INFO ConfigurationStore] IsServiceConfigured()
[2025-11-01 05:27:09Z INFO ConfigurationStore] IsServiceConfigured: True
[2025-11-01 05:27:09Z INFO CommandSettings] Command 'run': 'True'
[2025-11-01 05:27:09Z INFO ConfigurationStore] IsConfigured()
[2025-11-01 05:27:09Z INFO ConfigurationStore] IsConfigured: True
[2025-11-01 05:27:09Z INFO ConfigurationManager] Is configured: True
[2025-11-01 05:27:09Z INFO Runner] Try determine runner startup type base on console redirects.
[2025-11-01 05:27:09Z INFO Runner] Set runner startup type - Manual
[2025-11-01 05:27:09Z INFO CommandSettings] Flag 'once': 'False'
[2025-11-01 05:27:09Z INFO CommandSettings] Flag 'once': 'False'
[2025-11-01 05:27:09Z INFO Runner] RunAsync
[2025-11-01 05:27:09Z INFO ConfigurationManager] LoadMigratedSettings
[2025-11-01 05:27:09Z INFO ConfigurationStore] IsMigratedConfigured()
[2025-11-01 05:27:09Z INFO ConfigurationStore] IsMigratedConfigured: False
[2025-11-01 05:27:09Z INFO Runner] Failed to load migrated settings: No migrated configuration found.
[2025-11-01 05:27:09Z INFO Runner] Falling back to original .runner settings
[2025-11-01 05:27:09Z INFO Runner] Using BrokerMessageListener
[2025-11-01 05:27:09Z INFO BrokerMessageListener] Using provided settings
[2025-11-01 05:27:09Z INFO BrokerMessageListener] {
  "AgentId": 2,
  "AgentName": "BOTPC",
  "PoolId": 1,
  "PoolName": "Default",
  "ServerUrl": "https://pipelinesghubeus24.actions.githubusercontent.com/jhUIZ8jILW8KfuUHc917loBz0AAjYObg8M4C27oWHnqx82tVv7/",
  "GitHubUrl": "https://github.com/serdna123/ejercicioDevOps",
  "WorkFolder": "_work",
  "UseV2Flow": true,
  "ServerUrlV2": "https://broker.actions.githubusercontent.com/"
}
[2025-11-01 05:27:09Z INFO BrokerMessageListener] Loading Credentials
[2025-11-01 05:27:09Z INFO ConfigurationStore] HasCredentials()
[2025-11-01 05:27:09Z INFO ConfigurationStore] stored True
[2025-11-01 05:27:09Z INFO CredentialManager] GetCredentialProvider
[2025-11-01 05:27:09Z INFO CredentialManager] Creating type OAuth
[2025-11-01 05:27:09Z INFO CredentialManager] Creating credential type: OAuth
[2025-11-01 05:27:09Z INFO HostContext] Well known directory 'Bin': 'D:\Eclipse\devopsExercise\actions-runner\bin'
[2025-11-01 05:27:09Z INFO HostContext] Well known directory 'Root': 'D:\Eclipse\devopsExercise\actions-runner'
[2025-11-01 05:27:09Z INFO HostContext] Well known config file 'RSACredentials': 'D:\Eclipse\devopsExercise\actions-runner\.credentials_rsaparams'
[2025-11-01 05:27:09Z INFO RSAEncryptedFileKeyManager] Loading RSA key parameters from file D:\Eclipse\devopsExercise\actions-runner\.credentials_rsaparams
[2025-11-01 05:27:09Z INFO BrokerMessageListener] Attempt to create session.
[2025-11-01 05:27:09Z INFO BrokerMessageListener] Connecting to the Broker Server...
[2025-11-01 05:27:09Z INFO ConfigurationStore] HasCredentials()
[2025-11-01 05:27:09Z INFO ConfigurationStore] stored True
[2025-11-01 05:27:09Z INFO CredentialManager] GetCredentialProvider
[2025-11-01 05:27:09Z INFO CredentialManager] Creating type OAuth
[2025-11-01 05:27:09Z INFO CredentialManager] Creating credential type: OAuth
[2025-11-01 05:27:09Z INFO RSAEncryptedFileKeyManager] Loading RSA key parameters from file D:\Eclipse\devopsExercise\actions-runner\.credentials_rsaparams
[2025-11-01 05:27:09Z INFO BrokerMessageListener] VssConnection created
[2025-11-01 05:27:09Z INFO BrokerMessageListener] Connecting to the Runner server...
[2025-11-01 05:27:09Z INFO RunnerServer] EstablishVssConnection
[2025-11-01 05:27:09Z INFO RunnerServer] Establish connection with 100 seconds timeout.
[2025-11-01 05:27:09Z INFO GitHubActionsService] Starting operation Location.GetConnectionData
[2025-11-01 05:27:09Z INFO RunnerServer] EstablishVssConnection
[2025-11-01 05:27:09Z INFO RunnerServer] Establish connection with 60 seconds timeout.
[2025-11-01 05:27:09Z INFO GitHubActionsService] Starting operation Location.GetConnectionData
[2025-11-01 05:27:09Z INFO RunnerServer] EstablishVssConnection
[2025-11-01 05:27:09Z INFO RunnerServer] Establish connection with 60 seconds timeout.
[2025-11-01 05:27:09Z INFO GitHubActionsService] Starting operation Location.GetConnectionData
[2025-11-01 05:27:10Z INFO GitHubActionsService] Finished operation Location.GetConnectionData
[2025-11-01 05:27:10Z INFO GitHubActionsService] Finished operation Location.GetConnectionData
[2025-11-01 05:27:10Z INFO GitHubActionsService] Finished operation Location.GetConnectionData
[2025-11-01 05:27:10Z INFO BrokerMessageListener] VssConnection created
[2025-11-01 05:27:10Z INFO Terminal] WRITE LINE: 
[2025-11-01 05:27:10Z INFO Terminal] WRITE LINE: 
[2025-11-01 05:27:10Z INFO RSAEncryptedFileKeyManager] Loading RSA key parameters from file D:\Eclipse\devopsExercise\actions-runner\.credentials_rsaparams
[2025-11-01 05:27:10Z INFO RSAEncryptedFileKeyManager] Loading RSA key parameters from file D:\Eclipse\devopsExercise\actions-runner\.credentials_rsaparams
[2025-11-01 05:27:10Z INFO GitHubActionsService] AAD Correlation ID for this token request: Unknown
[2025-11-01 05:27:11Z INFO BrokerMessageListener] Session created.
[2025-11-01 05:27:11Z INFO Terminal] WRITE LINE: Current runner version: '2.329.0'
[2025-11-01 05:27:11Z INFO Terminal] WRITE LINE: 2025-11-01 05:27:11Z: Listening for Jobs
[2025-11-01 05:27:11Z INFO JobDispatcher] Set runner/worker IPC timeout to 30 seconds.
[2025-11-01 05:27:45Z INFO ConfigurationStore] HasCredentials()
[2025-11-01 05:27:45Z INFO ConfigurationStore] stored True
[2025-11-01 05:27:45Z INFO CredentialManager] GetCredentialProvider
[2025-11-01 05:27:45Z INFO CredentialManager] Creating type OAuth
[2025-11-01 05:27:45Z INFO CredentialManager] Creating credential type: OAuth
[2025-11-01 05:27:45Z INFO RSAEncryptedFileKeyManager] Loading RSA key parameters from file D:\Eclipse\devopsExercise\actions-runner\.credentials_rsaparams
[2025-11-01 05:27:45Z INFO RSAEncryptedFileKeyManager] Loading RSA key parameters from file D:\Eclipse\devopsExercise\actions-runner\.credentials_rsaparams
[2025-11-01 05:27:45Z INFO RSAEncryptedFileKeyManager] Loading RSA key parameters from file D:\Eclipse\devopsExercise\actions-runner\.credentials_rsaparams
[2025-11-01 05:27:45Z INFO GitHubActionsService] AAD Correlation ID for this token request: Unknown
[2025-11-01 05:27:46Z INFO JobDispatcher] Job request 0 for plan 38a5373c-74c0-43a6-9293-39ba3c8c5e62 job 85f6ba2e-4255-5995-8e46-df5994fab092 received.
[2025-11-01 05:27:46Z INFO JobDispatcher] Pull OrchestrationId 38a5373c-74c0-43a6-9293-39ba3c8c5e62.deploy.__default from JWT claims
[2025-11-01 05:27:46Z INFO BrokerMessageListener] Received job status event. JobState: Busy
[2025-11-01 05:27:46Z INFO BrokerMessageListener] _getMessagesTokenSource is already disposed.
[2025-11-01 05:27:46Z INFO Terminal] WRITE LINE: 2025-11-01 05:27:46Z: Running job: deploy
[2025-11-01 05:27:46Z INFO JobDispatcher] Start renew job request 0 for job 85f6ba2e-4255-5995-8e46-df5994fab092.
[2025-11-01 05:27:47Z INFO JobDispatcher] Successfully renew job 85f6ba2e-4255-5995-8e46-df5994fab092, job is valid till 1/11/2025 5:37:47
[2025-11-01 05:27:47Z INFO HostContext] Well known directory 'Bin': 'D:\Eclipse\devopsExercise\actions-runner\bin'
[2025-11-01 05:27:47Z INFO ProcessInvokerWrapper] Starting process:
[2025-11-01 05:27:47Z INFO ProcessInvokerWrapper]   File name: 'D:\Eclipse\devopsExercise\actions-runner\bin\Runner.Worker.exe'
[2025-11-01 05:27:47Z INFO ProcessInvokerWrapper]   Arguments: 'spawnclient 2220 2232'
[2025-11-01 05:27:47Z INFO ProcessInvokerWrapper]   Working directory: 'D:\Eclipse\devopsExercise\actions-runner\bin'
[2025-11-01 05:27:47Z INFO ProcessInvokerWrapper]   Require exit code zero: 'False'
[2025-11-01 05:27:47Z INFO ProcessInvokerWrapper]   Encoding web name:  ; code page: ''
[2025-11-01 05:27:47Z INFO ProcessInvokerWrapper]   Force kill process on cancellation: 'True'
[2025-11-01 05:27:47Z INFO ProcessInvokerWrapper]   Redirected STDIN: 'False'
[2025-11-01 05:27:47Z INFO ProcessInvokerWrapper]   Persist current code page: 'False'
[2025-11-01 05:27:47Z INFO ProcessInvokerWrapper]   Keep redirected STDIN open: 'False'
[2025-11-01 05:27:47Z INFO ProcessInvokerWrapper]   High priority process: 'True'
[2025-11-01 05:27:47Z INFO ProcessInvokerWrapper] Process started with process id 3000, waiting for process exit.
[2025-11-01 05:27:47Z INFO JobDispatcher] Send job request message to worker for job 85f6ba2e-4255-5995-8e46-df5994fab092.
[2025-11-01 05:27:47Z INFO ProcessChannel] Sending message of length 20861, with hash '667b9c995e01519f5e5d1e974b513fda782a3cde1b48c91d38b6472dd300759f'
[2025-11-01 05:27:47Z INFO JobNotification] Entering JobStarted Notification
[2025-11-01 05:27:47Z INFO JobNotification] Entering StartMonitor
[2025-11-01 05:28:47Z INFO JobDispatcher] Successfully renew job 85f6ba2e-4255-5995-8e46-df5994fab092, job is valid till 1/11/2025 5:38:47
[2025-11-01 05:29:47Z INFO JobDispatcher] Successfully renew job 85f6ba2e-4255-5995-8e46-df5994fab092, job is valid till 1/11/2025 5:39:47
[2025-11-01 05:30:47Z INFO JobDispatcher] Successfully renew job 85f6ba2e-4255-5995-8e46-df5994fab092, job is valid till 1/11/2025 5:40:47
[2025-11-01 05:31:47Z INFO JobDispatcher] Successfully renew job 85f6ba2e-4255-5995-8e46-df5994fab092, job is valid till 1/11/2025 5:41:47
[2025-11-01 05:32:47Z INFO JobDispatcher] Successfully renew job 85f6ba2e-4255-5995-8e46-df5994fab092, job is valid till 1/11/2025 5:42:47
[2025-11-01 05:33:47Z INFO JobDispatcher] Successfully renew job 85f6ba2e-4255-5995-8e46-df5994fab092, job is valid till 1/11/2025 5:43:47
[2025-11-01 05:34:47Z INFO JobDispatcher] Successfully renew job 85f6ba2e-4255-5995-8e46-df5994fab092, job is valid till 1/11/2025 5:44:47
[2025-11-01 05:35:47Z INFO JobDispatcher] Successfully renew job 85f6ba2e-4255-5995-8e46-df5994fab092, job is valid till 1/11/2025 5:45:47
[2025-11-01 05:36:48Z INFO JobDispatcher] Successfully renew job 85f6ba2e-4255-5995-8e46-df5994fab092, job is valid till 1/11/2025 5:46:48
[2025-11-01 05:37:48Z INFO JobDispatcher] Successfully renew job 85f6ba2e-4255-5995-8e46-df5994fab092, job is valid till 1/11/2025 5:47:48
[2025-11-01 05:38:48Z INFO JobDispatcher] Successfully renew job 85f6ba2e-4255-5995-8e46-df5994fab092, job is valid till 1/11/2025 5:48:48
[2025-11-01 05:39:48Z INFO JobDispatcher] Successfully renew job 85f6ba2e-4255-5995-8e46-df5994fab092, job is valid till 1/11/2025 5:49:48
