[2025-11-01 06:11:00Z INFO HostContext] No proxy settings were found based on environmental variables (http_proxy/https_proxy/HTTP_PROXY/HTTPS_PROXY)
[2025-11-01 06:11:00Z INFO HostContext] Well known directory 'Bin': 'D:\Eclipse\devopsExercise\actions-runner\bin'
[2025-11-01 06:11:00Z INFO HostContext] Well known directory 'Root': 'D:\Eclipse\devopsExercise\actions-runner'
[2025-11-01 06:11:00Z INFO HostContext] Well known config file 'Credentials': 'D:\Eclipse\devopsExercise\actions-runner\.credentials'
[2025-11-01 06:11:00Z INFO HostContext] Well known directory 'Bin': 'D:\Eclipse\devopsExercise\actions-runner\bin'
[2025-11-01 06:11:00Z INFO HostContext] Well known directory 'Root': 'D:\Eclipse\devopsExercise\actions-runner'
[2025-11-01 06:11:00Z INFO HostContext] Well known config file 'Runner': 'D:\Eclipse\devopsExercise\actions-runner\.runner'
[2025-11-01 06:11:00Z INFO Listener] Runner is built for Windows (X64) - win-x64.
[2025-11-01 06:11:00Z INFO Listener] RuntimeInformation: Microsoft Windows 10.0.19045.
[2025-11-01 06:11:00Z INFO Listener] Version: 2.329.0
[2025-11-01 06:11:00Z INFO Listener] Commit: c76c59996c8fa32e989164a5a695efb12608ae5a
[2025-11-01 06:11:00Z INFO Listener] Culture: es-EC
[2025-11-01 06:11:00Z INFO Listener] UI Culture: en-US
[2025-11-01 06:11:00Z INFO HostContext] Well known directory 'Bin': 'D:\Eclipse\devopsExercise\actions-runner\bin'
[2025-11-01 06:11:00Z INFO HostContext] Well known directory 'Root': 'D:\Eclipse\devopsExercise\actions-runner'
[2025-11-01 06:11:00Z INFO Listener] Validating directory permissions for: 'D:\Eclipse\devopsExercise\actions-runner'
[2025-11-01 06:11:00Z INFO CommandLineParser] Parse
[2025-11-01 06:11:00Z INFO CommandLineParser] Parsing 3 args
[2025-11-01 06:11:00Z INFO CommandLineParser] parsing argument
[2025-11-01 06:11:00Z INFO CommandLineParser] HasArgs: False
[2025-11-01 06:11:00Z INFO CommandLineParser] Adding Command: run
[2025-11-01 06:11:00Z INFO CommandLineParser] parsing argument
[2025-11-01 06:11:00Z INFO CommandLineParser] HasArgs: True
[2025-11-01 06:11:00Z INFO CommandLineParser] arg: startuptype
[2025-11-01 06:11:00Z INFO CommandLineParser] parsing argument
[2025-11-01 06:11:00Z INFO CommandLineParser] HasArgs: True
[2025-11-01 06:11:00Z INFO CommandLineParser] Adding option 'startuptype': 'service'
[2025-11-01 06:11:00Z INFO Listener] Arguments parsed
[2025-11-01 06:11:00Z INFO Runner] ExecuteCommand
[2025-11-01 06:11:00Z INFO ConfigurationStore] currentAssemblyLocation: D:\Eclipse\devopsExercise\actions-runner\bin\Runner.Listener.dll
[2025-11-01 06:11:00Z INFO HostContext] Well known directory 'Bin': 'D:\Eclipse\devopsExercise\actions-runner\bin'
[2025-11-01 06:11:00Z INFO ConfigurationStore] binPath: D:\Eclipse\devopsExercise\actions-runner\bin
[2025-11-01 06:11:00Z INFO HostContext] Well known directory 'Bin': 'D:\Eclipse\devopsExercise\actions-runner\bin'
[2025-11-01 06:11:00Z INFO HostContext] Well known directory 'Root': 'D:\Eclipse\devopsExercise\actions-runner'
[2025-11-01 06:11:00Z INFO ConfigurationStore] RootFolder: D:\Eclipse\devopsExercise\actions-runner
[2025-11-01 06:11:00Z INFO HostContext] Well known directory 'Bin': 'D:\Eclipse\devopsExercise\actions-runner\bin'
[2025-11-01 06:11:00Z INFO HostContext] Well known directory 'Root': 'D:\Eclipse\devopsExercise\actions-runner'
[2025-11-01 06:11:00Z INFO HostContext] Well known config file 'Runner': 'D:\Eclipse\devopsExercise\actions-runner\.runner'
[2025-11-01 06:11:00Z INFO ConfigurationStore] ConfigFilePath: D:\Eclipse\devopsExercise\actions-runner\.runner
[2025-11-01 06:11:00Z INFO HostContext] Well known directory 'Bin': 'D:\Eclipse\devopsExercise\actions-runner\bin'
[2025-11-01 06:11:00Z INFO HostContext] Well known directory 'Root': 'D:\Eclipse\devopsExercise\actions-runner'
[2025-11-01 06:11:00Z INFO HostContext] Well known config file 'MigratedRunner': 'D:\Eclipse\devopsExercise\actions-runner\.runner_migrated'
[2025-11-01 06:11:00Z INFO ConfigurationStore] MigratedConfigFilePath: D:\Eclipse\devopsExercise\actions-runner\.runner_migrated
[2025-11-01 06:11:00Z INFO HostContext] Well known directory 'Bin': 'D:\Eclipse\devopsExercise\actions-runner\bin'
[2025-11-01 06:11:00Z INFO HostContext] Well known directory 'Root': 'D:\Eclipse\devopsExercise\actions-runner'
[2025-11-01 06:11:00Z INFO HostContext] Well known config file 'Credentials': 'D:\Eclipse\devopsExercise\actions-runner\.credentials'
[2025-11-01 06:11:00Z INFO ConfigurationStore] CredFilePath: D:\Eclipse\devopsExercise\actions-runner\.credentials
[2025-11-01 06:11:00Z INFO HostContext] Well known directory 'Bin': 'D:\Eclipse\devopsExercise\actions-runner\bin'
[2025-11-01 06:11:00Z INFO HostContext] Well known directory 'Root': 'D:\Eclipse\devopsExercise\actions-runner'
[2025-11-01 06:11:00Z INFO HostContext] Well known config file 'MigratedCredentials': 'D:\Eclipse\devopsExercise\actions-runner\.credentials_migrated'
[2025-11-01 06:11:00Z INFO ConfigurationStore] MigratedCredFilePath: D:\Eclipse\devopsExercise\actions-runner\.credentials_migrated
[2025-11-01 06:11:00Z INFO HostContext] Well known directory 'Bin': 'D:\Eclipse\devopsExercise\actions-runner\bin'
[2025-11-01 06:11:00Z INFO HostContext] Well known directory 'Root': 'D:\Eclipse\devopsExercise\actions-runner'
[2025-11-01 06:11:00Z INFO HostContext] Well known config file 'Service': 'D:\Eclipse\devopsExercise\actions-runner\.service'
[2025-11-01 06:11:00Z INFO ConfigurationStore] ServiceConfigFilePath: D:\Eclipse\devopsExercise\actions-runner\.service
[2025-11-01 06:11:00Z INFO CommandSettings] Flag 'help': 'False'
[2025-11-01 06:11:00Z INFO CommandSettings] Flag 'version': 'False'
[2025-11-01 06:11:00Z INFO CommandSettings] Flag 'commit': 'False'
[2025-11-01 06:11:00Z INFO CommandSettings] Flag 'check': 'False'
[2025-11-01 06:11:00Z INFO CommandSettings] Command 'configure': 'False'
[2025-11-01 06:11:00Z INFO CommandSettings] Command 'remove': 'False'
[2025-11-01 06:11:00Z INFO CommandSettings] Command 'warmup': 'False'
[2025-11-01 06:11:00Z INFO ConfigurationManager] LoadSettings
[2025-11-01 06:11:00Z INFO ConfigurationStore] IsConfigured()
[2025-11-01 06:11:00Z INFO ConfigurationStore] IsConfigured: True
[2025-11-01 06:11:00Z INFO ConfigurationManager] Is configured: True
[2025-11-01 06:11:00Z INFO ConfigurationStore] Read setting file: 394 chars
[2025-11-01 06:11:00Z INFO ConfigurationManager] Settings Loaded
[2025-11-01 06:11:00Z INFO ConfigurationStore] IsServiceConfigured()
[2025-11-01 06:11:00Z INFO ConfigurationStore] IsServiceConfigured: True
[2025-11-01 06:11:00Z INFO CommandSettings] Command 'run': 'True'
[2025-11-01 06:11:00Z INFO ConfigurationStore] IsConfigured()
[2025-11-01 06:11:00Z INFO ConfigurationStore] IsConfigured: True
[2025-11-01 06:11:00Z INFO ConfigurationManager] Is configured: True
[2025-11-01 06:11:00Z INFO Runner] Set runner startup type - Service
[2025-11-01 06:11:00Z INFO CommandSettings] Flag 'once': 'False'
[2025-11-01 06:11:00Z INFO CommandSettings] Flag 'once': 'False'
[2025-11-01 06:11:00Z INFO Runner] RunAsync
[2025-11-01 06:11:00Z INFO ConfigurationManager] LoadMigratedSettings
[2025-11-01 06:11:00Z INFO ConfigurationStore] IsMigratedConfigured()
[2025-11-01 06:11:00Z INFO ConfigurationStore] IsMigratedConfigured: True
[2025-11-01 06:11:00Z INFO ConfigurationStore] Read migrated setting file: 394 chars
[2025-11-01 06:11:00Z INFO ConfigurationManager] Migrated Settings Loaded
[2025-11-01 06:11:00Z INFO Runner] Loaded migrated settings from .runner_migrated file
[2025-11-01 06:11:00Z INFO Runner] {
  "AgentId": 2,
  "AgentName": "BOTPC",
  "PoolId": 1,
  "PoolName": "Default",
  "ServerUrl": "https://pipelinesghubeus24.actions.githubusercontent.com/jhUIZ8jILW8KfuUHc917loBz0AAjYObg8M4C27oWHnqx82tVv7/",
  "GitHubUrl": "https://github.com/serdna123/ejercicioDevOps",
  "WorkFolder": "_work",
  "UseV2Flow": true,
  "ServerUrlV2": "https://broker.actions.githubusercontent.com/"
}
[2025-11-01 06:11:00Z INFO Runner] Attempting to create session using migrated settings
[2025-11-01 06:11:00Z INFO Runner] Using BrokerMessageListener
[2025-11-01 06:11:00Z INFO BrokerMessageListener] Using provided settings
[2025-11-01 06:11:00Z INFO BrokerMessageListener] Using migrated settings from .runner_migrated
[2025-11-01 06:11:00Z INFO BrokerMessageListener] {
  "AgentId": 2,
  "AgentName": "BOTPC",
  "PoolId": 1,
  "PoolName": "Default",
  "ServerUrl": "https://pipelinesghubeus24.actions.githubusercontent.com/jhUIZ8jILW8KfuUHc917loBz0AAjYObg8M4C27oWHnqx82tVv7/",
  "GitHubUrl": "https://github.com/serdna123/ejercicioDevOps",
  "WorkFolder": "_work",
  "UseV2Flow": true,
  "ServerUrlV2": "https://broker.actions.githubusercontent.com/"
}
[2025-11-01 06:11:00Z INFO BrokerMessageListener] Loading Credentials
[2025-11-01 06:11:00Z INFO ConfigurationStore] HasCredentials()
[2025-11-01 06:11:00Z INFO ConfigurationStore] stored True
[2025-11-01 06:11:00Z INFO CredentialManager] GetCredentialProvider
[2025-11-01 06:11:00Z INFO CredentialManager] Creating type OAuth
[2025-11-01 06:11:00Z INFO CredentialManager] Creating credential type: OAuth
[2025-11-01 06:11:00Z INFO HostContext] Well known directory 'Bin': 'D:\Eclipse\devopsExercise\actions-runner\bin'
[2025-11-01 06:11:00Z INFO HostContext] Well known directory 'Root': 'D:\Eclipse\devopsExercise\actions-runner'
[2025-11-01 06:11:00Z INFO HostContext] Well known config file 'RSACredentials': 'D:\Eclipse\devopsExercise\actions-runner\.credentials_rsaparams'
[2025-11-01 06:11:00Z INFO RSAEncryptedFileKeyManager] Loading RSA key parameters from file D:\Eclipse\devopsExercise\actions-runner\.credentials_rsaparams
[2025-11-01 06:11:00Z INFO BrokerMessageListener] Attempt to create session.
[2025-11-01 06:11:00Z INFO BrokerMessageListener] Connecting to the Broker Server...
[2025-11-01 06:11:00Z INFO ConfigurationStore] HasCredentials()
[2025-11-01 06:11:00Z INFO ConfigurationStore] stored True
[2025-11-01 06:11:00Z INFO CredentialManager] GetCredentialProvider
[2025-11-01 06:11:00Z INFO CredentialManager] Creating type OAuth
[2025-11-01 06:11:00Z INFO CredentialManager] Creating credential type: OAuth
[2025-11-01 06:11:00Z INFO RSAEncryptedFileKeyManager] Loading RSA key parameters from file D:\Eclipse\devopsExercise\actions-runner\.credentials_rsaparams
[2025-11-01 06:11:00Z INFO BrokerMessageListener] VssConnection created
[2025-11-01 06:11:00Z INFO BrokerMessageListener] Connecting to the Runner server...
[2025-11-01 06:11:00Z INFO RunnerServer] EstablishVssConnection
[2025-11-01 06:11:00Z INFO RunnerServer] Establish connection with 100 seconds timeout.
[2025-11-01 06:11:00Z INFO GitHubActionsService] Starting operation Location.GetConnectionData
[2025-11-01 06:11:00Z INFO RunnerServer] EstablishVssConnection
[2025-11-01 06:11:00Z INFO RunnerServer] Establish connection with 60 seconds timeout.
[2025-11-01 06:11:00Z INFO GitHubActionsService] Starting operation Location.GetConnectionData
[2025-11-01 06:11:00Z INFO RunnerServer] EstablishVssConnection
[2025-11-01 06:11:00Z INFO RunnerServer] Establish connection with 60 seconds timeout.
[2025-11-01 06:11:00Z INFO GitHubActionsService] Starting operation Location.GetConnectionData
[2025-11-01 06:11:00Z INFO GitHubActionsService] Finished operation Location.GetConnectionData
[2025-11-01 06:11:00Z INFO GitHubActionsService] Finished operation Location.GetConnectionData
[2025-11-01 06:11:00Z INFO GitHubActionsService] Finished operation Location.GetConnectionData
[2025-11-01 06:11:00Z INFO BrokerMessageListener] VssConnection created
[2025-11-01 06:11:00Z INFO Terminal] WRITE LINE: 
[2025-11-01 06:11:00Z INFO Terminal] WRITE LINE: 
[2025-11-01 06:11:00Z INFO RSAEncryptedFileKeyManager] Loading RSA key parameters from file D:\Eclipse\devopsExercise\actions-runner\.credentials_rsaparams
[2025-11-01 06:11:00Z INFO RSAEncryptedFileKeyManager] Loading RSA key parameters from file D:\Eclipse\devopsExercise\actions-runner\.credentials_rsaparams
[2025-11-01 06:11:01Z INFO GitHubActionsService] AAD Correlation ID for this token request: Unknown
[2025-11-01 06:11:01Z INFO BrokerMessageListener] Session created.
[2025-11-01 06:11:01Z INFO Runner] Successfully created session with migrated settings
[2025-11-01 06:11:01Z INFO Terminal] WRITE LINE: Current runner version: '2.329.0'
[2025-11-01 06:11:01Z INFO Terminal] WRITE LINE: 2025-11-01 06:11:01Z: Listening for Jobs
[2025-11-01 06:11:01Z INFO JobDispatcher] Set runner/worker IPC timeout to 30 seconds.
[2025-11-01 06:14:16Z INFO ConfigurationStore] HasCredentials()
[2025-11-01 06:14:16Z INFO ConfigurationStore] stored True
[2025-11-01 06:14:16Z INFO CredentialManager] GetCredentialProvider
[2025-11-01 06:14:16Z INFO CredentialManager] Creating type OAuth
[2025-11-01 06:14:16Z INFO CredentialManager] Creating credential type: OAuth
[2025-11-01 06:14:16Z INFO RSAEncryptedFileKeyManager] Loading RSA key parameters from file D:\Eclipse\devopsExercise\actions-runner\.credentials_rsaparams
[2025-11-01 06:14:16Z INFO RSAEncryptedFileKeyManager] Loading RSA key parameters from file D:\Eclipse\devopsExercise\actions-runner\.credentials_rsaparams
[2025-11-01 06:14:16Z INFO RSAEncryptedFileKeyManager] Loading RSA key parameters from file D:\Eclipse\devopsExercise\actions-runner\.credentials_rsaparams
[2025-11-01 06:14:16Z INFO GitHubActionsService] AAD Correlation ID for this token request: Unknown
[2025-11-01 06:14:17Z INFO JobDispatcher] Job request 0 for plan ed86cbef-d456-4b13-afc2-e0512c7ceecc job c84abd46-afb5-5a77-bc57-a7b3384e40c4 received.
[2025-11-01 06:14:17Z INFO JobDispatcher] Pull OrchestrationId ed86cbef-d456-4b13-afc2-e0512c7ceecc.deploy.__default from JWT claims
[2025-11-01 06:14:17Z INFO BrokerMessageListener] Received job status event. JobState: Busy
[2025-11-01 06:14:17Z INFO BrokerMessageListener] _getMessagesTokenSource is already disposed.
[2025-11-01 06:14:17Z INFO Terminal] WRITE LINE: 2025-11-01 06:14:17Z: Running job: deploy
[2025-11-01 06:14:17Z INFO JobDispatcher] Start renew job request 0 for job c84abd46-afb5-5a77-bc57-a7b3384e40c4.
[2025-11-01 06:14:17Z INFO JobDispatcher] Successfully renew job c84abd46-afb5-5a77-bc57-a7b3384e40c4, job is valid till 1/11/2025 6:24:18
[2025-11-01 06:14:17Z INFO HostContext] Well known directory 'Bin': 'D:\Eclipse\devopsExercise\actions-runner\bin'
[2025-11-01 06:14:17Z INFO ProcessInvokerWrapper] Starting process:
[2025-11-01 06:14:17Z INFO ProcessInvokerWrapper]   File name: 'D:\Eclipse\devopsExercise\actions-runner\bin\Runner.Worker.exe'
[2025-11-01 06:14:17Z INFO ProcessInvokerWrapper]   Arguments: 'spawnclient 1308 1532'
[2025-11-01 06:14:17Z INFO ProcessInvokerWrapper]   Working directory: 'D:\Eclipse\devopsExercise\actions-runner\bin'
[2025-11-01 06:14:17Z INFO ProcessInvokerWrapper]   Require exit code zero: 'False'
[2025-11-01 06:14:17Z INFO ProcessInvokerWrapper]   Encoding web name:  ; code page: ''
[2025-11-01 06:14:17Z INFO ProcessInvokerWrapper]   Force kill process on cancellation: 'True'
[2025-11-01 06:14:17Z INFO ProcessInvokerWrapper]   Redirected STDIN: 'False'
[2025-11-01 06:14:17Z INFO ProcessInvokerWrapper]   Persist current code page: 'False'
[2025-11-01 06:14:17Z INFO ProcessInvokerWrapper]   Keep redirected STDIN open: 'False'
[2025-11-01 06:14:17Z INFO ProcessInvokerWrapper]   High priority process: 'True'
[2025-11-01 06:14:17Z INFO ProcessInvokerWrapper] Process started with process id 11468, waiting for process exit.
[2025-11-01 06:14:17Z INFO JobDispatcher] Send job request message to worker for job c84abd46-afb5-5a77-bc57-a7b3384e40c4.
[2025-11-01 06:14:18Z INFO ProcessChannel] Sending message of length 20834, with hash '2e92c76b58fe70eb6598629032598e095e3eaab89b51b7c9a04911ce0d576040'
[2025-11-01 06:14:18Z INFO JobNotification] Entering JobStarted Notification
[2025-11-01 06:14:18Z INFO JobNotification] Entering StartMonitor
[2025-11-01 06:15:18Z INFO JobDispatcher] Successfully renew job c84abd46-afb5-5a77-bc57-a7b3384e40c4, job is valid till 1/11/2025 6:25:18
[2025-11-01 06:16:18Z INFO JobDispatcher] Successfully renew job c84abd46-afb5-5a77-bc57-a7b3384e40c4, job is valid till 1/11/2025 6:26:18
[2025-11-01 06:17:18Z INFO JobDispatcher] Successfully renew job c84abd46-afb5-5a77-bc57-a7b3384e40c4, job is valid till 1/11/2025 6:27:18
[2025-11-01 06:17:30Z INFO JobDispatcher] Job cancellation request c84abd46-afb5-5a77-bc57-a7b3384e40c4 received, cancellation timeout 5 minutes.
[2025-11-01 06:17:30Z INFO JobDispatcher] Send job cancellation message to worker for job c84abd46-afb5-5a77-bc57-a7b3384e40c4.
[2025-11-01 06:17:30Z INFO ProcessChannel] Sending message of length 0, with hash 'e3b0c44298fc1c149afbf4c8996fb92427ae41e4649b934ca495991b7852b855'
[2025-11-01 06:17:31Z INFO JobDispatcher] Job cancellation request c84abd46-afb5-5a77-bc57-a7b3384e40c4 received, cancellation timeout 5 minutes.
[2025-11-01 06:17:31Z INFO JobDispatcher] Job cancellation request c84abd46-afb5-5a77-bc57-a7b3384e40c4 received, cancellation timeout 5 minutes.
[2025-11-01 06:17:31Z INFO JobDispatcher] Job cancellation request c84abd46-afb5-5a77-bc57-a7b3384e40c4 received, cancellation timeout 5 minutes.
[2025-11-01 06:17:31Z INFO JobDispatcher] Job cancellation request c84abd46-afb5-5a77-bc57-a7b3384e40c4 received, cancellation timeout 5 minutes.
[2025-11-01 06:17:31Z INFO JobDispatcher] Job cancellation request c84abd46-afb5-5a77-bc57-a7b3384e40c4 received, cancellation timeout 5 minutes.
[2025-11-01 06:17:31Z INFO JobDispatcher] Job cancellation request c84abd46-afb5-5a77-bc57-a7b3384e40c4 received, cancellation timeout 5 minutes.
[2025-11-01 06:17:31Z INFO JobDispatcher] Job cancellation request c84abd46-afb5-5a77-bc57-a7b3384e40c4 received, cancellation timeout 5 minutes.
[2025-11-01 06:17:31Z INFO JobDispatcher] Job cancellation request c84abd46-afb5-5a77-bc57-a7b3384e40c4 received, cancellation timeout 5 minutes.
[2025-11-01 06:17:31Z INFO JobDispatcher] Job cancellation request c84abd46-afb5-5a77-bc57-a7b3384e40c4 received, cancellation timeout 5 minutes.
[2025-11-01 06:17:32Z INFO JobDispatcher] Job cancellation request c84abd46-afb5-5a77-bc57-a7b3384e40c4 received, cancellation timeout 5 minutes.
[2025-11-01 06:17:32Z INFO JobDispatcher] Job cancellation request c84abd46-afb5-5a77-bc57-a7b3384e40c4 received, cancellation timeout 5 minutes.
[2025-11-01 06:17:32Z INFO JobDispatcher] Job cancellation request c84abd46-afb5-5a77-bc57-a7b3384e40c4 received, cancellation timeout 5 minutes.
[2025-11-01 06:17:32Z INFO JobDispatcher] Job cancellation request c84abd46-afb5-5a77-bc57-a7b3384e40c4 received, cancellation timeout 5 minutes.
[2025-11-01 06:17:32Z INFO JobDispatcher] Job cancellation request c84abd46-afb5-5a77-bc57-a7b3384e40c4 received, cancellation timeout 5 minutes.
[2025-11-01 06:17:33Z INFO JobDispatcher] Job cancellation request c84abd46-afb5-5a77-bc57-a7b3384e40c4 received, cancellation timeout 5 minutes.
[2025-11-01 06:17:33Z INFO JobDispatcher] Job cancellation request c84abd46-afb5-5a77-bc57-a7b3384e40c4 received, cancellation timeout 5 minutes.
[2025-11-01 06:17:33Z INFO JobDispatcher] Job cancellation request c84abd46-afb5-5a77-bc57-a7b3384e40c4 received, cancellation timeout 5 minutes.
[2025-11-01 06:17:33Z INFO JobDispatcher] Job cancellation request c84abd46-afb5-5a77-bc57-a7b3384e40c4 received, cancellation timeout 5 minutes.
[2025-11-01 06:17:33Z INFO JobDispatcher] Job cancellation request c84abd46-afb5-5a77-bc57-a7b3384e40c4 received, cancellation timeout 5 minutes.
[2025-11-01 06:17:34Z INFO JobDispatcher] Job cancellation request c84abd46-afb5-5a77-bc57-a7b3384e40c4 received, cancellation timeout 5 minutes.
[2025-11-01 06:17:34Z INFO JobDispatcher] Job cancellation request c84abd46-afb5-5a77-bc57-a7b3384e40c4 received, cancellation timeout 5 minutes.
[2025-11-01 06:17:34Z INFO JobDispatcher] Job cancellation request c84abd46-afb5-5a77-bc57-a7b3384e40c4 received, cancellation timeout 5 minutes.
[2025-11-01 06:17:34Z INFO JobDispatcher] Job cancellation request c84abd46-afb5-5a77-bc57-a7b3384e40c4 received, cancellation timeout 5 minutes.
[2025-11-01 06:17:34Z INFO JobDispatcher] Job cancellation request c84abd46-afb5-5a77-bc57-a7b3384e40c4 received, cancellation timeout 5 minutes.
[2025-11-01 06:17:34Z INFO JobDispatcher] Job cancellation request c84abd46-afb5-5a77-bc57-a7b3384e40c4 received, cancellation timeout 5 minutes.
[2025-11-01 06:17:34Z INFO JobDispatcher] Job cancellation request c84abd46-afb5-5a77-bc57-a7b3384e40c4 received, cancellation timeout 5 minutes.
[2025-11-01 06:17:34Z INFO JobDispatcher] Job cancellation request c84abd46-afb5-5a77-bc57-a7b3384e40c4 received, cancellation timeout 5 minutes.
[2025-11-01 06:17:34Z INFO JobDispatcher] Job cancellation request c84abd46-afb5-5a77-bc57-a7b3384e40c4 received, cancellation timeout 5 minutes.
[2025-11-01 06:17:35Z INFO JobDispatcher] Job cancellation request c84abd46-afb5-5a77-bc57-a7b3384e40c4 received, cancellation timeout 5 minutes.
[2025-11-01 06:17:35Z INFO JobDispatcher] Job cancellation request c84abd46-afb5-5a77-bc57-a7b3384e40c4 received, cancellation timeout 5 minutes.
[2025-11-01 06:17:35Z INFO JobDispatcher] Job cancellation request c84abd46-afb5-5a77-bc57-a7b3384e40c4 received, cancellation timeout 5 minutes.
[2025-11-01 06:17:35Z INFO JobDispatcher] Job cancellation request c84abd46-afb5-5a77-bc57-a7b3384e40c4 received, cancellation timeout 5 minutes.
[2025-11-01 06:17:35Z INFO JobDispatcher] Job cancellation request c84abd46-afb5-5a77-bc57-a7b3384e40c4 received, cancellation timeout 5 minutes.
[2025-11-01 06:17:35Z INFO JobDispatcher] Job cancellation request c84abd46-afb5-5a77-bc57-a7b3384e40c4 received, cancellation timeout 5 minutes.
[2025-11-01 06:17:36Z INFO JobDispatcher] Job cancellation request c84abd46-afb5-5a77-bc57-a7b3384e40c4 received, cancellation timeout 5 minutes.
[2025-11-01 06:17:36Z INFO JobDispatcher] Job cancellation request c84abd46-afb5-5a77-bc57-a7b3384e40c4 received, cancellation timeout 5 minutes.
[2025-11-01 06:17:36Z INFO ProcessInvokerWrapper] STDOUT/STDERR stream read finished.
[2025-11-01 06:17:36Z INFO ProcessInvokerWrapper] STDOUT/STDERR stream read finished.
[2025-11-01 06:17:36Z INFO ProcessInvokerWrapper] Finished process 11468 with exit code 103, and elapsed time 00:03:18.4580878.
[2025-11-01 06:17:36Z INFO JobDispatcher] finish job request for job c84abd46-afb5-5a77-bc57-a7b3384e40c4 with result: Canceled
[2025-11-01 06:17:36Z INFO Terminal] WRITE LINE: 2025-11-01 06:17:36Z: Job deploy completed with result: Canceled
[2025-11-01 06:17:36Z INFO JobDispatcher] Stop renew job request for job c84abd46-afb5-5a77-bc57-a7b3384e40c4.
[2025-11-01 06:17:36Z INFO JobDispatcher] job renew has been cancelled, stop renew job c84abd46-afb5-5a77-bc57-a7b3384e40c4.
[2025-11-01 06:17:36Z INFO JobNotification] Entering JobCompleted Notification
[2025-11-01 06:17:36Z INFO JobNotification] Entering EndMonitor
[2025-11-01 06:17:36Z INFO BrokerMessageListener] Received job status event. JobState: Online
[2025-11-01 06:17:36Z WARN GitHubActionsService] GET request to https://broker.actions.githubusercontent.com/message?sessionId=dac62d39-7a12-45ea-a1da-c9c24c4a6c57&status=Busy&runnerVersion=2.329.0&os=Windows&architecture=X64&disableUpdate=false has been cancelled.
[2025-11-01 06:17:36Z ERR  BrokerServer] Catch exception during request
[2025-11-01 06:17:36Z ERR  BrokerServer] System.Threading.Tasks.TaskCanceledException: The operation was canceled.
 ---> System.Threading.Tasks.TaskCanceledException: The operation was canceled.
 ---> System.IO.IOException: Unable to read data from the transport connection: The I/O operation has been aborted because of either a thread exit or an application request..
 ---> System.Net.Sockets.SocketException (995): The I/O operation has been aborted because of either a thread exit or an application request.
   --- End of inner exception stack trace ---
   at System.Net.Sockets.Socket.AwaitableSocketAsyncEventArgs.ThrowException(SocketError error, CancellationToken cancellationToken)
   at System.Net.Sockets.Socket.AwaitableSocketAsyncEventArgs.System.Threading.Tasks.Sources.IValueTaskSource<System.Int32>.GetResult(Int16 token)
   at System.Net.Security.SslStream.EnsureFullTlsFrameAsync[TIOAdapter](CancellationToken cancellationToken, Int32 estimatedSize)
   at System.Runtime.CompilerServices.PoolingAsyncValueTaskMethodBuilder`1.StateMachineBox`1.System.Threading.Tasks.Sources.IValueTaskSource<TResult>.GetResult(Int16 token)
   at System.Net.Security.SslStream.ReadAsyncInternal[TIOAdapter](Memory`1 buffer, CancellationToken cancellationToken)
   at System.Runtime.CompilerServices.PoolingAsyncValueTaskMethodBuilder`1.StateMachineBox`1.System.Threading.Tasks.Sources.IValueTaskSource<TResult>.GetResult(Int16 token)
   at System.Net.Http.HttpConnection.SendAsync(HttpRequestMessage request, Boolean async, CancellationToken cancellationToken)
   --- End of inner exception stack trace ---
   at System.Net.Http.HttpConnection.SendAsync(HttpRequestMessage request, Boolean async, CancellationToken cancellationToken)
   at System.Net.Http.AuthenticationHelper.SendWithNtAuthAsync(HttpRequestMessage request, Uri authUri, Boolean async, ICredentials credentials, Boolean isProxyAuth, HttpConnection connection, HttpConnectionPool connectionPool, CancellationToken cancellationToken)
   at System.Net.Http.HttpConnectionPool.SendWithVersionDetectionAndRetryAsync(HttpRequestMessage request, Boolean async, Boolean doRequestAuth, CancellationToken cancellationToken)
   at System.Net.Http.AuthenticationHelper.SendWithAuthAsync(HttpRequestMessage request, Uri authUri, Boolean async, ICredentials credentials, Boolean preAuthenticate, Boolean isProxyAuth, Boolean doRequestAuth, HttpConnectionPool pool, CancellationToken cancellationToken)
   at System.Net.Http.RedirectHandler.SendAsync(HttpRequestMessage request, Boolean async, CancellationToken cancellationToken)
   at GitHub.Services.Common.RawHttpMessageHandler.SendAsync(HttpRequestMessage request, CancellationToken cancellationToken)
   at GitHub.Services.Common.VssHttpRetryMessageHandler.SendAsync(HttpRequestMessage request, CancellationToken cancellationToken)
   at System.Net.Http.HttpClient.<SendAsync>g__Core|83_0(HttpRequestMessage request, HttpCompletionOption completionOption, CancellationTokenSource cts, Boolean disposeCts, CancellationTokenSource pendingRequestsCts, CancellationToken originalCancellationToken)
   --- End of inner exception stack trace ---
   at System.Net.Http.HttpClient.HandleFailure(Exception e, Boolean telemetryStarted, HttpResponseMessage response, CancellationTokenSource cts, CancellationToken cancellationToken, CancellationTokenSource pendingRequestsCts)
   at System.Net.Http.HttpClient.<SendAsync>g__Core|83_0(HttpRequestMessage request, HttpCompletionOption completionOption, CancellationTokenSource cts, Boolean disposeCts, CancellationTokenSource pendingRequestsCts, CancellationToken originalCancellationToken)
   at Sdk.WebApi.WebApi.RawHttpClientBase.SendAsync(HttpRequestMessage message, HttpCompletionOption completionOption, Object userState, CancellationToken cancellationToken)
   at Sdk.WebApi.WebApi.RawHttpClientBase.SendAsync[T](HttpRequestMessage message, Boolean readErrorBody, Object userState, CancellationToken cancellationToken)
   at Sdk.WebApi.WebApi.RawHttpClientBase.SendAsync[T](HttpMethod method, IEnumerable`1 additionalHeaders, Uri requestUri, HttpContent content, IEnumerable`1 queryParameters, Boolean readErrorBody, Object userState, CancellationToken cancellationToken)
   at GitHub.Actions.RunService.WebApi.BrokerHttpClient.GetRunnerMessageAsync(Nullable`1 sessionId, String runnerVersion, Nullable`1 status, String os, String architecture, Nullable`1 disableUpdate, CancellationToken cancellationToken)
   at GitHub.Runner.Common.BrokerServer.<>c__DisplayClass7_0.<<GetRunnerMessageAsync>b__0>d.MoveNext()
--- End of stack trace from previous location ---
   at GitHub.Runner.Common.RunnerService.RetryRequest[T](Func`1 func, CancellationToken cancellationToken, Int32 maxAttempts, Func`2 shouldRetry)
[2025-11-01 06:17:36Z ERR  BrokerServer] #####################################################
[2025-11-01 06:17:36Z ERR  BrokerServer] System.Threading.Tasks.TaskCanceledException: The operation was canceled.
 ---> System.IO.IOException: Unable to read data from the transport connection: The I/O operation has been aborted because of either a thread exit or an application request..
 ---> System.Net.Sockets.SocketException (995): The I/O operation has been aborted because of either a thread exit or an application request.
   --- End of inner exception stack trace ---
   at System.Net.Sockets.Socket.AwaitableSocketAsyncEventArgs.ThrowException(SocketError error, CancellationToken cancellationToken)
   at System.Net.Sockets.Socket.AwaitableSocketAsyncEventArgs.System.Threading.Tasks.Sources.IValueTaskSource<System.Int32>.GetResult(Int16 token)
   at System.Net.Security.SslStream.EnsureFullTlsFrameAsync[TIOAdapter](CancellationToken cancellationToken, Int32 estimatedSize)
   at System.Runtime.CompilerServices.PoolingAsyncValueTaskMethodBuilder`1.StateMachineBox`1.System.Threading.Tasks.Sources.IValueTaskSource<TResult>.GetResult(Int16 token)
   at System.Net.Security.SslStream.ReadAsyncInternal[TIOAdapter](Memory`1 buffer, CancellationToken cancellationToken)
   at System.Runtime.CompilerServices.PoolingAsyncValueTaskMethodBuilder`1.StateMachineBox`1.System.Threading.Tasks.Sources.IValueTaskSource<TResult>.GetResult(Int16 token)
   at System.Net.Http.HttpConnection.SendAsync(HttpRequestMessage request, Boolean async, CancellationToken cancellationToken)
   --- End of inner exception stack trace ---
   at System.Net.Http.HttpConnection.SendAsync(HttpRequestMessage request, Boolean async, CancellationToken cancellationToken)
   at System.Net.Http.AuthenticationHelper.SendWithNtAuthAsync(HttpRequestMessage request, Uri authUri, Boolean async, ICredentials credentials, Boolean isProxyAuth, HttpConnection connection, HttpConnectionPool connectionPool, CancellationToken cancellationToken)
   at System.Net.Http.HttpConnectionPool.SendWithVersionDetectionAndRetryAsync(HttpRequestMessage request, Boolean async, Boolean doRequestAuth, CancellationToken cancellationToken)
   at System.Net.Http.AuthenticationHelper.SendWithAuthAsync(HttpRequestMessage request, Uri authUri, Boolean async, ICredentials credentials, Boolean preAuthenticate, Boolean isProxyAuth, Boolean doRequestAuth, HttpConnectionPool pool, CancellationToken cancellationToken)
   at System.Net.Http.RedirectHandler.SendAsync(HttpRequestMessage request, Boolean async, CancellationToken cancellationToken)
   at GitHub.Services.Common.RawHttpMessageHandler.SendAsync(HttpRequestMessage request, CancellationToken cancellationToken)
   at GitHub.Services.Common.VssHttpRetryMessageHandler.SendAsync(HttpRequestMessage request, CancellationToken cancellationToken)
   at System.Net.Http.HttpClient.<SendAsync>g__Core|83_0(HttpRequestMessage request, HttpCompletionOption completionOption, CancellationTokenSource cts, Boolean disposeCts, CancellationTokenSource pendingRequestsCts, CancellationToken originalCancellationToken)
[2025-11-01 06:17:36Z ERR  BrokerServer] #####################################################
[2025-11-01 06:17:36Z ERR  BrokerServer] System.IO.IOException: Unable to read data from the transport connection: The I/O operation has been aborted because of either a thread exit or an application request..
 ---> System.Net.Sockets.SocketException (995): The I/O operation has been aborted because of either a thread exit or an application request.
   --- End of inner exception stack trace ---
   at System.Net.Sockets.Socket.AwaitableSocketAsyncEventArgs.ThrowException(SocketError error, CancellationToken cancellationToken)
   at System.Net.Sockets.Socket.AwaitableSocketAsyncEventArgs.System.Threading.Tasks.Sources.IValueTaskSource<System.Int32>.GetResult(Int16 token)
   at System.Net.Security.SslStream.EnsureFullTlsFrameAsync[TIOAdapter](CancellationToken cancellationToken, Int32 estimatedSize)
   at System.Runtime.CompilerServices.PoolingAsyncValueTaskMethodBuilder`1.StateMachineBox`1.System.Threading.Tasks.Sources.IValueTaskSource<TResult>.GetResult(Int16 token)
   at System.Net.Security.SslStream.ReadAsyncInternal[TIOAdapter](Memory`1 buffer, CancellationToken cancellationToken)
   at System.Runtime.CompilerServices.PoolingAsyncValueTaskMethodBuilder`1.StateMachineBox`1.System.Threading.Tasks.Sources.IValueTaskSource<TResult>.GetResult(Int16 token)
   at System.Net.Http.HttpConnection.SendAsync(HttpRequestMessage request, Boolean async, CancellationToken cancellationToken)
[2025-11-01 06:17:36Z ERR  BrokerServer] #####################################################
[2025-11-01 06:17:36Z ERR  BrokerServer] System.Net.Sockets.SocketException (995): The I/O operation has been aborted because of either a thread exit or an application request.
[2025-11-01 06:17:36Z WARN BrokerServer] Back off 12,227 seconds before next retry. 4 attempt left.
[2025-11-01 06:17:36Z INFO BrokerMessageListener] Get messages has been cancelled using local token source. Continue to get messages with new status.
[2025-11-01 06:22:19Z INFO ConfigurationStore] HasCredentials()
[2025-11-01 06:22:19Z INFO ConfigurationStore] stored True
[2025-11-01 06:22:19Z INFO CredentialManager] GetCredentialProvider
[2025-11-01 06:22:19Z INFO CredentialManager] Creating type OAuth
[2025-11-01 06:22:19Z INFO CredentialManager] Creating credential type: OAuth
[2025-11-01 06:22:19Z INFO RSAEncryptedFileKeyManager] Loading RSA key parameters from file D:\Eclipse\devopsExercise\actions-runner\.credentials_rsaparams
[2025-11-01 06:22:19Z INFO RSAEncryptedFileKeyManager] Loading RSA key parameters from file D:\Eclipse\devopsExercise\actions-runner\.credentials_rsaparams
[2025-11-01 06:22:19Z INFO RSAEncryptedFileKeyManager] Loading RSA key parameters from file D:\Eclipse\devopsExercise\actions-runner\.credentials_rsaparams
[2025-11-01 06:22:20Z INFO GitHubActionsService] AAD Correlation ID for this token request: Unknown
[2025-11-01 06:22:20Z INFO JobDispatcher] Job request 0 for plan 87373555-a858-4e1b-b517-f153e0de814f job 7acce850-9afb-51b8-a946-e7ded0276329 received.
[2025-11-01 06:22:20Z INFO JobDispatcher] Pull OrchestrationId 87373555-a858-4e1b-b517-f153e0de814f.deploy.__default from JWT claims
[2025-11-01 06:22:20Z INFO BrokerMessageListener] Received job status event. JobState: Busy
[2025-11-01 06:22:20Z INFO BrokerMessageListener] _getMessagesTokenSource is already disposed.
[2025-11-01 06:22:20Z INFO JobDispatcher] Job request c84abd46-afb5-5a77-bc57-a7b3384e40c4 processed succeed.
[2025-11-01 06:22:20Z INFO Terminal] WRITE LINE: 2025-11-01 06:22:20Z: Running job: deploy
[2025-11-01 06:22:20Z INFO JobDispatcher] Start renew job request 0 for job 7acce850-9afb-51b8-a946-e7ded0276329.
[2025-11-01 06:22:21Z INFO JobDispatcher] Successfully renew job 7acce850-9afb-51b8-a946-e7ded0276329, job is valid till 1/11/2025 6:32:21
[2025-11-01 06:22:21Z INFO HostContext] Well known directory 'Bin': 'D:\Eclipse\devopsExercise\actions-runner\bin'
[2025-11-01 06:22:21Z INFO ProcessInvokerWrapper] Starting process:
[2025-11-01 06:22:21Z INFO ProcessInvokerWrapper]   File name: 'D:\Eclipse\devopsExercise\actions-runner\bin\Runner.Worker.exe'
[2025-11-01 06:22:21Z INFO ProcessInvokerWrapper]   Arguments: 'spawnclient 1776 1772'
[2025-11-01 06:22:21Z INFO ProcessInvokerWrapper]   Working directory: 'D:\Eclipse\devopsExercise\actions-runner\bin'
[2025-11-01 06:22:21Z INFO ProcessInvokerWrapper]   Require exit code zero: 'False'
[2025-11-01 06:22:21Z INFO ProcessInvokerWrapper]   Encoding web name:  ; code page: ''
[2025-11-01 06:22:21Z INFO ProcessInvokerWrapper]   Force kill process on cancellation: 'True'
[2025-11-01 06:22:21Z INFO ProcessInvokerWrapper]   Redirected STDIN: 'False'
[2025-11-01 06:22:21Z INFO ProcessInvokerWrapper]   Persist current code page: 'False'
[2025-11-01 06:22:21Z INFO ProcessInvokerWrapper]   Keep redirected STDIN open: 'False'
[2025-11-01 06:22:21Z INFO ProcessInvokerWrapper]   High priority process: 'True'
[2025-11-01 06:22:21Z INFO ProcessInvokerWrapper] Process started with process id 15712, waiting for process exit.
[2025-11-01 06:22:21Z INFO JobDispatcher] Send job request message to worker for job 7acce850-9afb-51b8-a946-e7ded0276329.
[2025-11-01 06:22:21Z INFO ProcessChannel] Sending message of length 20858, with hash '526781a7fc1e36cc385f6cabf75510a940887467381b54944ab2a9e3f2d5b8b3'
[2025-11-01 06:22:21Z INFO JobNotification] Entering JobStarted Notification
[2025-11-01 06:22:21Z INFO JobNotification] Entering StartMonitor
[2025-11-01 06:23:21Z INFO JobDispatcher] Successfully renew job 7acce850-9afb-51b8-a946-e7ded0276329, job is valid till 1/11/2025 6:33:21
[2025-11-01 06:24:21Z INFO JobDispatcher] Successfully renew job 7acce850-9afb-51b8-a946-e7ded0276329, job is valid till 1/11/2025 6:34:21
[2025-11-01 06:24:54Z INFO JobDispatcher] Job cancellation request 7acce850-9afb-51b8-a946-e7ded0276329 received, cancellation timeout 5 minutes.
[2025-11-01 06:24:54Z INFO JobDispatcher] Send job cancellation message to worker for job 7acce850-9afb-51b8-a946-e7ded0276329.
[2025-11-01 06:24:54Z INFO ProcessChannel] Sending message of length 0, with hash 'e3b0c44298fc1c149afbf4c8996fb92427ae41e4649b934ca495991b7852b855'
[2025-11-01 06:24:54Z INFO JobDispatcher] Job cancellation request 7acce850-9afb-51b8-a946-e7ded0276329 received, cancellation timeout 5 minutes.
[2025-11-01 06:24:54Z INFO JobDispatcher] Job cancellation request 7acce850-9afb-51b8-a946-e7ded0276329 received, cancellation timeout 5 minutes.
[2025-11-01 06:24:54Z INFO JobDispatcher] Job cancellation request 7acce850-9afb-51b8-a946-e7ded0276329 received, cancellation timeout 5 minutes.
[2025-11-01 06:24:54Z INFO JobDispatcher] Job cancellation request 7acce850-9afb-51b8-a946-e7ded0276329 received, cancellation timeout 5 minutes.
[2025-11-01 06:24:55Z INFO JobDispatcher] Job cancellation request 7acce850-9afb-51b8-a946-e7ded0276329 received, cancellation timeout 5 minutes.
[2025-11-01 06:24:55Z INFO JobDispatcher] Job cancellation request 7acce850-9afb-51b8-a946-e7ded0276329 received, cancellation timeout 5 minutes.
[2025-11-01 06:24:55Z INFO JobDispatcher] Job cancellation request 7acce850-9afb-51b8-a946-e7ded0276329 received, cancellation timeout 5 minutes.
[2025-11-01 06:24:55Z INFO JobDispatcher] Job cancellation request 7acce850-9afb-51b8-a946-e7ded0276329 received, cancellation timeout 5 minutes.
[2025-11-01 06:24:55Z INFO JobDispatcher] Job cancellation request 7acce850-9afb-51b8-a946-e7ded0276329 received, cancellation timeout 5 minutes.
[2025-11-01 06:24:55Z INFO JobDispatcher] Job cancellation request 7acce850-9afb-51b8-a946-e7ded0276329 received, cancellation timeout 5 minutes.
[2025-11-01 06:24:55Z INFO JobDispatcher] Job cancellation request 7acce850-9afb-51b8-a946-e7ded0276329 received, cancellation timeout 5 minutes.
[2025-11-01 06:24:55Z INFO JobDispatcher] Job cancellation request 7acce850-9afb-51b8-a946-e7ded0276329 received, cancellation timeout 5 minutes.
[2025-11-01 06:24:55Z INFO JobDispatcher] Job cancellation request 7acce850-9afb-51b8-a946-e7ded0276329 received, cancellation timeout 5 minutes.
[2025-11-01 06:24:56Z INFO JobDispatcher] Job cancellation request 7acce850-9afb-51b8-a946-e7ded0276329 received, cancellation timeout 5 minutes.
[2025-11-01 06:24:56Z INFO JobDispatcher] Job cancellation request 7acce850-9afb-51b8-a946-e7ded0276329 received, cancellation timeout 5 minutes.
[2025-11-01 06:24:56Z INFO JobDispatcher] Job cancellation request 7acce850-9afb-51b8-a946-e7ded0276329 received, cancellation timeout 5 minutes.
[2025-11-01 06:24:56Z INFO JobDispatcher] Job cancellation request 7acce850-9afb-51b8-a946-e7ded0276329 received, cancellation timeout 5 minutes.
[2025-11-01 06:24:56Z INFO JobDispatcher] Job cancellation request 7acce850-9afb-51b8-a946-e7ded0276329 received, cancellation timeout 5 minutes.
[2025-11-01 06:24:56Z INFO JobDispatcher] Job cancellation request 7acce850-9afb-51b8-a946-e7ded0276329 received, cancellation timeout 5 minutes.
[2025-11-01 06:24:56Z INFO JobDispatcher] Job cancellation request 7acce850-9afb-51b8-a946-e7ded0276329 received, cancellation timeout 5 minutes.
[2025-11-01 06:24:56Z INFO JobDispatcher] Job cancellation request 7acce850-9afb-51b8-a946-e7ded0276329 received, cancellation timeout 5 minutes.
[2025-11-01 06:24:56Z INFO JobDispatcher] Job cancellation request 7acce850-9afb-51b8-a946-e7ded0276329 received, cancellation timeout 5 minutes.
[2025-11-01 06:24:57Z INFO JobDispatcher] Job cancellation request 7acce850-9afb-51b8-a946-e7ded0276329 received, cancellation timeout 5 minutes.
[2025-11-01 06:24:57Z INFO JobDispatcher] Job cancellation request 7acce850-9afb-51b8-a946-e7ded0276329 received, cancellation timeout 5 minutes.
[2025-11-01 06:24:57Z INFO JobDispatcher] Job cancellation request 7acce850-9afb-51b8-a946-e7ded0276329 received, cancellation timeout 5 minutes.
[2025-11-01 06:24:57Z INFO JobDispatcher] Job cancellation request 7acce850-9afb-51b8-a946-e7ded0276329 received, cancellation timeout 5 minutes.
[2025-11-01 06:24:57Z INFO JobDispatcher] Job cancellation request 7acce850-9afb-51b8-a946-e7ded0276329 received, cancellation timeout 5 minutes.
[2025-11-01 06:24:57Z INFO JobDispatcher] Job cancellation request 7acce850-9afb-51b8-a946-e7ded0276329 received, cancellation timeout 5 minutes.
[2025-11-01 06:24:58Z INFO JobDispatcher] Job cancellation request 7acce850-9afb-51b8-a946-e7ded0276329 received, cancellation timeout 5 minutes.
[2025-11-01 06:24:58Z INFO JobDispatcher] Job cancellation request 7acce850-9afb-51b8-a946-e7ded0276329 received, cancellation timeout 5 minutes.
[2025-11-01 06:24:58Z INFO ProcessInvokerWrapper] STDOUT/STDERR stream read finished.
[2025-11-01 06:24:58Z INFO ProcessInvokerWrapper] STDOUT/STDERR stream read finished.
[2025-11-01 06:24:58Z INFO ProcessInvokerWrapper] Finished process 15712 with exit code 103, and elapsed time 00:02:36.8964270.
[2025-11-01 06:24:58Z INFO JobDispatcher] finish job request for job 7acce850-9afb-51b8-a946-e7ded0276329 with result: Canceled
[2025-11-01 06:24:58Z INFO Terminal] WRITE LINE: 2025-11-01 06:24:58Z: Job deploy completed with result: Canceled
[2025-11-01 06:24:58Z INFO JobDispatcher] Stop renew job request for job 7acce850-9afb-51b8-a946-e7ded0276329.
[2025-11-01 06:24:58Z INFO JobDispatcher] job renew has been cancelled, stop renew job 7acce850-9afb-51b8-a946-e7ded0276329.
[2025-11-01 06:24:58Z INFO JobNotification] Entering JobCompleted Notification
[2025-11-01 06:24:58Z INFO JobNotification] Entering EndMonitor
[2025-11-01 06:24:58Z INFO BrokerMessageListener] Received job status event. JobState: Online
[2025-11-01 06:24:58Z WARN GitHubActionsService] GET request to https://broker.actions.githubusercontent.com/message?sessionId=dac62d39-7a12-45ea-a1da-c9c24c4a6c57&status=Busy&runnerVersion=2.329.0&os=Windows&architecture=X64&disableUpdate=false has been cancelled.
[2025-11-01 06:24:58Z ERR  BrokerServer] Catch exception during request
[2025-11-01 06:24:58Z ERR  BrokerServer] System.Threading.Tasks.TaskCanceledException: The operation was canceled.
 ---> System.Threading.Tasks.TaskCanceledException: The operation was canceled.
 ---> System.IO.IOException: Unable to read data from the transport connection: The I/O operation has been aborted because of either a thread exit or an application request..
 ---> System.Net.Sockets.SocketException (995): The I/O operation has been aborted because of either a thread exit or an application request.
   --- End of inner exception stack trace ---
   at System.Net.Sockets.Socket.AwaitableSocketAsyncEventArgs.ThrowException(SocketError error, CancellationToken cancellationToken)
   at System.Net.Sockets.Socket.AwaitableSocketAsyncEventArgs.System.Threading.Tasks.Sources.IValueTaskSource<System.Int32>.GetResult(Int16 token)
   at System.Net.Security.SslStream.EnsureFullTlsFrameAsync[TIOAdapter](CancellationToken cancellationToken, Int32 estimatedSize)
   at System.Runtime.CompilerServices.PoolingAsyncValueTaskMethodBuilder`1.StateMachineBox`1.System.Threading.Tasks.Sources.IValueTaskSource<TResult>.GetResult(Int16 token)
   at System.Net.Security.SslStream.ReadAsyncInternal[TIOAdapter](Memory`1 buffer, CancellationToken cancellationToken)
   at System.Runtime.CompilerServices.PoolingAsyncValueTaskMethodBuilder`1.StateMachineBox`1.System.Threading.Tasks.Sources.IValueTaskSource<TResult>.GetResult(Int16 token)
   at System.Net.Http.HttpConnection.SendAsync(HttpRequestMessage request, Boolean async, CancellationToken cancellationToken)
   --- End of inner exception stack trace ---
   at System.Net.Http.HttpConnection.SendAsync(HttpRequestMessage request, Boolean async, CancellationToken cancellationToken)
   at System.Net.Http.AuthenticationHelper.SendWithNtAuthAsync(HttpRequestMessage request, Uri authUri, Boolean async, ICredentials credentials, Boolean isProxyAuth, HttpConnection connection, HttpConnectionPool connectionPool, CancellationToken cancellationToken)
   at System.Net.Http.HttpConnectionPool.SendWithVersionDetectionAndRetryAsync(HttpRequestMessage request, Boolean async, Boolean doRequestAuth, CancellationToken cancellationToken)
   at System.Net.Http.AuthenticationHelper.SendWithAuthAsync(HttpRequestMessage request, Uri authUri, Boolean async, ICredentials credentials, Boolean preAuthenticate, Boolean isProxyAuth, Boolean doRequestAuth, HttpConnectionPool pool, CancellationToken cancellationToken)
   at System.Net.Http.RedirectHandler.SendAsync(HttpRequestMessage request, Boolean async, CancellationToken cancellationToken)
   at GitHub.Services.Common.RawHttpMessageHandler.SendAsync(HttpRequestMessage request, CancellationToken cancellationToken)
   at GitHub.Services.Common.VssHttpRetryMessageHandler.SendAsync(HttpRequestMessage request, CancellationToken cancellationToken)
   at System.Net.Http.HttpClient.<SendAsync>g__Core|83_0(HttpRequestMessage request, HttpCompletionOption completionOption, CancellationTokenSource cts, Boolean disposeCts, CancellationTokenSource pendingRequestsCts, CancellationToken originalCancellationToken)
   --- End of inner exception stack trace ---
   at System.Net.Http.HttpClient.HandleFailure(Exception e, Boolean telemetryStarted, HttpResponseMessage response, CancellationTokenSource cts, CancellationToken cancellationToken, CancellationTokenSource pendingRequestsCts)
   at System.Net.Http.HttpClient.<SendAsync>g__Core|83_0(HttpRequestMessage request, HttpCompletionOption completionOption, CancellationTokenSource cts, Boolean disposeCts, CancellationTokenSource pendingRequestsCts, CancellationToken originalCancellationToken)
   at Sdk.WebApi.WebApi.RawHttpClientBase.SendAsync(HttpRequestMessage message, HttpCompletionOption completionOption, Object userState, CancellationToken cancellationToken)
   at Sdk.WebApi.WebApi.RawHttpClientBase.SendAsync[T](HttpRequestMessage message, Boolean readErrorBody, Object userState, CancellationToken cancellationToken)
   at Sdk.WebApi.WebApi.RawHttpClientBase.SendAsync[T](HttpMethod method, IEnumerable`1 additionalHeaders, Uri requestUri, HttpContent content, IEnumerable`1 queryParameters, Boolean readErrorBody, Object userState, CancellationToken cancellationToken)
   at GitHub.Actions.RunService.WebApi.BrokerHttpClient.GetRunnerMessageAsync(Nullable`1 sessionId, String runnerVersion, Nullable`1 status, String os, String architecture, Nullable`1 disableUpdate, CancellationToken cancellationToken)
   at GitHub.Runner.Common.BrokerServer.<>c__DisplayClass7_0.<<GetRunnerMessageAsync>b__0>d.MoveNext()
--- End of stack trace from previous location ---
   at GitHub.Runner.Common.RunnerService.RetryRequest[T](Func`1 func, CancellationToken cancellationToken, Int32 maxAttempts, Func`2 shouldRetry)
[2025-11-01 06:24:58Z ERR  BrokerServer] #####################################################
[2025-11-01 06:24:58Z ERR  BrokerServer] System.Threading.Tasks.TaskCanceledException: The operation was canceled.
 ---> System.IO.IOException: Unable to read data from the transport connection: The I/O operation has been aborted because of either a thread exit or an application request..
 ---> System.Net.Sockets.SocketException (995): The I/O operation has been aborted because of either a thread exit or an application request.
   --- End of inner exception stack trace ---
   at System.Net.Sockets.Socket.AwaitableSocketAsyncEventArgs.ThrowException(SocketError error, CancellationToken cancellationToken)
   at System.Net.Sockets.Socket.AwaitableSocketAsyncEventArgs.System.Threading.Tasks.Sources.IValueTaskSource<System.Int32>.GetResult(Int16 token)
   at System.Net.Security.SslStream.EnsureFullTlsFrameAsync[TIOAdapter](CancellationToken cancellationToken, Int32 estimatedSize)
   at System.Runtime.CompilerServices.PoolingAsyncValueTaskMethodBuilder`1.StateMachineBox`1.System.Threading.Tasks.Sources.IValueTaskSource<TResult>.GetResult(Int16 token)
   at System.Net.Security.SslStream.ReadAsyncInternal[TIOAdapter](Memory`1 buffer, CancellationToken cancellationToken)
   at System.Runtime.CompilerServices.PoolingAsyncValueTaskMethodBuilder`1.StateMachineBox`1.System.Threading.Tasks.Sources.IValueTaskSource<TResult>.GetResult(Int16 token)
   at System.Net.Http.HttpConnection.SendAsync(HttpRequestMessage request, Boolean async, CancellationToken cancellationToken)
   --- End of inner exception stack trace ---
   at System.Net.Http.HttpConnection.SendAsync(HttpRequestMessage request, Boolean async, CancellationToken cancellationToken)
   at System.Net.Http.AuthenticationHelper.SendWithNtAuthAsync(HttpRequestMessage request, Uri authUri, Boolean async, ICredentials credentials, Boolean isProxyAuth, HttpConnection connection, HttpConnectionPool connectionPool, CancellationToken cancellationToken)
   at System.Net.Http.HttpConnectionPool.SendWithVersionDetectionAndRetryAsync(HttpRequestMessage request, Boolean async, Boolean doRequestAuth, CancellationToken cancellationToken)
   at System.Net.Http.AuthenticationHelper.SendWithAuthAsync(HttpRequestMessage request, Uri authUri, Boolean async, ICredentials credentials, Boolean preAuthenticate, Boolean isProxyAuth, Boolean doRequestAuth, HttpConnectionPool pool, CancellationToken cancellationToken)
   at System.Net.Http.RedirectHandler.SendAsync(HttpRequestMessage request, Boolean async, CancellationToken cancellationToken)
   at GitHub.Services.Common.RawHttpMessageHandler.SendAsync(HttpRequestMessage request, CancellationToken cancellationToken)
   at GitHub.Services.Common.VssHttpRetryMessageHandler.SendAsync(HttpRequestMessage request, CancellationToken cancellationToken)
   at System.Net.Http.HttpClient.<SendAsync>g__Core|83_0(HttpRequestMessage request, HttpCompletionOption completionOption, CancellationTokenSource cts, Boolean disposeCts, CancellationTokenSource pendingRequestsCts, CancellationToken originalCancellationToken)
[2025-11-01 06:24:58Z ERR  BrokerServer] #####################################################
[2025-11-01 06:24:58Z ERR  BrokerServer] System.IO.IOException: Unable to read data from the transport connection: The I/O operation has been aborted because of either a thread exit or an application request..
 ---> System.Net.Sockets.SocketException (995): The I/O operation has been aborted because of either a thread exit or an application request.
   --- End of inner exception stack trace ---
   at System.Net.Sockets.Socket.AwaitableSocketAsyncEventArgs.ThrowException(SocketError error, CancellationToken cancellationToken)
   at System.Net.Sockets.Socket.AwaitableSocketAsyncEventArgs.System.Threading.Tasks.Sources.IValueTaskSource<System.Int32>.GetResult(Int16 token)
   at System.Net.Security.SslStream.EnsureFullTlsFrameAsync[TIOAdapter](CancellationToken cancellationToken, Int32 estimatedSize)
   at System.Runtime.CompilerServices.PoolingAsyncValueTaskMethodBuilder`1.StateMachineBox`1.System.Threading.Tasks.Sources.IValueTaskSource<TResult>.GetResult(Int16 token)
   at System.Net.Security.SslStream.ReadAsyncInternal[TIOAdapter](Memory`1 buffer, CancellationToken cancellationToken)
   at System.Runtime.CompilerServices.PoolingAsyncValueTaskMethodBuilder`1.StateMachineBox`1.System.Threading.Tasks.Sources.IValueTaskSource<TResult>.GetResult(Int16 token)
   at System.Net.Http.HttpConnection.SendAsync(HttpRequestMessage request, Boolean async, CancellationToken cancellationToken)
[2025-11-01 06:24:58Z ERR  BrokerServer] #####################################################
[2025-11-01 06:24:58Z ERR  BrokerServer] System.Net.Sockets.SocketException (995): The I/O operation has been aborted because of either a thread exit or an application request.
[2025-11-01 06:24:58Z WARN BrokerServer] Back off 14,237 seconds before next retry. 4 attempt left.
[2025-11-01 06:24:58Z INFO BrokerMessageListener] Get messages has been cancelled using local token source. Continue to get messages with new status.
[2025-11-01 06:25:30Z INFO ConfigurationStore] HasCredentials()
[2025-11-01 06:25:30Z INFO ConfigurationStore] stored True
[2025-11-01 06:25:30Z INFO CredentialManager] GetCredentialProvider
[2025-11-01 06:25:30Z INFO CredentialManager] Creating type OAuth
[2025-11-01 06:25:30Z INFO CredentialManager] Creating credential type: OAuth
[2025-11-01 06:25:30Z INFO RSAEncryptedFileKeyManager] Loading RSA key parameters from file D:\Eclipse\devopsExercise\actions-runner\.credentials_rsaparams
[2025-11-01 06:25:30Z INFO RSAEncryptedFileKeyManager] Loading RSA key parameters from file D:\Eclipse\devopsExercise\actions-runner\.credentials_rsaparams
[2025-11-01 06:25:30Z INFO RSAEncryptedFileKeyManager] Loading RSA key parameters from file D:\Eclipse\devopsExercise\actions-runner\.credentials_rsaparams
[2025-11-01 06:25:30Z INFO GitHubActionsService] AAD Correlation ID for this token request: Unknown
[2025-11-01 06:25:31Z INFO JobDispatcher] Job request 0 for plan 86f1ae14-e4ab-40b8-bf01-3d790c91a0ad job 388fdfa5-ac79-56eb-a410-0d33032412a7 received.
[2025-11-01 06:25:31Z INFO JobDispatcher] Pull OrchestrationId 86f1ae14-e4ab-40b8-bf01-3d790c91a0ad.deploy.__default from JWT claims
[2025-11-01 06:25:31Z INFO BrokerMessageListener] Received job status event. JobState: Busy
[2025-11-01 06:25:31Z INFO BrokerMessageListener] _getMessagesTokenSource is already disposed.
[2025-11-01 06:25:31Z INFO JobDispatcher] Job request 7acce850-9afb-51b8-a946-e7ded0276329 processed succeed.
[2025-11-01 06:25:31Z INFO Terminal] WRITE LINE: 2025-11-01 06:25:31Z: Running job: deploy
[2025-11-01 06:25:31Z INFO JobDispatcher] Start renew job request 0 for job 388fdfa5-ac79-56eb-a410-0d33032412a7.
[2025-11-01 06:25:31Z INFO JobDispatcher] Successfully renew job 388fdfa5-ac79-56eb-a410-0d33032412a7, job is valid till 1/11/2025 6:35:31
[2025-11-01 06:25:31Z INFO HostContext] Well known directory 'Bin': 'D:\Eclipse\devopsExercise\actions-runner\bin'
[2025-11-01 06:25:31Z INFO ProcessInvokerWrapper] Starting process:
[2025-11-01 06:25:31Z INFO ProcessInvokerWrapper]   File name: 'D:\Eclipse\devopsExercise\actions-runner\bin\Runner.Worker.exe'
[2025-11-01 06:25:31Z INFO ProcessInvokerWrapper]   Arguments: 'spawnclient 2408 2420'
[2025-11-01 06:25:31Z INFO ProcessInvokerWrapper]   Working directory: 'D:\Eclipse\devopsExercise\actions-runner\bin'
[2025-11-01 06:25:31Z INFO ProcessInvokerWrapper]   Require exit code zero: 'False'
[2025-11-01 06:25:31Z INFO ProcessInvokerWrapper]   Encoding web name:  ; code page: ''
[2025-11-01 06:25:31Z INFO ProcessInvokerWrapper]   Force kill process on cancellation: 'True'
[2025-11-01 06:25:31Z INFO ProcessInvokerWrapper]   Redirected STDIN: 'False'
[2025-11-01 06:25:31Z INFO ProcessInvokerWrapper]   Persist current code page: 'False'
[2025-11-01 06:25:31Z INFO ProcessInvokerWrapper]   Keep redirected STDIN open: 'False'
[2025-11-01 06:25:31Z INFO ProcessInvokerWrapper]   High priority process: 'True'
[2025-11-01 06:25:31Z INFO ProcessInvokerWrapper] Process started with process id 11476, waiting for process exit.
[2025-11-01 06:25:31Z INFO JobDispatcher] Send job request message to worker for job 388fdfa5-ac79-56eb-a410-0d33032412a7.
[2025-11-01 06:25:31Z INFO ProcessChannel] Sending message of length 20972, with hash 'cb4cf7fac9d4751e45259bde28c88409f87f16df84f0eace22c0782325c204fb'
[2025-11-01 06:25:31Z INFO JobNotification] Entering JobStarted Notification
[2025-11-01 06:25:31Z INFO JobNotification] Entering StartMonitor
[2025-11-01 06:26:31Z INFO JobDispatcher] Successfully renew job 388fdfa5-ac79-56eb-a410-0d33032412a7, job is valid till 1/11/2025 6:36:31
[2025-11-01 06:27:31Z INFO JobDispatcher] Successfully renew job 388fdfa5-ac79-56eb-a410-0d33032412a7, job is valid till 1/11/2025 6:37:31
[2025-11-01 06:28:31Z INFO JobDispatcher] Successfully renew job 388fdfa5-ac79-56eb-a410-0d33032412a7, job is valid till 1/11/2025 6:38:31
[2025-11-01 06:29:31Z INFO JobDispatcher] Successfully renew job 388fdfa5-ac79-56eb-a410-0d33032412a7, job is valid till 1/11/2025 6:39:31
[2025-11-01 06:30:32Z INFO JobDispatcher] Successfully renew job 388fdfa5-ac79-56eb-a410-0d33032412a7, job is valid till 1/11/2025 6:40:32
[2025-11-01 06:31:32Z INFO JobDispatcher] Successfully renew job 388fdfa5-ac79-56eb-a410-0d33032412a7, job is valid till 1/11/2025 6:41:32
[2025-11-01 06:32:32Z INFO JobDispatcher] Successfully renew job 388fdfa5-ac79-56eb-a410-0d33032412a7, job is valid till 1/11/2025 6:42:32
[2025-11-01 06:32:56Z INFO JobDispatcher] Job cancellation request 388fdfa5-ac79-56eb-a410-0d33032412a7 received, cancellation timeout 5 minutes.
[2025-11-01 06:32:56Z INFO JobDispatcher] Send job cancellation message to worker for job 388fdfa5-ac79-56eb-a410-0d33032412a7.
[2025-11-01 06:32:56Z INFO ProcessChannel] Sending message of length 0, with hash 'e3b0c44298fc1c149afbf4c8996fb92427ae41e4649b934ca495991b7852b855'
[2025-11-01 06:32:56Z INFO JobDispatcher] Job cancellation request 388fdfa5-ac79-56eb-a410-0d33032412a7 received, cancellation timeout 5 minutes.
[2025-11-01 06:32:56Z INFO JobDispatcher] Job cancellation request 388fdfa5-ac79-56eb-a410-0d33032412a7 received, cancellation timeout 5 minutes.
[2025-11-01 06:32:57Z INFO JobDispatcher] Job cancellation request 388fdfa5-ac79-56eb-a410-0d33032412a7 received, cancellation timeout 5 minutes.
[2025-11-01 06:32:57Z INFO JobDispatcher] Job cancellation request 388fdfa5-ac79-56eb-a410-0d33032412a7 received, cancellation timeout 5 minutes.
[2025-11-01 06:32:57Z INFO JobDispatcher] Job cancellation request 388fdfa5-ac79-56eb-a410-0d33032412a7 received, cancellation timeout 5 minutes.
[2025-11-01 06:32:57Z INFO JobDispatcher] Job cancellation request 388fdfa5-ac79-56eb-a410-0d33032412a7 received, cancellation timeout 5 minutes.
[2025-11-01 06:32:57Z INFO JobDispatcher] Job cancellation request 388fdfa5-ac79-56eb-a410-0d33032412a7 received, cancellation timeout 5 minutes.
[2025-11-01 06:32:57Z INFO JobDispatcher] Job cancellation request 388fdfa5-ac79-56eb-a410-0d33032412a7 received, cancellation timeout 5 minutes.
[2025-11-01 06:32:57Z INFO JobDispatcher] Job cancellation request 388fdfa5-ac79-56eb-a410-0d33032412a7 received, cancellation timeout 5 minutes.
[2025-11-01 06:32:57Z INFO JobDispatcher] Job cancellation request 388fdfa5-ac79-56eb-a410-0d33032412a7 received, cancellation timeout 5 minutes.
[2025-11-01 06:32:57Z INFO JobDispatcher] Job cancellation request 388fdfa5-ac79-56eb-a410-0d33032412a7 received, cancellation timeout 5 minutes.
[2025-11-01 06:32:58Z INFO JobDispatcher] Job cancellation request 388fdfa5-ac79-56eb-a410-0d33032412a7 received, cancellation timeout 5 minutes.
[2025-11-01 06:32:58Z INFO JobDispatcher] Job cancellation request 388fdfa5-ac79-56eb-a410-0d33032412a7 received, cancellation timeout 5 minutes.
[2025-11-01 06:32:58Z INFO JobDispatcher] Job cancellation request 388fdfa5-ac79-56eb-a410-0d33032412a7 received, cancellation timeout 5 minutes.
[2025-11-01 06:32:58Z INFO JobDispatcher] Job cancellation request 388fdfa5-ac79-56eb-a410-0d33032412a7 received, cancellation timeout 5 minutes.
[2025-11-01 06:32:58Z INFO JobDispatcher] Job cancellation request 388fdfa5-ac79-56eb-a410-0d33032412a7 received, cancellation timeout 5 minutes.
[2025-11-01 06:32:58Z INFO JobDispatcher] Job cancellation request 388fdfa5-ac79-56eb-a410-0d33032412a7 received, cancellation timeout 5 minutes.
[2025-11-01 06:32:58Z INFO JobDispatcher] Job cancellation request 388fdfa5-ac79-56eb-a410-0d33032412a7 received, cancellation timeout 5 minutes.
[2025-11-01 06:32:58Z INFO JobDispatcher] Job cancellation request 388fdfa5-ac79-56eb-a410-0d33032412a7 received, cancellation timeout 5 minutes.
[2025-11-01 06:32:58Z INFO JobDispatcher] Job cancellation request 388fdfa5-ac79-56eb-a410-0d33032412a7 received, cancellation timeout 5 minutes.
[2025-11-01 06:32:59Z INFO JobDispatcher] Job cancellation request 388fdfa5-ac79-56eb-a410-0d33032412a7 received, cancellation timeout 5 minutes.
[2025-11-01 06:32:59Z INFO JobDispatcher] Job cancellation request 388fdfa5-ac79-56eb-a410-0d33032412a7 received, cancellation timeout 5 minutes.
[2025-11-01 06:32:59Z INFO JobDispatcher] Job cancellation request 388fdfa5-ac79-56eb-a410-0d33032412a7 received, cancellation timeout 5 minutes.
[2025-11-01 06:32:59Z INFO JobDispatcher] Job cancellation request 388fdfa5-ac79-56eb-a410-0d33032412a7 received, cancellation timeout 5 minutes.
[2025-11-01 06:32:59Z INFO JobDispatcher] Job cancellation request 388fdfa5-ac79-56eb-a410-0d33032412a7 received, cancellation timeout 5 minutes.
[2025-11-01 06:32:59Z INFO JobDispatcher] Job cancellation request 388fdfa5-ac79-56eb-a410-0d33032412a7 received, cancellation timeout 5 minutes.
[2025-11-01 06:32:59Z INFO JobDispatcher] Job cancellation request 388fdfa5-ac79-56eb-a410-0d33032412a7 received, cancellation timeout 5 minutes.
[2025-11-01 06:32:59Z INFO JobDispatcher] Job cancellation request 388fdfa5-ac79-56eb-a410-0d33032412a7 received, cancellation timeout 5 minutes.
[2025-11-01 06:32:59Z INFO JobDispatcher] Job cancellation request 388fdfa5-ac79-56eb-a410-0d33032412a7 received, cancellation timeout 5 minutes.
[2025-11-01 06:33:00Z INFO JobDispatcher] Job cancellation request 388fdfa5-ac79-56eb-a410-0d33032412a7 received, cancellation timeout 5 minutes.
[2025-11-01 06:33:00Z INFO JobDispatcher] Job cancellation request 388fdfa5-ac79-56eb-a410-0d33032412a7 received, cancellation timeout 5 minutes.
[2025-11-01 06:33:00Z INFO JobDispatcher] Job cancellation request 388fdfa5-ac79-56eb-a410-0d33032412a7 received, cancellation timeout 5 minutes.
[2025-11-01 06:33:00Z INFO JobDispatcher] Job cancellation request 388fdfa5-ac79-56eb-a410-0d33032412a7 received, cancellation timeout 5 minutes.
[2025-11-01 06:33:00Z INFO JobDispatcher] Job cancellation request 388fdfa5-ac79-56eb-a410-0d33032412a7 received, cancellation timeout 5 minutes.
[2025-11-01 06:33:00Z INFO JobDispatcher] Job cancellation request 388fdfa5-ac79-56eb-a410-0d33032412a7 received, cancellation timeout 5 minutes.
[2025-11-01 06:33:00Z INFO JobDispatcher] Job cancellation request 388fdfa5-ac79-56eb-a410-0d33032412a7 received, cancellation timeout 5 minutes.
[2025-11-01 06:33:00Z INFO JobDispatcher] Job cancellation request 388fdfa5-ac79-56eb-a410-0d33032412a7 received, cancellation timeout 5 minutes.
[2025-11-01 06:33:00Z INFO JobDispatcher] Job cancellation request 388fdfa5-ac79-56eb-a410-0d33032412a7 received, cancellation timeout 5 minutes.
[2025-11-01 06:33:01Z INFO JobDispatcher] Job cancellation request 388fdfa5-ac79-56eb-a410-0d33032412a7 received, cancellation timeout 5 minutes.
[2025-11-01 06:33:01Z INFO JobDispatcher] Job cancellation request 388fdfa5-ac79-56eb-a410-0d33032412a7 received, cancellation timeout 5 minutes.
[2025-11-01 06:33:01Z INFO JobDispatcher] Job cancellation request 388fdfa5-ac79-56eb-a410-0d33032412a7 received, cancellation timeout 5 minutes.
[2025-11-01 06:33:01Z INFO JobDispatcher] Job cancellation request 388fdfa5-ac79-56eb-a410-0d33032412a7 received, cancellation timeout 5 minutes.
[2025-11-01 06:33:01Z INFO JobDispatcher] Job cancellation request 388fdfa5-ac79-56eb-a410-0d33032412a7 received, cancellation timeout 5 minutes.
[2025-11-01 06:33:01Z INFO JobDispatcher] Job cancellation request 388fdfa5-ac79-56eb-a410-0d33032412a7 received, cancellation timeout 5 minutes.
[2025-11-01 06:33:01Z INFO ProcessInvokerWrapper] STDOUT/STDERR stream read finished.
[2025-11-01 06:33:01Z INFO ProcessInvokerWrapper] STDOUT/STDERR stream read finished.
[2025-11-01 06:33:01Z INFO ProcessInvokerWrapper] Finished process 11476 with exit code 103, and elapsed time 00:07:30.2099732.
[2025-11-01 06:33:01Z INFO JobDispatcher] finish job request for job 388fdfa5-ac79-56eb-a410-0d33032412a7 with result: Canceled
[2025-11-01 06:33:01Z INFO Terminal] WRITE LINE: 2025-11-01 06:33:01Z: Job deploy completed with result: Canceled
[2025-11-01 06:33:01Z INFO JobDispatcher] Stop renew job request for job 388fdfa5-ac79-56eb-a410-0d33032412a7.
[2025-11-01 06:33:01Z INFO JobDispatcher] job renew has been cancelled, stop renew job 388fdfa5-ac79-56eb-a410-0d33032412a7.
[2025-11-01 06:33:01Z INFO JobNotification] Entering JobCompleted Notification
[2025-11-01 06:33:01Z INFO JobNotification] Entering EndMonitor
[2025-11-01 06:33:01Z INFO BrokerMessageListener] Received job status event. JobState: Online
[2025-11-01 06:33:01Z WARN GitHubActionsService] GET request to https://broker.actions.githubusercontent.com/message?sessionId=dac62d39-7a12-45ea-a1da-c9c24c4a6c57&status=Busy&runnerVersion=2.329.0&os=Windows&architecture=X64&disableUpdate=false has been cancelled.
[2025-11-01 06:33:01Z ERR  BrokerServer] Catch exception during request
[2025-11-01 06:33:01Z ERR  BrokerServer] System.Threading.Tasks.TaskCanceledException: The operation was canceled.
 ---> System.Threading.Tasks.TaskCanceledException: The operation was canceled.
 ---> System.IO.IOException: Unable to read data from the transport connection: The I/O operation has been aborted because of either a thread exit or an application request..
 ---> System.Net.Sockets.SocketException (995): The I/O operation has been aborted because of either a thread exit or an application request.
   --- End of inner exception stack trace ---
   at System.Net.Sockets.Socket.AwaitableSocketAsyncEventArgs.ThrowException(SocketError error, CancellationToken cancellationToken)
   at System.Net.Sockets.Socket.AwaitableSocketAsyncEventArgs.System.Threading.Tasks.Sources.IValueTaskSource<System.Int32>.GetResult(Int16 token)
   at System.Net.Security.SslStream.EnsureFullTlsFrameAsync[TIOAdapter](CancellationToken cancellationToken, Int32 estimatedSize)
   at System.Runtime.CompilerServices.PoolingAsyncValueTaskMethodBuilder`1.StateMachineBox`1.System.Threading.Tasks.Sources.IValueTaskSource<TResult>.GetResult(Int16 token)
   at System.Net.Security.SslStream.ReadAsyncInternal[TIOAdapter](Memory`1 buffer, CancellationToken cancellationToken)
   at System.Runtime.CompilerServices.PoolingAsyncValueTaskMethodBuilder`1.StateMachineBox`1.System.Threading.Tasks.Sources.IValueTaskSource<TResult>.GetResult(Int16 token)
   at System.Net.Http.HttpConnection.SendAsync(HttpRequestMessage request, Boolean async, CancellationToken cancellationToken)
   --- End of inner exception stack trace ---
   at System.Net.Http.HttpConnection.SendAsync(HttpRequestMessage request, Boolean async, CancellationToken cancellationToken)
   at System.Net.Http.AuthenticationHelper.SendWithNtAuthAsync(HttpRequestMessage request, Uri authUri, Boolean async, ICredentials credentials, Boolean isProxyAuth, HttpConnection connection, HttpConnectionPool connectionPool, CancellationToken cancellationToken)
   at System.Net.Http.HttpConnectionPool.SendWithVersionDetectionAndRetryAsync(HttpRequestMessage request, Boolean async, Boolean doRequestAuth, CancellationToken cancellationToken)
   at System.Net.Http.AuthenticationHelper.SendWithAuthAsync(HttpRequestMessage request, Uri authUri, Boolean async, ICredentials credentials, Boolean preAuthenticate, Boolean isProxyAuth, Boolean doRequestAuth, HttpConnectionPool pool, CancellationToken cancellationToken)
   at System.Net.Http.RedirectHandler.SendAsync(HttpRequestMessage request, Boolean async, CancellationToken cancellationToken)
   at GitHub.Services.Common.RawHttpMessageHandler.SendAsync(HttpRequestMessage request, CancellationToken cancellationToken)
   at GitHub.Services.Common.VssHttpRetryMessageHandler.SendAsync(HttpRequestMessage request, CancellationToken cancellationToken)
   at System.Net.Http.HttpClient.<SendAsync>g__Core|83_0(HttpRequestMessage request, HttpCompletionOption completionOption, CancellationTokenSource cts, Boolean disposeCts, CancellationTokenSource pendingRequestsCts, CancellationToken originalCancellationToken)
   --- End of inner exception stack trace ---
   at System.Net.Http.HttpClient.HandleFailure(Exception e, Boolean telemetryStarted, HttpResponseMessage response, CancellationTokenSource cts, CancellationToken cancellationToken, CancellationTokenSource pendingRequestsCts)
   at System.Net.Http.HttpClient.<SendAsync>g__Core|83_0(HttpRequestMessage request, HttpCompletionOption completionOption, CancellationTokenSource cts, Boolean disposeCts, CancellationTokenSource pendingRequestsCts, CancellationToken originalCancellationToken)
   at Sdk.WebApi.WebApi.RawHttpClientBase.SendAsync(HttpRequestMessage message, HttpCompletionOption completionOption, Object userState, CancellationToken cancellationToken)
   at Sdk.WebApi.WebApi.RawHttpClientBase.SendAsync[T](HttpRequestMessage message, Boolean readErrorBody, Object userState, CancellationToken cancellationToken)
   at Sdk.WebApi.WebApi.RawHttpClientBase.SendAsync[T](HttpMethod method, IEnumerable`1 additionalHeaders, Uri requestUri, HttpContent content, IEnumerable`1 queryParameters, Boolean readErrorBody, Object userState, CancellationToken cancellationToken)
   at GitHub.Actions.RunService.WebApi.BrokerHttpClient.GetRunnerMessageAsync(Nullable`1 sessionId, String runnerVersion, Nullable`1 status, String os, String architecture, Nullable`1 disableUpdate, CancellationToken cancellationToken)
   at GitHub.Runner.Common.BrokerServer.<>c__DisplayClass7_0.<<GetRunnerMessageAsync>b__0>d.MoveNext()
--- End of stack trace from previous location ---
   at GitHub.Runner.Common.RunnerService.RetryRequest[T](Func`1 func, CancellationToken cancellationToken, Int32 maxAttempts, Func`2 shouldRetry)
[2025-11-01 06:33:01Z ERR  BrokerServer] #####################################################
[2025-11-01 06:33:01Z ERR  BrokerServer] System.Threading.Tasks.TaskCanceledException: The operation was canceled.
 ---> System.IO.IOException: Unable to read data from the transport connection: The I/O operation has been aborted because of either a thread exit or an application request..
 ---> System.Net.Sockets.SocketException (995): The I/O operation has been aborted because of either a thread exit or an application request.
   --- End of inner exception stack trace ---
   at System.Net.Sockets.Socket.AwaitableSocketAsyncEventArgs.ThrowException(SocketError error, CancellationToken cancellationToken)
   at System.Net.Sockets.Socket.AwaitableSocketAsyncEventArgs.System.Threading.Tasks.Sources.IValueTaskSource<System.Int32>.GetResult(Int16 token)
   at System.Net.Security.SslStream.EnsureFullTlsFrameAsync[TIOAdapter](CancellationToken cancellationToken, Int32 estimatedSize)
   at System.Runtime.CompilerServices.PoolingAsyncValueTaskMethodBuilder`1.StateMachineBox`1.System.Threading.Tasks.Sources.IValueTaskSource<TResult>.GetResult(Int16 token)
   at System.Net.Security.SslStream.ReadAsyncInternal[TIOAdapter](Memory`1 buffer, CancellationToken cancellationToken)
   at System.Runtime.CompilerServices.PoolingAsyncValueTaskMethodBuilder`1.StateMachineBox`1.System.Threading.Tasks.Sources.IValueTaskSource<TResult>.GetResult(Int16 token)
   at System.Net.Http.HttpConnection.SendAsync(HttpRequestMessage request, Boolean async, CancellationToken cancellationToken)
   --- End of inner exception stack trace ---
   at System.Net.Http.HttpConnection.SendAsync(HttpRequestMessage request, Boolean async, CancellationToken cancellationToken)
   at System.Net.Http.AuthenticationHelper.SendWithNtAuthAsync(HttpRequestMessage request, Uri authUri, Boolean async, ICredentials credentials, Boolean isProxyAuth, HttpConnection connection, HttpConnectionPool connectionPool, CancellationToken cancellationToken)
   at System.Net.Http.HttpConnectionPool.SendWithVersionDetectionAndRetryAsync(HttpRequestMessage request, Boolean async, Boolean doRequestAuth, CancellationToken cancellationToken)
   at System.Net.Http.AuthenticationHelper.SendWithAuthAsync(HttpRequestMessage request, Uri authUri, Boolean async, ICredentials credentials, Boolean preAuthenticate, Boolean isProxyAuth, Boolean doRequestAuth, HttpConnectionPool pool, CancellationToken cancellationToken)
   at System.Net.Http.RedirectHandler.SendAsync(HttpRequestMessage request, Boolean async, CancellationToken cancellationToken)
   at GitHub.Services.Common.RawHttpMessageHandler.SendAsync(HttpRequestMessage request, CancellationToken cancellationToken)
   at GitHub.Services.Common.VssHttpRetryMessageHandler.SendAsync(HttpRequestMessage request, CancellationToken cancellationToken)
   at System.Net.Http.HttpClient.<SendAsync>g__Core|83_0(HttpRequestMessage request, HttpCompletionOption completionOption, CancellationTokenSource cts, Boolean disposeCts, CancellationTokenSource pendingRequestsCts, CancellationToken originalCancellationToken)
[2025-11-01 06:33:01Z ERR  BrokerServer] #####################################################
[2025-11-01 06:33:01Z ERR  BrokerServer] System.IO.IOException: Unable to read data from the transport connection: The I/O operation has been aborted because of either a thread exit or an application request..
 ---> System.Net.Sockets.SocketException (995): The I/O operation has been aborted because of either a thread exit or an application request.
   --- End of inner exception stack trace ---
   at System.Net.Sockets.Socket.AwaitableSocketAsyncEventArgs.ThrowException(SocketError error, CancellationToken cancellationToken)
   at System.Net.Sockets.Socket.AwaitableSocketAsyncEventArgs.System.Threading.Tasks.Sources.IValueTaskSource<System.Int32>.GetResult(Int16 token)
   at System.Net.Security.SslStream.EnsureFullTlsFrameAsync[TIOAdapter](CancellationToken cancellationToken, Int32 estimatedSize)
   at System.Runtime.CompilerServices.PoolingAsyncValueTaskMethodBuilder`1.StateMachineBox`1.System.Threading.Tasks.Sources.IValueTaskSource<TResult>.GetResult(Int16 token)
   at System.Net.Security.SslStream.ReadAsyncInternal[TIOAdapter](Memory`1 buffer, CancellationToken cancellationToken)
   at System.Runtime.CompilerServices.PoolingAsyncValueTaskMethodBuilder`1.StateMachineBox`1.System.Threading.Tasks.Sources.IValueTaskSource<TResult>.GetResult(Int16 token)
   at System.Net.Http.HttpConnection.SendAsync(HttpRequestMessage request, Boolean async, CancellationToken cancellationToken)
[2025-11-01 06:33:01Z ERR  BrokerServer] #####################################################
[2025-11-01 06:33:01Z ERR  BrokerServer] System.Net.Sockets.SocketException (995): The I/O operation has been aborted because of either a thread exit or an application request.
[2025-11-01 06:33:01Z WARN BrokerServer] Back off 14,74 seconds before next retry. 4 attempt left.
[2025-11-01 06:33:01Z INFO BrokerMessageListener] Get messages has been cancelled using local token source. Continue to get messages with new status.
[2025-11-01 06:33:02Z INFO ConfigurationStore] HasCredentials()
[2025-11-01 06:33:02Z INFO ConfigurationStore] stored True
[2025-11-01 06:33:02Z INFO CredentialManager] GetCredentialProvider
[2025-11-01 06:33:02Z INFO CredentialManager] Creating type OAuth
[2025-11-01 06:33:02Z INFO CredentialManager] Creating credential type: OAuth
[2025-11-01 06:33:02Z INFO RSAEncryptedFileKeyManager] Loading RSA key parameters from file D:\Eclipse\devopsExercise\actions-runner\.credentials_rsaparams
[2025-11-01 06:33:02Z INFO RSAEncryptedFileKeyManager] Loading RSA key parameters from file D:\Eclipse\devopsExercise\actions-runner\.credentials_rsaparams
[2025-11-01 06:33:02Z INFO RSAEncryptedFileKeyManager] Loading RSA key parameters from file D:\Eclipse\devopsExercise\actions-runner\.credentials_rsaparams
[2025-11-01 06:33:02Z INFO GitHubActionsService] AAD Correlation ID for this token request: Unknown
[2025-11-01 06:33:03Z INFO JobDispatcher] Job request 0 for plan 8819fa60-ab1d-4ae1-ae47-ef6ec0bb5a39 job 54e642d0-7ab7-556d-8bcd-b568f8c54dee received.
[2025-11-01 06:33:03Z INFO JobDispatcher] Pull OrchestrationId 8819fa60-ab1d-4ae1-ae47-ef6ec0bb5a39.deploy.__default from JWT claims
[2025-11-01 06:33:03Z INFO BrokerMessageListener] Received job status event. JobState: Busy
[2025-11-01 06:33:03Z INFO BrokerMessageListener] _getMessagesTokenSource is already disposed.
[2025-11-01 06:33:03Z INFO JobDispatcher] Job request 388fdfa5-ac79-56eb-a410-0d33032412a7 processed succeed.
[2025-11-01 06:33:03Z INFO Terminal] WRITE LINE: 2025-11-01 06:33:03Z: Running job: deploy
[2025-11-01 06:33:03Z INFO JobDispatcher] Start renew job request 0 for job 54e642d0-7ab7-556d-8bcd-b568f8c54dee.
[2025-11-01 06:33:03Z INFO JobDispatcher] Successfully renew job 54e642d0-7ab7-556d-8bcd-b568f8c54dee, job is valid till 1/11/2025 6:43:03
[2025-11-01 06:33:03Z INFO HostContext] Well known directory 'Bin': 'D:\Eclipse\devopsExercise\actions-runner\bin'
[2025-11-01 06:33:03Z INFO ProcessInvokerWrapper] Starting process:
[2025-11-01 06:33:03Z INFO ProcessInvokerWrapper]   File name: 'D:\Eclipse\devopsExercise\actions-runner\bin\Runner.Worker.exe'
[2025-11-01 06:33:03Z INFO ProcessInvokerWrapper]   Arguments: 'spawnclient 2308 1308'
[2025-11-01 06:33:03Z INFO ProcessInvokerWrapper]   Working directory: 'D:\Eclipse\devopsExercise\actions-runner\bin'
[2025-11-01 06:33:03Z INFO ProcessInvokerWrapper]   Require exit code zero: 'False'
[2025-11-01 06:33:03Z INFO ProcessInvokerWrapper]   Encoding web name:  ; code page: ''
[2025-11-01 06:33:03Z INFO ProcessInvokerWrapper]   Force kill process on cancellation: 'True'
[2025-11-01 06:33:03Z INFO ProcessInvokerWrapper]   Redirected STDIN: 'False'
[2025-11-01 06:33:03Z INFO ProcessInvokerWrapper]   Persist current code page: 'False'
[2025-11-01 06:33:03Z INFO ProcessInvokerWrapper]   Keep redirected STDIN open: 'False'
[2025-11-01 06:33:03Z INFO ProcessInvokerWrapper]   High priority process: 'True'
[2025-11-01 06:33:03Z INFO ProcessInvokerWrapper] Process started with process id 5088, waiting for process exit.
[2025-11-01 06:33:03Z INFO JobDispatcher] Send job request message to worker for job 54e642d0-7ab7-556d-8bcd-b568f8c54dee.
[2025-11-01 06:33:03Z INFO ProcessChannel] Sending message of length 20768, with hash 'c11c6b38542bed6b72b6986049f7bcd0d7f01516481d1fecc78430e6ea5d170b'
[2025-11-01 06:33:03Z INFO JobNotification] Entering JobStarted Notification
[2025-11-01 06:33:03Z INFO JobNotification] Entering StartMonitor
[2025-11-01 06:33:47Z INFO ProcessInvokerWrapper] STDOUT/STDERR stream read finished.
[2025-11-01 06:33:47Z INFO ProcessInvokerWrapper] STDOUT/STDERR stream read finished.
[2025-11-01 06:33:47Z INFO ProcessInvokerWrapper] Finished process 5088 with exit code 100, and elapsed time 00:00:43.7859842.
[2025-11-01 06:33:47Z INFO JobDispatcher] Worker finished for job 54e642d0-7ab7-556d-8bcd-b568f8c54dee. Code: 100
[2025-11-01 06:33:47Z INFO JobDispatcher] finish job request for job 54e642d0-7ab7-556d-8bcd-b568f8c54dee with result: Succeeded
[2025-11-01 06:33:47Z INFO Terminal] WRITE LINE: 2025-11-01 06:33:47Z: Job deploy completed with result: Succeeded
[2025-11-01 06:33:47Z INFO JobDispatcher] Stop renew job request for job 54e642d0-7ab7-556d-8bcd-b568f8c54dee.
[2025-11-01 06:33:47Z INFO JobDispatcher] job renew has been cancelled, stop renew job 54e642d0-7ab7-556d-8bcd-b568f8c54dee.
[2025-11-01 06:33:47Z INFO JobNotification] Entering JobCompleted Notification
[2025-11-01 06:33:47Z INFO JobNotification] Entering EndMonitor
[2025-11-01 06:33:47Z INFO BrokerMessageListener] Received job status event. JobState: Online
[2025-11-01 06:33:47Z WARN GitHubActionsService] GET request to https://broker.actions.githubusercontent.com/message?sessionId=dac62d39-7a12-45ea-a1da-c9c24c4a6c57&status=Busy&runnerVersion=2.329.0&os=Windows&architecture=X64&disableUpdate=false has been cancelled.
[2025-11-01 06:33:47Z ERR  BrokerServer] Catch exception during request
[2025-11-01 06:33:47Z ERR  BrokerServer] System.Threading.Tasks.TaskCanceledException: The operation was canceled.
 ---> System.Threading.Tasks.TaskCanceledException: The operation was canceled.
 ---> System.IO.IOException: Unable to read data from the transport connection: The I/O operation has been aborted because of either a thread exit or an application request..
 ---> System.Net.Sockets.SocketException (995): The I/O operation has been aborted because of either a thread exit or an application request.
   --- End of inner exception stack trace ---
   at System.Net.Sockets.Socket.AwaitableSocketAsyncEventArgs.ThrowException(SocketError error, CancellationToken cancellationToken)
   at System.Net.Sockets.Socket.AwaitableSocketAsyncEventArgs.System.Threading.Tasks.Sources.IValueTaskSource<System.Int32>.GetResult(Int16 token)
   at System.Net.Security.SslStream.EnsureFullTlsFrameAsync[TIOAdapter](CancellationToken cancellationToken, Int32 estimatedSize)
   at System.Runtime.CompilerServices.PoolingAsyncValueTaskMethodBuilder`1.StateMachineBox`1.System.Threading.Tasks.Sources.IValueTaskSource<TResult>.GetResult(Int16 token)
   at System.Net.Security.SslStream.ReadAsyncInternal[TIOAdapter](Memory`1 buffer, CancellationToken cancellationToken)
   at System.Runtime.CompilerServices.PoolingAsyncValueTaskMethodBuilder`1.StateMachineBox`1.System.Threading.Tasks.Sources.IValueTaskSource<TResult>.GetResult(Int16 token)
   at System.Net.Http.HttpConnection.SendAsync(HttpRequestMessage request, Boolean async, CancellationToken cancellationToken)
   --- End of inner exception stack trace ---
   at System.Net.Http.HttpConnection.SendAsync(HttpRequestMessage request, Boolean async, CancellationToken cancellationToken)
   at System.Net.Http.AuthenticationHelper.SendWithNtAuthAsync(HttpRequestMessage request, Uri authUri, Boolean async, ICredentials credentials, Boolean isProxyAuth, HttpConnection connection, HttpConnectionPool connectionPool, CancellationToken cancellationToken)
   at System.Net.Http.HttpConnectionPool.SendWithVersionDetectionAndRetryAsync(HttpRequestMessage request, Boolean async, Boolean doRequestAuth, CancellationToken cancellationToken)
   at System.Net.Http.AuthenticationHelper.SendWithAuthAsync(HttpRequestMessage request, Uri authUri, Boolean async, ICredentials credentials, Boolean preAuthenticate, Boolean isProxyAuth, Boolean doRequestAuth, HttpConnectionPool pool, CancellationToken cancellationToken)
   at System.Net.Http.RedirectHandler.SendAsync(HttpRequestMessage request, Boolean async, CancellationToken cancellationToken)
   at GitHub.Services.Common.RawHttpMessageHandler.SendAsync(HttpRequestMessage request, CancellationToken cancellationToken)
   at GitHub.Services.Common.VssHttpRetryMessageHandler.SendAsync(HttpRequestMessage request, CancellationToken cancellationToken)
   at System.Net.Http.HttpClient.<SendAsync>g__Core|83_0(HttpRequestMessage request, HttpCompletionOption completionOption, CancellationTokenSource cts, Boolean disposeCts, CancellationTokenSource pendingRequestsCts, CancellationToken originalCancellationToken)
   --- End of inner exception stack trace ---
   at System.Net.Http.HttpClient.HandleFailure(Exception e, Boolean telemetryStarted, HttpResponseMessage response, CancellationTokenSource cts, CancellationToken cancellationToken, CancellationTokenSource pendingRequestsCts)
   at System.Net.Http.HttpClient.<SendAsync>g__Core|83_0(HttpRequestMessage request, HttpCompletionOption completionOption, CancellationTokenSource cts, Boolean disposeCts, CancellationTokenSource pendingRequestsCts, CancellationToken originalCancellationToken)
   at Sdk.WebApi.WebApi.RawHttpClientBase.SendAsync(HttpRequestMessage message, HttpCompletionOption completionOption, Object userState, CancellationToken cancellationToken)
   at Sdk.WebApi.WebApi.RawHttpClientBase.SendAsync[T](HttpRequestMessage message, Boolean readErrorBody, Object userState, CancellationToken cancellationToken)
   at Sdk.WebApi.WebApi.RawHttpClientBase.SendAsync[T](HttpMethod method, IEnumerable`1 additionalHeaders, Uri requestUri, HttpContent content, IEnumerable`1 queryParameters, Boolean readErrorBody, Object userState, CancellationToken cancellationToken)
   at GitHub.Actions.RunService.WebApi.BrokerHttpClient.GetRunnerMessageAsync(Nullable`1 sessionId, String runnerVersion, Nullable`1 status, String os, String architecture, Nullable`1 disableUpdate, CancellationToken cancellationToken)
   at GitHub.Runner.Common.BrokerServer.<>c__DisplayClass7_0.<<GetRunnerMessageAsync>b__0>d.MoveNext()
--- End of stack trace from previous location ---
   at GitHub.Runner.Common.RunnerService.RetryRequest[T](Func`1 func, CancellationToken cancellationToken, Int32 maxAttempts, Func`2 shouldRetry)
[2025-11-01 06:33:47Z ERR  BrokerServer] #####################################################
[2025-11-01 06:33:47Z ERR  BrokerServer] System.Threading.Tasks.TaskCanceledException: The operation was canceled.
 ---> System.IO.IOException: Unable to read data from the transport connection: The I/O operation has been aborted because of either a thread exit or an application request..
 ---> System.Net.Sockets.SocketException (995): The I/O operation has been aborted because of either a thread exit or an application request.
   --- End of inner exception stack trace ---
   at System.Net.Sockets.Socket.AwaitableSocketAsyncEventArgs.ThrowException(SocketError error, CancellationToken cancellationToken)
   at System.Net.Sockets.Socket.AwaitableSocketAsyncEventArgs.System.Threading.Tasks.Sources.IValueTaskSource<System.Int32>.GetResult(Int16 token)
   at System.Net.Security.SslStream.EnsureFullTlsFrameAsync[TIOAdapter](CancellationToken cancellationToken, Int32 estimatedSize)
   at System.Runtime.CompilerServices.PoolingAsyncValueTaskMethodBuilder`1.StateMachineBox`1.System.Threading.Tasks.Sources.IValueTaskSource<TResult>.GetResult(Int16 token)
   at System.Net.Security.SslStream.ReadAsyncInternal[TIOAdapter](Memory`1 buffer, CancellationToken cancellationToken)
   at System.Runtime.CompilerServices.PoolingAsyncValueTaskMethodBuilder`1.StateMachineBox`1.System.Threading.Tasks.Sources.IValueTaskSource<TResult>.GetResult(Int16 token)
   at System.Net.Http.HttpConnection.SendAsync(HttpRequestMessage request, Boolean async, CancellationToken cancellationToken)
   --- End of inner exception stack trace ---
   at System.Net.Http.HttpConnection.SendAsync(HttpRequestMessage request, Boolean async, CancellationToken cancellationToken)
   at System.Net.Http.AuthenticationHelper.SendWithNtAuthAsync(HttpRequestMessage request, Uri authUri, Boolean async, ICredentials credentials, Boolean isProxyAuth, HttpConnection connection, HttpConnectionPool connectionPool, CancellationToken cancellationToken)
   at System.Net.Http.HttpConnectionPool.SendWithVersionDetectionAndRetryAsync(HttpRequestMessage request, Boolean async, Boolean doRequestAuth, CancellationToken cancellationToken)
   at System.Net.Http.AuthenticationHelper.SendWithAuthAsync(HttpRequestMessage request, Uri authUri, Boolean async, ICredentials credentials, Boolean preAuthenticate, Boolean isProxyAuth, Boolean doRequestAuth, HttpConnectionPool pool, CancellationToken cancellationToken)
   at System.Net.Http.RedirectHandler.SendAsync(HttpRequestMessage request, Boolean async, CancellationToken cancellationToken)
   at GitHub.Services.Common.RawHttpMessageHandler.SendAsync(HttpRequestMessage request, CancellationToken cancellationToken)
   at GitHub.Services.Common.VssHttpRetryMessageHandler.SendAsync(HttpRequestMessage request, CancellationToken cancellationToken)
   at System.Net.Http.HttpClient.<SendAsync>g__Core|83_0(HttpRequestMessage request, HttpCompletionOption completionOption, CancellationTokenSource cts, Boolean disposeCts, CancellationTokenSource pendingRequestsCts, CancellationToken originalCancellationToken)
[2025-11-01 06:33:47Z ERR  BrokerServer] #####################################################
[2025-11-01 06:33:47Z ERR  BrokerServer] System.IO.IOException: Unable to read data from the transport connection: The I/O operation has been aborted because of either a thread exit or an application request..
 ---> System.Net.Sockets.SocketException (995): The I/O operation has been aborted because of either a thread exit or an application request.
   --- End of inner exception stack trace ---
   at System.Net.Sockets.Socket.AwaitableSocketAsyncEventArgs.ThrowException(SocketError error, CancellationToken cancellationToken)
   at System.Net.Sockets.Socket.AwaitableSocketAsyncEventArgs.System.Threading.Tasks.Sources.IValueTaskSource<System.Int32>.GetResult(Int16 token)
   at System.Net.Security.SslStream.EnsureFullTlsFrameAsync[TIOAdapter](CancellationToken cancellationToken, Int32 estimatedSize)
   at System.Runtime.CompilerServices.PoolingAsyncValueTaskMethodBuilder`1.StateMachineBox`1.System.Threading.Tasks.Sources.IValueTaskSource<TResult>.GetResult(Int16 token)
   at System.Net.Security.SslStream.ReadAsyncInternal[TIOAdapter](Memory`1 buffer, CancellationToken cancellationToken)
   at System.Runtime.CompilerServices.PoolingAsyncValueTaskMethodBuilder`1.StateMachineBox`1.System.Threading.Tasks.Sources.IValueTaskSource<TResult>.GetResult(Int16 token)
   at System.Net.Http.HttpConnection.SendAsync(HttpRequestMessage request, Boolean async, CancellationToken cancellationToken)
[2025-11-01 06:33:47Z ERR  BrokerServer] #####################################################
[2025-11-01 06:33:47Z ERR  BrokerServer] System.Net.Sockets.SocketException (995): The I/O operation has been aborted because of either a thread exit or an application request.
[2025-11-01 06:33:47Z WARN BrokerServer] Back off 6,97 seconds before next retry. 4 attempt left.
[2025-11-01 06:33:47Z INFO BrokerMessageListener] Get messages has been cancelled using local token source. Continue to get messages with new status.
