[2025-10-31 03:55:29Z INFO HostContext] No proxy settings were found based on environmental variables (http_proxy/https_proxy/HTTP_PROXY/HTTPS_PROXY)
[2025-10-31 03:55:29Z INFO HostContext] Well known directory 'Bin': 'D:\Eclipse\devopsExercise\actions-runner\bin'
[2025-10-31 03:55:29Z INFO HostContext] Well known directory 'Root': 'D:\Eclipse\devopsExercise\actions-runner'
[2025-10-31 03:55:29Z INFO HostContext] Well known config file 'Credentials': 'D:\Eclipse\devopsExercise\actions-runner\.credentials'
[2025-10-31 03:55:29Z INFO HostContext] Well known directory 'Bin': 'D:\Eclipse\devopsExercise\actions-runner\bin'
[2025-10-31 03:55:29Z INFO HostContext] Well known directory 'Root': 'D:\Eclipse\devopsExercise\actions-runner'
[2025-10-31 03:55:29Z INFO HostContext] Well known config file 'Runner': 'D:\Eclipse\devopsExercise\actions-runner\.runner'
[2025-10-31 03:55:29Z INFO Listener] Runner is built for Windows (X64) - win-x64.
[2025-10-31 03:55:29Z INFO Listener] RuntimeInformation: Microsoft Windows 10.0.19045.
[2025-10-31 03:55:29Z INFO Listener] Version: 2.329.0
[2025-10-31 03:55:29Z INFO Listener] Commit: c76c59996c8fa32e989164a5a695efb12608ae5a
[2025-10-31 03:55:29Z INFO Listener] Culture: es-EC
[2025-10-31 03:55:29Z INFO Listener] UI Culture: en-US
[2025-10-31 03:55:29Z INFO HostContext] Well known directory 'Bin': 'D:\Eclipse\devopsExercise\actions-runner\bin'
[2025-10-31 03:55:29Z INFO HostContext] Well known directory 'Root': 'D:\Eclipse\devopsExercise\actions-runner'
[2025-10-31 03:55:29Z INFO Listener] Validating directory permissions for: 'D:\Eclipse\devopsExercise\actions-runner'
[2025-10-31 03:55:29Z INFO CommandLineParser] Parse
[2025-10-31 03:55:29Z INFO CommandLineParser] Parsing 5 args
[2025-10-31 03:55:29Z INFO CommandLineParser] parsing argument
[2025-10-31 03:55:29Z INFO CommandLineParser] HasArgs: False
[2025-10-31 03:55:29Z INFO CommandLineParser] Adding Command: configure
[2025-10-31 03:55:29Z INFO CommandLineParser] parsing argument
[2025-10-31 03:55:29Z INFO CommandLineParser] HasArgs: True
[2025-10-31 03:55:29Z INFO CommandLineParser] arg: url
[2025-10-31 03:55:29Z INFO CommandLineParser] parsing argument
[2025-10-31 03:55:29Z INFO CommandLineParser] HasArgs: True
[2025-10-31 03:55:29Z INFO CommandLineParser] Adding option 'url': 'https://github.com/serdna123/ejercicioDevOps'
[2025-10-31 03:55:29Z INFO CommandLineParser] parsing argument
[2025-10-31 03:55:29Z INFO CommandLineParser] HasArgs: True
[2025-10-31 03:55:29Z INFO CommandLineParser] arg: token
[2025-10-31 03:55:29Z INFO CommandLineParser] parsing argument
[2025-10-31 03:55:29Z INFO CommandLineParser] HasArgs: True
[2025-10-31 03:55:29Z INFO CommandLineParser] Adding option 'token': '***'
[2025-10-31 03:55:29Z INFO Listener] Arguments parsed
[2025-10-31 03:55:29Z INFO Runner] ExecuteCommand
[2025-10-31 03:55:29Z INFO ConfigurationStore] currentAssemblyLocation: D:\Eclipse\devopsExercise\actions-runner\bin\Runner.Listener.dll
[2025-10-31 03:55:29Z INFO HostContext] Well known directory 'Bin': 'D:\Eclipse\devopsExercise\actions-runner\bin'
[2025-10-31 03:55:29Z INFO ConfigurationStore] binPath: D:\Eclipse\devopsExercise\actions-runner\bin
[2025-10-31 03:55:29Z INFO HostContext] Well known directory 'Bin': 'D:\Eclipse\devopsExercise\actions-runner\bin'
[2025-10-31 03:55:29Z INFO HostContext] Well known directory 'Root': 'D:\Eclipse\devopsExercise\actions-runner'
[2025-10-31 03:55:29Z INFO ConfigurationStore] RootFolder: D:\Eclipse\devopsExercise\actions-runner
[2025-10-31 03:55:29Z INFO HostContext] Well known directory 'Bin': 'D:\Eclipse\devopsExercise\actions-runner\bin'
[2025-10-31 03:55:29Z INFO HostContext] Well known directory 'Root': 'D:\Eclipse\devopsExercise\actions-runner'
[2025-10-31 03:55:29Z INFO HostContext] Well known config file 'Runner': 'D:\Eclipse\devopsExercise\actions-runner\.runner'
[2025-10-31 03:55:29Z INFO ConfigurationStore] ConfigFilePath: D:\Eclipse\devopsExercise\actions-runner\.runner
[2025-10-31 03:55:29Z INFO HostContext] Well known directory 'Bin': 'D:\Eclipse\devopsExercise\actions-runner\bin'
[2025-10-31 03:55:29Z INFO HostContext] Well known directory 'Root': 'D:\Eclipse\devopsExercise\actions-runner'
[2025-10-31 03:55:29Z INFO HostContext] Well known config file 'MigratedRunner': 'D:\Eclipse\devopsExercise\actions-runner\.runner_migrated'
[2025-10-31 03:55:29Z INFO ConfigurationStore] MigratedConfigFilePath: D:\Eclipse\devopsExercise\actions-runner\.runner_migrated
[2025-10-31 03:55:29Z INFO HostContext] Well known directory 'Bin': 'D:\Eclipse\devopsExercise\actions-runner\bin'
[2025-10-31 03:55:29Z INFO HostContext] Well known directory 'Root': 'D:\Eclipse\devopsExercise\actions-runner'
[2025-10-31 03:55:29Z INFO HostContext] Well known config file 'Credentials': 'D:\Eclipse\devopsExercise\actions-runner\.credentials'
[2025-10-31 03:55:29Z INFO ConfigurationStore] CredFilePath: D:\Eclipse\devopsExercise\actions-runner\.credentials
[2025-10-31 03:55:29Z INFO HostContext] Well known directory 'Bin': 'D:\Eclipse\devopsExercise\actions-runner\bin'
[2025-10-31 03:55:29Z INFO HostContext] Well known directory 'Root': 'D:\Eclipse\devopsExercise\actions-runner'
[2025-10-31 03:55:29Z INFO HostContext] Well known config file 'MigratedCredentials': 'D:\Eclipse\devopsExercise\actions-runner\.credentials_migrated'
[2025-10-31 03:55:29Z INFO ConfigurationStore] MigratedCredFilePath: D:\Eclipse\devopsExercise\actions-runner\.credentials_migrated
[2025-10-31 03:55:29Z INFO HostContext] Well known directory 'Bin': 'D:\Eclipse\devopsExercise\actions-runner\bin'
[2025-10-31 03:55:29Z INFO HostContext] Well known directory 'Root': 'D:\Eclipse\devopsExercise\actions-runner'
[2025-10-31 03:55:29Z INFO HostContext] Well known config file 'Service': 'D:\Eclipse\devopsExercise\actions-runner\.service'
[2025-10-31 03:55:29Z INFO ConfigurationStore] ServiceConfigFilePath: D:\Eclipse\devopsExercise\actions-runner\.service
[2025-10-31 03:55:29Z INFO CommandSettings] Flag 'help': 'False'
[2025-10-31 03:55:29Z INFO CommandSettings] Flag 'version': 'False'
[2025-10-31 03:55:29Z INFO CommandSettings] Flag 'commit': 'False'
[2025-10-31 03:55:29Z INFO CommandSettings] Flag 'check': 'False'
[2025-10-31 03:55:29Z INFO CommandSettings] Command 'configure': 'True'
[2025-10-31 03:55:29Z INFO Terminal] WRITE LINE: 
[2025-10-31 03:55:29Z INFO Terminal] WRITE LINE: --------------------------------------------------------------------------------
[2025-10-31 03:55:29Z INFO Terminal] WRITE LINE: |        ____ _ _   _   _       _          _        _   _                      |
[2025-10-31 03:55:29Z INFO Terminal] WRITE LINE: |       / ___(_) |_| | | |_   _| |__      / \   ___| |_(_) ___  _ __  ___      |
[2025-10-31 03:55:29Z INFO Terminal] WRITE LINE: |      | |  _| | __| |_| | | | | '_ \    / _ \ / __| __| |/ _ \| '_ \/ __|     |
[2025-10-31 03:55:29Z INFO Terminal] WRITE LINE: |      | |_| | | |_|  _  | |_| | |_) |  / ___ \ (__| |_| | (_) | | | \__ \     |
[2025-10-31 03:55:29Z INFO Terminal] WRITE LINE: |       \____|_|\__|_| |_|\__,_|_.__/  /_/   \_\___|\__|_|\___/|_| |_|___/     |
[2025-10-31 03:55:29Z INFO Terminal] WRITE LINE: |                                                                              |
[2025-10-31 03:55:29Z INFO Terminal] WRITE: |                       
[2025-10-31 03:55:29Z INFO Terminal] WRITE: Self-hosted runner registration
[2025-10-31 03:55:29Z INFO Terminal] WRITE LINE:                         |
[2025-10-31 03:55:29Z INFO Terminal] WRITE LINE: |                                                                              |
[2025-10-31 03:55:29Z INFO Terminal] WRITE LINE: --------------------------------------------------------------------------------
[2025-10-31 03:55:29Z INFO ConfigurationManager] ConfigureAsync
[2025-10-31 03:55:29Z INFO CommandSettings] Flag 'generateServiceConfig': 'False'
[2025-10-31 03:55:29Z INFO ConfigurationStore] IsConfigured()
[2025-10-31 03:55:29Z INFO ConfigurationStore] IsConfigured: False
[2025-10-31 03:55:29Z INFO ConfigurationManager] Is configured: False
[2025-10-31 03:55:29Z INFO CommandSettings] Arg 'url': 'https://github.com/serdna123/ejercicioDevOps'
[2025-10-31 03:55:29Z INFO CommandSettings] Remove url from Arg dictionary.
[2025-10-31 03:55:29Z INFO CommandSettings] Arg 'token': '***'
[2025-10-31 03:55:29Z INFO CommandSettings] Remove token from Arg dictionary.
[2025-10-31 03:55:30Z INFO ConfigurationManager] Http response code: OK from 'POST https://api.github.com/actions/runner-registration' (B412:2B8E9B:8101E7:2238092:69043332)
[2025-10-31 03:55:30Z INFO ConfigurationManager] Using runner-admin flow: False
[2025-10-31 03:55:30Z INFO ConfigurationManager] cred retrieved via GitHub auth
[2025-10-31 03:55:30Z INFO RunnerServer] EstablishVssConnection
[2025-10-31 03:55:30Z INFO RunnerServer] Establish connection with 100 seconds timeout.
[2025-10-31 03:55:30Z INFO GitHubActionsService] Starting operation Location.GetConnectionData
[2025-10-31 03:55:30Z INFO RunnerServer] EstablishVssConnection
[2025-10-31 03:55:30Z INFO RunnerServer] Establish connection with 60 seconds timeout.
[2025-10-31 03:55:30Z INFO GitHubActionsService] Starting operation Location.GetConnectionData
[2025-10-31 03:55:30Z INFO RunnerServer] EstablishVssConnection
[2025-10-31 03:55:30Z INFO RunnerServer] Establish connection with 60 seconds timeout.
[2025-10-31 03:55:30Z INFO GitHubActionsService] Starting operation Location.GetConnectionData
[2025-10-31 03:55:31Z INFO GitHubActionsService] Finished operation Location.GetConnectionData
[2025-10-31 03:55:31Z INFO GitHubActionsService] Finished operation Location.GetConnectionData
[2025-10-31 03:55:31Z INFO GitHubActionsService] Finished operation Location.GetConnectionData
[2025-10-31 03:55:31Z INFO Terminal] WRITE LINE: 
[2025-10-31 03:55:31Z INFO ConfigurationManager] Test Connection complete.
[2025-10-31 03:55:31Z INFO HostContext] Well known directory 'Bin': 'D:\Eclipse\devopsExercise\actions-runner\bin'
[2025-10-31 03:55:31Z INFO HostContext] Well known directory 'Root': 'D:\Eclipse\devopsExercise\actions-runner'
[2025-10-31 03:55:31Z INFO HostContext] Well known config file 'RSACredentials': 'D:\Eclipse\devopsExercise\actions-runner\.credentials_rsaparams'
[2025-10-31 03:55:31Z INFO RSAEncryptedFileKeyManager] Creating new RSA key using 2048-bit key length
[2025-10-31 03:55:31Z INFO RSAEncryptedFileKeyManager] Successfully saved RSA key parameters to file D:\Eclipse\devopsExercise\actions-runner\.credentials_rsaparams
[2025-10-31 03:55:31Z INFO CommandSettings] Arg 'runnergroup': ''
[2025-10-31 03:55:31Z INFO CommandSettings] Flag 'unattended': 'False'
[2025-10-31 03:55:31Z INFO PromptManager] ReadValue
[2025-10-31 03:55:31Z INFO Terminal] WRITE: Enter the name of the runner group to add this runner to: 
[2025-10-31 03:55:31Z INFO Terminal] WRITE: [press Enter for Default] 
[2025-10-31 03:55:31Z INFO Terminal] READ LINE
[2025-10-31 03:56:39Z INFO Terminal] Read value: 'win-podman'
[2025-10-31 03:56:39Z INFO Terminal] WRITE LINE: 
[2025-10-31 03:56:39Z ERR  Runner] GitHub.DistributedTask.WebApi.TaskAgentPoolNotFoundException: Could not find any self-hosted runner group named "win-podman".
   at GitHub.Runner.Listener.Configuration.ConfigurationManager.ConfigureAsync(CommandSettings command)
   at GitHub.Runner.Listener.Runner.ExecuteCommand(CommandSettings command)
[2025-10-31 03:56:39Z ERR  Terminal] WRITE ERROR: Could not find any self-hosted runner group named "win-podman".
[2025-10-31 03:56:39Z INFO Listener] Runner execution has finished with return code 1
