[2025-10-31 04:20:50Z INFO HostContext] No proxy settings were found based on environmental variables (http_proxy/https_proxy/HTTP_PROXY/HTTPS_PROXY)
[2025-10-31 04:20:50Z INFO HostContext] Well known directory 'Bin': 'D:\Eclipse\devopsExercise\actions-runner\bin'
[2025-10-31 04:20:50Z INFO HostContext] Well known directory 'Root': 'D:\Eclipse\devopsExercise\actions-runner'
[2025-10-31 04:20:50Z INFO HostContext] Well known config file 'Credentials': 'D:\Eclipse\devopsExercise\actions-runner\.credentials'
[2025-10-31 04:20:50Z INFO HostContext] Well known directory 'Bin': 'D:\Eclipse\devopsExercise\actions-runner\bin'
[2025-10-31 04:20:50Z INFO HostContext] Well known directory 'Root': 'D:\Eclipse\devopsExercise\actions-runner'
[2025-10-31 04:20:50Z INFO HostContext] Well known config file 'Runner': 'D:\Eclipse\devopsExercise\actions-runner\.runner'
[2025-10-31 04:20:50Z INFO Listener] Runner is built for Windows (X64) - win-x64.
[2025-10-31 04:20:50Z INFO Listener] RuntimeInformation: Microsoft Windows 10.0.19045.
[2025-10-31 04:20:50Z INFO Listener] Version: 2.329.0
[2025-10-31 04:20:50Z INFO Listener] Commit: c76c59996c8fa32e989164a5a695efb12608ae5a
[2025-10-31 04:20:50Z INFO Listener] Culture: es-EC
[2025-10-31 04:20:50Z INFO Listener] UI Culture: es-MX
[2025-10-31 04:20:50Z INFO HostContext] Well known directory 'Bin': 'D:\Eclipse\devopsExercise\actions-runner\bin'
[2025-10-31 04:20:50Z INFO HostContext] Well known directory 'Root': 'D:\Eclipse\devopsExercise\actions-runner'
[2025-10-31 04:20:50Z INFO Listener] Validating directory permissions for: 'D:\Eclipse\devopsExercise\actions-runner'
[2025-10-31 04:20:50Z INFO CommandLineParser] Parse
[2025-10-31 04:20:50Z INFO CommandLineParser] Parsing 3 args
[2025-10-31 04:20:50Z INFO CommandLineParser] parsing argument
[2025-10-31 04:20:50Z INFO CommandLineParser] HasArgs: False
[2025-10-31 04:20:50Z INFO CommandLineParser] Adding Command: run
[2025-10-31 04:20:50Z INFO CommandLineParser] parsing argument
[2025-10-31 04:20:50Z INFO CommandLineParser] HasArgs: True
[2025-10-31 04:20:50Z INFO CommandLineParser] arg: startuptype
[2025-10-31 04:20:50Z INFO CommandLineParser] parsing argument
[2025-10-31 04:20:50Z INFO CommandLineParser] HasArgs: True
[2025-10-31 04:20:50Z INFO CommandLineParser] Adding option 'startuptype': 'service'
[2025-10-31 04:20:50Z INFO Listener] Arguments parsed
[2025-10-31 04:20:50Z INFO Runner] ExecuteCommand
[2025-10-31 04:20:50Z INFO ConfigurationStore] currentAssemblyLocation: D:\Eclipse\devopsExercise\actions-runner\bin\Runner.Listener.dll
[2025-10-31 04:20:50Z INFO HostContext] Well known directory 'Bin': 'D:\Eclipse\devopsExercise\actions-runner\bin'
[2025-10-31 04:20:50Z INFO ConfigurationStore] binPath: D:\Eclipse\devopsExercise\actions-runner\bin
[2025-10-31 04:20:50Z INFO HostContext] Well known directory 'Bin': 'D:\Eclipse\devopsExercise\actions-runner\bin'
[2025-10-31 04:20:50Z INFO HostContext] Well known directory 'Root': 'D:\Eclipse\devopsExercise\actions-runner'
[2025-10-31 04:20:50Z INFO ConfigurationStore] RootFolder: D:\Eclipse\devopsExercise\actions-runner
[2025-10-31 04:20:50Z INFO HostContext] Well known directory 'Bin': 'D:\Eclipse\devopsExercise\actions-runner\bin'
[2025-10-31 04:20:50Z INFO HostContext] Well known directory 'Root': 'D:\Eclipse\devopsExercise\actions-runner'
[2025-10-31 04:20:50Z INFO HostContext] Well known config file 'Runner': 'D:\Eclipse\devopsExercise\actions-runner\.runner'
[2025-10-31 04:20:50Z INFO ConfigurationStore] ConfigFilePath: D:\Eclipse\devopsExercise\actions-runner\.runner
[2025-10-31 04:20:50Z INFO HostContext] Well known directory 'Bin': 'D:\Eclipse\devopsExercise\actions-runner\bin'
[2025-10-31 04:20:50Z INFO HostContext] Well known directory 'Root': 'D:\Eclipse\devopsExercise\actions-runner'
[2025-10-31 04:20:50Z INFO HostContext] Well known config file 'MigratedRunner': 'D:\Eclipse\devopsExercise\actions-runner\.runner_migrated'
[2025-10-31 04:20:50Z INFO ConfigurationStore] MigratedConfigFilePath: D:\Eclipse\devopsExercise\actions-runner\.runner_migrated
[2025-10-31 04:20:50Z INFO HostContext] Well known directory 'Bin': 'D:\Eclipse\devopsExercise\actions-runner\bin'
[2025-10-31 04:20:50Z INFO HostContext] Well known directory 'Root': 'D:\Eclipse\devopsExercise\actions-runner'
[2025-10-31 04:20:50Z INFO HostContext] Well known config file 'Credentials': 'D:\Eclipse\devopsExercise\actions-runner\.credentials'
[2025-10-31 04:20:50Z INFO ConfigurationStore] CredFilePath: D:\Eclipse\devopsExercise\actions-runner\.credentials
[2025-10-31 04:20:50Z INFO HostContext] Well known directory 'Bin': 'D:\Eclipse\devopsExercise\actions-runner\bin'
[2025-10-31 04:20:50Z INFO HostContext] Well known directory 'Root': 'D:\Eclipse\devopsExercise\actions-runner'
[2025-10-31 04:20:50Z INFO HostContext] Well known config file 'MigratedCredentials': 'D:\Eclipse\devopsExercise\actions-runner\.credentials_migrated'
[2025-10-31 04:20:50Z INFO ConfigurationStore] MigratedCredFilePath: D:\Eclipse\devopsExercise\actions-runner\.credentials_migrated
[2025-10-31 04:20:50Z INFO HostContext] Well known directory 'Bin': 'D:\Eclipse\devopsExercise\actions-runner\bin'
[2025-10-31 04:20:50Z INFO HostContext] Well known directory 'Root': 'D:\Eclipse\devopsExercise\actions-runner'
[2025-10-31 04:20:50Z INFO HostContext] Well known config file 'Service': 'D:\Eclipse\devopsExercise\actions-runner\.service'
[2025-10-31 04:20:50Z INFO ConfigurationStore] ServiceConfigFilePath: D:\Eclipse\devopsExercise\actions-runner\.service
[2025-10-31 04:20:50Z INFO CommandSettings] Flag 'help': 'False'
[2025-10-31 04:20:50Z INFO CommandSettings] Flag 'version': 'False'
[2025-10-31 04:20:50Z INFO CommandSettings] Flag 'commit': 'False'
[2025-10-31 04:20:50Z INFO CommandSettings] Flag 'check': 'False'
[2025-10-31 04:20:50Z INFO CommandSettings] Command 'configure': 'False'
[2025-10-31 04:20:50Z INFO CommandSettings] Command 'remove': 'False'
[2025-10-31 04:20:50Z INFO CommandSettings] Command 'warmup': 'False'
[2025-10-31 04:20:50Z INFO ConfigurationManager] LoadSettings
[2025-10-31 04:20:50Z INFO ConfigurationStore] IsConfigured()
[2025-10-31 04:20:50Z INFO ConfigurationStore] IsConfigured: True
[2025-10-31 04:20:50Z INFO ConfigurationManager] Is configured: True
[2025-10-31 04:20:50Z INFO ConfigurationStore] Read setting file: 394 chars
[2025-10-31 04:20:50Z INFO ConfigurationManager] Settings Loaded
[2025-10-31 04:20:50Z INFO ConfigurationStore] IsServiceConfigured()
[2025-10-31 04:20:50Z INFO ConfigurationStore] IsServiceConfigured: True
[2025-10-31 04:20:50Z INFO CommandSettings] Command 'run': 'True'
[2025-10-31 04:20:50Z INFO ConfigurationStore] IsConfigured()
[2025-10-31 04:20:50Z INFO ConfigurationStore] IsConfigured: True
[2025-10-31 04:20:50Z INFO ConfigurationManager] Is configured: True
[2025-10-31 04:20:50Z INFO Runner] Set runner startup type - Service
[2025-10-31 04:20:50Z INFO CommandSettings] Flag 'once': 'False'
[2025-10-31 04:20:50Z INFO CommandSettings] Flag 'once': 'False'
[2025-10-31 04:20:50Z INFO Runner] RunAsync
[2025-10-31 04:20:50Z INFO ConfigurationManager] LoadMigratedSettings
[2025-10-31 04:20:50Z INFO ConfigurationStore] IsMigratedConfigured()
[2025-10-31 04:20:50Z INFO ConfigurationStore] IsMigratedConfigured: False
[2025-10-31 04:20:50Z INFO Runner] Failed to load migrated settings: No migrated configuration found.
[2025-10-31 04:20:50Z INFO Runner] Falling back to original .runner settings
[2025-10-31 04:20:50Z INFO Runner] Using BrokerMessageListener
[2025-10-31 04:20:50Z INFO BrokerMessageListener] Using provided settings
[2025-10-31 04:20:50Z INFO BrokerMessageListener] {
  "AgentId": 2,
  "AgentName": "BOTPC",
  "PoolId": 1,
  "PoolName": "Default",
  "ServerUrl": "https://pipelinesghubeus24.actions.githubusercontent.com/jhUIZ8jILW8KfuUHc917loBz0AAjYObg8M4C27oWHnqx82tVv7/",
  "GitHubUrl": "https://github.com/serdna123/ejercicioDevOps",
  "WorkFolder": "_work",
  "UseV2Flow": true,
  "ServerUrlV2": "https://broker.actions.githubusercontent.com/"
}
[2025-10-31 04:20:50Z INFO BrokerMessageListener] Loading Credentials
[2025-10-31 04:20:50Z INFO ConfigurationStore] HasCredentials()
[2025-10-31 04:20:50Z INFO ConfigurationStore] stored True
[2025-10-31 04:20:50Z INFO CredentialManager] GetCredentialProvider
[2025-10-31 04:20:50Z INFO CredentialManager] Creating type OAuth
[2025-10-31 04:20:50Z INFO CredentialManager] Creating credential type: OAuth
[2025-10-31 04:20:50Z INFO HostContext] Well known directory 'Bin': 'D:\Eclipse\devopsExercise\actions-runner\bin'
[2025-10-31 04:20:50Z INFO HostContext] Well known directory 'Root': 'D:\Eclipse\devopsExercise\actions-runner'
[2025-10-31 04:20:50Z INFO HostContext] Well known config file 'RSACredentials': 'D:\Eclipse\devopsExercise\actions-runner\.credentials_rsaparams'
[2025-10-31 04:20:50Z INFO RSAEncryptedFileKeyManager] Loading RSA key parameters from file D:\Eclipse\devopsExercise\actions-runner\.credentials_rsaparams
[2025-10-31 04:20:50Z INFO BrokerMessageListener] Attempt to create session.
[2025-10-31 04:20:50Z INFO BrokerMessageListener] Connecting to the Broker Server...
[2025-10-31 04:20:50Z INFO ConfigurationStore] HasCredentials()
[2025-10-31 04:20:50Z INFO ConfigurationStore] stored True
[2025-10-31 04:20:50Z INFO CredentialManager] GetCredentialProvider
[2025-10-31 04:20:50Z INFO CredentialManager] Creating type OAuth
[2025-10-31 04:20:50Z INFO CredentialManager] Creating credential type: OAuth
[2025-10-31 04:20:50Z INFO RSAEncryptedFileKeyManager] Loading RSA key parameters from file D:\Eclipse\devopsExercise\actions-runner\.credentials_rsaparams
[2025-10-31 04:20:50Z INFO BrokerMessageListener] VssConnection created
[2025-10-31 04:20:50Z INFO BrokerMessageListener] Connecting to the Runner server...
[2025-10-31 04:20:50Z INFO RunnerServer] EstablishVssConnection
[2025-10-31 04:20:50Z INFO RunnerServer] Establish connection with 100 seconds timeout.
[2025-10-31 04:20:50Z INFO GitHubActionsService] Starting operation Location.GetConnectionData
[2025-10-31 04:20:51Z INFO RunnerServer] EstablishVssConnection
[2025-10-31 04:20:51Z INFO RunnerServer] Establish connection with 60 seconds timeout.
[2025-10-31 04:20:51Z INFO GitHubActionsService] Starting operation Location.GetConnectionData
[2025-10-31 04:20:51Z INFO RunnerServer] EstablishVssConnection
[2025-10-31 04:20:51Z INFO RunnerServer] Establish connection with 60 seconds timeout.
[2025-10-31 04:20:51Z INFO GitHubActionsService] Starting operation Location.GetConnectionData
[2025-10-31 04:20:51Z INFO GitHubActionsService] Finished operation Location.GetConnectionData
[2025-10-31 04:20:51Z INFO GitHubActionsService] Finished operation Location.GetConnectionData
[2025-10-31 04:20:51Z INFO GitHubActionsService] Finished operation Location.GetConnectionData
[2025-10-31 04:20:51Z INFO BrokerMessageListener] VssConnection created
[2025-10-31 04:20:51Z INFO Terminal] WRITE LINE: 
[2025-10-31 04:20:51Z INFO Terminal] WRITE LINE: 
[2025-10-31 04:20:51Z INFO RSAEncryptedFileKeyManager] Loading RSA key parameters from file D:\Eclipse\devopsExercise\actions-runner\.credentials_rsaparams
[2025-10-31 04:20:51Z INFO RSAEncryptedFileKeyManager] Loading RSA key parameters from file D:\Eclipse\devopsExercise\actions-runner\.credentials_rsaparams
[2025-10-31 04:20:52Z INFO GitHubActionsService] AAD Correlation ID for this token request: Unknown
[2025-10-31 04:20:52Z INFO BrokerMessageListener] Session created.
[2025-10-31 04:20:52Z INFO Terminal] WRITE LINE: Current runner version: '2.329.0'
[2025-10-31 04:20:52Z INFO Terminal] WRITE LINE: 2025-10-31 04:20:52Z: Listening for Jobs
[2025-10-31 04:20:52Z INFO JobDispatcher] Set runner/worker IPC timeout to 30 seconds.
[2025-10-31 04:20:52Z INFO ConfigurationStore] HasCredentials()
[2025-10-31 04:20:52Z INFO ConfigurationStore] stored True
[2025-10-31 04:20:52Z INFO CredentialManager] GetCredentialProvider
[2025-10-31 04:20:52Z INFO CredentialManager] Creating type OAuth
[2025-10-31 04:20:52Z INFO CredentialManager] Creating credential type: OAuth
[2025-10-31 04:20:52Z INFO RSAEncryptedFileKeyManager] Loading RSA key parameters from file D:\Eclipse\devopsExercise\actions-runner\.credentials_rsaparams
[2025-10-31 04:20:52Z INFO RSAEncryptedFileKeyManager] Loading RSA key parameters from file D:\Eclipse\devopsExercise\actions-runner\.credentials_rsaparams
[2025-10-31 04:20:52Z INFO RSAEncryptedFileKeyManager] Loading RSA key parameters from file D:\Eclipse\devopsExercise\actions-runner\.credentials_rsaparams
[2025-10-31 04:20:53Z INFO GitHubActionsService] AAD Correlation ID for this token request: Unknown
[2025-10-31 04:20:54Z INFO JobDispatcher] Job request 0 for plan 3c87d084-0f63-43ba-972d-95d49ccce189 job 063b7e1b-b0e1-5a98-a831-88b0c17d10eb received.
[2025-10-31 04:20:54Z INFO JobDispatcher] Pull OrchestrationId 3c87d084-0f63-43ba-972d-95d49ccce189.deploy.__default from JWT claims
[2025-10-31 04:20:54Z INFO BrokerMessageListener] Received job status event. JobState: Busy
[2025-10-31 04:20:54Z INFO BrokerMessageListener] _getMessagesTokenSource is already disposed.
[2025-10-31 04:20:54Z INFO Terminal] WRITE LINE: 2025-10-31 04:20:54Z: Running job: deploy
[2025-10-31 04:20:54Z INFO JobDispatcher] Start renew job request 0 for job 063b7e1b-b0e1-5a98-a831-88b0c17d10eb.
[2025-10-31 04:20:54Z INFO JobDispatcher] Successfully renew job 063b7e1b-b0e1-5a98-a831-88b0c17d10eb, job is valid till 31/10/2025 4:30:54
[2025-10-31 04:20:54Z INFO HostContext] Well known directory 'Bin': 'D:\Eclipse\devopsExercise\actions-runner\bin'
[2025-10-31 04:20:54Z INFO ProcessInvokerWrapper] Starting process:
[2025-10-31 04:20:54Z INFO ProcessInvokerWrapper]   File name: 'D:\Eclipse\devopsExercise\actions-runner\bin\Runner.Worker.exe'
[2025-10-31 04:20:54Z INFO ProcessInvokerWrapper]   Arguments: 'spawnclient 2248 2264'
[2025-10-31 04:20:54Z INFO ProcessInvokerWrapper]   Working directory: 'D:\Eclipse\devopsExercise\actions-runner\bin'
[2025-10-31 04:20:54Z INFO ProcessInvokerWrapper]   Require exit code zero: 'False'
[2025-10-31 04:20:54Z INFO ProcessInvokerWrapper]   Encoding web name:  ; code page: ''
[2025-10-31 04:20:54Z INFO ProcessInvokerWrapper]   Force kill process on cancellation: 'True'
[2025-10-31 04:20:54Z INFO ProcessInvokerWrapper]   Redirected STDIN: 'False'
[2025-10-31 04:20:54Z INFO ProcessInvokerWrapper]   Persist current code page: 'False'
[2025-10-31 04:20:54Z INFO ProcessInvokerWrapper]   Keep redirected STDIN open: 'False'
[2025-10-31 04:20:54Z INFO ProcessInvokerWrapper]   High priority process: 'True'
[2025-10-31 04:20:54Z INFO ProcessInvokerWrapper] Process started with process id 12444, waiting for process exit.
[2025-10-31 04:20:54Z INFO JobDispatcher] Send job request message to worker for job 063b7e1b-b0e1-5a98-a831-88b0c17d10eb.
[2025-10-31 04:20:54Z INFO ProcessChannel] Sending message of length 19518, with hash '884d8ea3c19569d2da5014806f0980d7cb50172c8406dbaa923e3532e7dc2783'
[2025-10-31 04:20:54Z INFO JobNotification] Entering JobStarted Notification
[2025-10-31 04:20:54Z INFO JobNotification] Entering StartMonitor
[2025-10-31 04:21:07Z INFO ProcessInvokerWrapper] STDOUT/STDERR stream read finished.
[2025-10-31 04:21:07Z INFO ProcessInvokerWrapper] STDOUT/STDERR stream read finished.
[2025-10-31 04:21:07Z INFO ProcessInvokerWrapper] Finished process 12444 with exit code 102, and elapsed time 00:00:12.9706019.
[2025-10-31 04:21:07Z INFO JobDispatcher] Worker finished for job 063b7e1b-b0e1-5a98-a831-88b0c17d10eb. Code: 102
[2025-10-31 04:21:07Z INFO JobDispatcher] finish job request for job 063b7e1b-b0e1-5a98-a831-88b0c17d10eb with result: Failed
[2025-10-31 04:21:07Z INFO Terminal] WRITE LINE: 2025-10-31 04:21:07Z: Job deploy completed with result: Failed
[2025-10-31 04:21:07Z INFO JobDispatcher] Stop renew job request for job 063b7e1b-b0e1-5a98-a831-88b0c17d10eb.
[2025-10-31 04:21:07Z INFO JobDispatcher] job renew has been cancelled, stop renew job 063b7e1b-b0e1-5a98-a831-88b0c17d10eb.
[2025-10-31 04:21:07Z INFO JobNotification] Entering JobCompleted Notification
[2025-10-31 04:21:07Z INFO JobNotification] Entering EndMonitor
[2025-10-31 04:21:07Z INFO BrokerMessageListener] Received job status event. JobState: Online
[2025-10-31 04:21:07Z WARN GitHubActionsService] GET request to https://broker.actions.githubusercontent.com/message?sessionId=d41cf6a9-daf6-44b5-982a-4548dc3ed85b&status=Busy&runnerVersion=2.329.0&os=Windows&architecture=X64&disableUpdate=false has been cancelled.
[2025-10-31 04:21:07Z ERR  BrokerServer] Catch exception during request
[2025-10-31 04:21:07Z ERR  BrokerServer] System.Threading.Tasks.TaskCanceledException: The operation was canceled.
 ---> System.Threading.Tasks.TaskCanceledException: The operation was canceled.
 ---> System.IO.IOException: Unable to read data from the transport connection: La operación de E/S se anuló por una salida de subproceso o por una solicitud de aplicación..
 ---> System.Net.Sockets.SocketException (995): La operación de E/S se anuló por una salida de subproceso o por una solicitud de aplicación.
   --- End of inner exception stack trace ---
   at System.Net.Sockets.Socket.AwaitableSocketAsyncEventArgs.ThrowException(SocketError error, CancellationToken cancellationToken)
   at System.Net.Sockets.Socket.AwaitableSocketAsyncEventArgs.System.Threading.Tasks.Sources.IValueTaskSource<System.Int32>.GetResult(Int16 token)
   at System.Net.Security.SslStream.EnsureFullTlsFrameAsync[TIOAdapter](CancellationToken cancellationToken, Int32 estimatedSize)
   at System.Runtime.CompilerServices.PoolingAsyncValueTaskMethodBuilder`1.StateMachineBox`1.System.Threading.Tasks.Sources.IValueTaskSource<TResult>.GetResult(Int16 token)
   at System.Net.Security.SslStream.ReadAsyncInternal[TIOAdapter](Memory`1 buffer, CancellationToken cancellationToken)
   at System.Runtime.CompilerServices.PoolingAsyncValueTaskMethodBuilder`1.StateMachineBox`1.System.Threading.Tasks.Sources.IValueTaskSource<TResult>.GetResult(Int16 token)
   at System.Net.Http.HttpConnection.SendAsync(HttpRequestMessage request, Boolean async, CancellationToken cancellationToken)
   --- End of inner exception stack trace ---
   at System.Net.Http.HttpConnection.SendAsync(HttpRequestMessage request, Boolean async, CancellationToken cancellationToken)
   at System.Net.Http.AuthenticationHelper.SendWithNtAuthAsync(HttpRequestMessage request, Uri authUri, Boolean async, ICredentials credentials, Boolean isProxyAuth, HttpConnection connection, HttpConnectionPool connectionPool, CancellationToken cancellationToken)
   at System.Net.Http.HttpConnectionPool.SendWithVersionDetectionAndRetryAsync(HttpRequestMessage request, Boolean async, Boolean doRequestAuth, CancellationToken cancellationToken)
   at System.Net.Http.AuthenticationHelper.SendWithAuthAsync(HttpRequestMessage request, Uri authUri, Boolean async, ICredentials credentials, Boolean preAuthenticate, Boolean isProxyAuth, Boolean doRequestAuth, HttpConnectionPool pool, CancellationToken cancellationToken)
   at System.Net.Http.RedirectHandler.SendAsync(HttpRequestMessage request, Boolean async, CancellationToken cancellationToken)
   at GitHub.Services.Common.RawHttpMessageHandler.SendAsync(HttpRequestMessage request, CancellationToken cancellationToken)
   at GitHub.Services.Common.VssHttpRetryMessageHandler.SendAsync(HttpRequestMessage request, CancellationToken cancellationToken)
   at System.Net.Http.HttpClient.<SendAsync>g__Core|83_0(HttpRequestMessage request, HttpCompletionOption completionOption, CancellationTokenSource cts, Boolean disposeCts, CancellationTokenSource pendingRequestsCts, CancellationToken originalCancellationToken)
   --- End of inner exception stack trace ---
   at System.Net.Http.HttpClient.HandleFailure(Exception e, Boolean telemetryStarted, HttpResponseMessage response, CancellationTokenSource cts, CancellationToken cancellationToken, CancellationTokenSource pendingRequestsCts)
   at System.Net.Http.HttpClient.<SendAsync>g__Core|83_0(HttpRequestMessage request, HttpCompletionOption completionOption, CancellationTokenSource cts, Boolean disposeCts, CancellationTokenSource pendingRequestsCts, CancellationToken originalCancellationToken)
   at Sdk.WebApi.WebApi.RawHttpClientBase.SendAsync(HttpRequestMessage message, HttpCompletionOption completionOption, Object userState, CancellationToken cancellationToken)
   at Sdk.WebApi.WebApi.RawHttpClientBase.SendAsync[T](HttpRequestMessage message, Boolean readErrorBody, Object userState, CancellationToken cancellationToken)
   at Sdk.WebApi.WebApi.RawHttpClientBase.SendAsync[T](HttpMethod method, IEnumerable`1 additionalHeaders, Uri requestUri, HttpContent content, IEnumerable`1 queryParameters, Boolean readErrorBody, Object userState, CancellationToken cancellationToken)
   at GitHub.Actions.RunService.WebApi.BrokerHttpClient.GetRunnerMessageAsync(Nullable`1 sessionId, String runnerVersion, Nullable`1 status, String os, String architecture, Nullable`1 disableUpdate, CancellationToken cancellationToken)
   at GitHub.Runner.Common.BrokerServer.<>c__DisplayClass7_0.<<GetRunnerMessageAsync>b__0>d.MoveNext()
--- End of stack trace from previous location ---
   at GitHub.Runner.Common.RunnerService.RetryRequest[T](Func`1 func, CancellationToken cancellationToken, Int32 maxAttempts, Func`2 shouldRetry)
[2025-10-31 04:21:07Z ERR  BrokerServer] #####################################################
[2025-10-31 04:21:07Z ERR  BrokerServer] System.Threading.Tasks.TaskCanceledException: The operation was canceled.
 ---> System.IO.IOException: Unable to read data from the transport connection: La operación de E/S se anuló por una salida de subproceso o por una solicitud de aplicación..
 ---> System.Net.Sockets.SocketException (995): La operación de E/S se anuló por una salida de subproceso o por una solicitud de aplicación.
   --- End of inner exception stack trace ---
   at System.Net.Sockets.Socket.AwaitableSocketAsyncEventArgs.ThrowException(SocketError error, CancellationToken cancellationToken)
   at System.Net.Sockets.Socket.AwaitableSocketAsyncEventArgs.System.Threading.Tasks.Sources.IValueTaskSource<System.Int32>.GetResult(Int16 token)
   at System.Net.Security.SslStream.EnsureFullTlsFrameAsync[TIOAdapter](CancellationToken cancellationToken, Int32 estimatedSize)
   at System.Runtime.CompilerServices.PoolingAsyncValueTaskMethodBuilder`1.StateMachineBox`1.System.Threading.Tasks.Sources.IValueTaskSource<TResult>.GetResult(Int16 token)
   at System.Net.Security.SslStream.ReadAsyncInternal[TIOAdapter](Memory`1 buffer, CancellationToken cancellationToken)
   at System.Runtime.CompilerServices.PoolingAsyncValueTaskMethodBuilder`1.StateMachineBox`1.System.Threading.Tasks.Sources.IValueTaskSource<TResult>.GetResult(Int16 token)
   at System.Net.Http.HttpConnection.SendAsync(HttpRequestMessage request, Boolean async, CancellationToken cancellationToken)
   --- End of inner exception stack trace ---
   at System.Net.Http.HttpConnection.SendAsync(HttpRequestMessage request, Boolean async, CancellationToken cancellationToken)
   at System.Net.Http.AuthenticationHelper.SendWithNtAuthAsync(HttpRequestMessage request, Uri authUri, Boolean async, ICredentials credentials, Boolean isProxyAuth, HttpConnection connection, HttpConnectionPool connectionPool, CancellationToken cancellationToken)
   at System.Net.Http.HttpConnectionPool.SendWithVersionDetectionAndRetryAsync(HttpRequestMessage request, Boolean async, Boolean doRequestAuth, CancellationToken cancellationToken)
   at System.Net.Http.AuthenticationHelper.SendWithAuthAsync(HttpRequestMessage request, Uri authUri, Boolean async, ICredentials credentials, Boolean preAuthenticate, Boolean isProxyAuth, Boolean doRequestAuth, HttpConnectionPool pool, CancellationToken cancellationToken)
   at System.Net.Http.RedirectHandler.SendAsync(HttpRequestMessage request, Boolean async, CancellationToken cancellationToken)
   at GitHub.Services.Common.RawHttpMessageHandler.SendAsync(HttpRequestMessage request, CancellationToken cancellationToken)
   at GitHub.Services.Common.VssHttpRetryMessageHandler.SendAsync(HttpRequestMessage request, CancellationToken cancellationToken)
   at System.Net.Http.HttpClient.<SendAsync>g__Core|83_0(HttpRequestMessage request, HttpCompletionOption completionOption, CancellationTokenSource cts, Boolean disposeCts, CancellationTokenSource pendingRequestsCts, CancellationToken originalCancellationToken)
[2025-10-31 04:21:07Z ERR  BrokerServer] #####################################################
[2025-10-31 04:21:07Z ERR  BrokerServer] System.IO.IOException: Unable to read data from the transport connection: La operación de E/S se anuló por una salida de subproceso o por una solicitud de aplicación..
 ---> System.Net.Sockets.SocketException (995): La operación de E/S se anuló por una salida de subproceso o por una solicitud de aplicación.
   --- End of inner exception stack trace ---
   at System.Net.Sockets.Socket.AwaitableSocketAsyncEventArgs.ThrowException(SocketError error, CancellationToken cancellationToken)
   at System.Net.Sockets.Socket.AwaitableSocketAsyncEventArgs.System.Threading.Tasks.Sources.IValueTaskSource<System.Int32>.GetResult(Int16 token)
   at System.Net.Security.SslStream.EnsureFullTlsFrameAsync[TIOAdapter](CancellationToken cancellationToken, Int32 estimatedSize)
   at System.Runtime.CompilerServices.PoolingAsyncValueTaskMethodBuilder`1.StateMachineBox`1.System.Threading.Tasks.Sources.IValueTaskSource<TResult>.GetResult(Int16 token)
   at System.Net.Security.SslStream.ReadAsyncInternal[TIOAdapter](Memory`1 buffer, CancellationToken cancellationToken)
   at System.Runtime.CompilerServices.PoolingAsyncValueTaskMethodBuilder`1.StateMachineBox`1.System.Threading.Tasks.Sources.IValueTaskSource<TResult>.GetResult(Int16 token)
   at System.Net.Http.HttpConnection.SendAsync(HttpRequestMessage request, Boolean async, CancellationToken cancellationToken)
[2025-10-31 04:21:07Z ERR  BrokerServer] #####################################################
[2025-10-31 04:21:07Z ERR  BrokerServer] System.Net.Sockets.SocketException (995): La operación de E/S se anuló por una salida de subproceso o por una solicitud de aplicación.
[2025-10-31 04:21:07Z WARN BrokerServer] Back off 6,751 seconds before next retry. 4 attempt left.
[2025-10-31 04:21:07Z INFO BrokerMessageListener] Get messages has been cancelled using local token source. Continue to get messages with new status.
[2025-10-31 04:28:32Z INFO ConfigurationStore] HasCredentials()
[2025-10-31 04:28:32Z INFO ConfigurationStore] stored True
[2025-10-31 04:28:32Z INFO CredentialManager] GetCredentialProvider
[2025-10-31 04:28:32Z INFO CredentialManager] Creating type OAuth
[2025-10-31 04:28:32Z INFO CredentialManager] Creating credential type: OAuth
[2025-10-31 04:28:32Z INFO RSAEncryptedFileKeyManager] Loading RSA key parameters from file D:\Eclipse\devopsExercise\actions-runner\.credentials_rsaparams
[2025-10-31 04:28:32Z INFO RSAEncryptedFileKeyManager] Loading RSA key parameters from file D:\Eclipse\devopsExercise\actions-runner\.credentials_rsaparams
[2025-10-31 04:28:32Z INFO RSAEncryptedFileKeyManager] Loading RSA key parameters from file D:\Eclipse\devopsExercise\actions-runner\.credentials_rsaparams
[2025-10-31 04:28:32Z INFO GitHubActionsService] AAD Correlation ID for this token request: Unknown
[2025-10-31 04:28:33Z INFO JobDispatcher] Job request 0 for plan 8a4560ee-3ace-4118-b15d-0258ecd94748 job 9e1e9ac2-5f43-5c90-91f0-8f277936761d received.
[2025-10-31 04:28:33Z INFO JobDispatcher] Pull OrchestrationId 8a4560ee-3ace-4118-b15d-0258ecd94748.deploy.__default from JWT claims
[2025-10-31 04:28:33Z INFO BrokerMessageListener] Received job status event. JobState: Busy
[2025-10-31 04:28:33Z INFO BrokerMessageListener] _getMessagesTokenSource is already disposed.
[2025-10-31 04:28:33Z INFO JobDispatcher] Job request 063b7e1b-b0e1-5a98-a831-88b0c17d10eb processed succeed.
[2025-10-31 04:28:33Z INFO Terminal] WRITE LINE: 2025-10-31 04:28:33Z: Running job: deploy
[2025-10-31 04:28:33Z INFO JobDispatcher] Start renew job request 0 for job 9e1e9ac2-5f43-5c90-91f0-8f277936761d.
[2025-10-31 04:28:33Z INFO JobDispatcher] Successfully renew job 9e1e9ac2-5f43-5c90-91f0-8f277936761d, job is valid till 31/10/2025 4:38:34
[2025-10-31 04:28:33Z INFO HostContext] Well known directory 'Bin': 'D:\Eclipse\devopsExercise\actions-runner\bin'
[2025-10-31 04:28:33Z INFO ProcessInvokerWrapper] Starting process:
[2025-10-31 04:28:33Z INFO ProcessInvokerWrapper]   File name: 'D:\Eclipse\devopsExercise\actions-runner\bin\Runner.Worker.exe'
[2025-10-31 04:28:33Z INFO ProcessInvokerWrapper]   Arguments: 'spawnclient 1564 2336'
[2025-10-31 04:28:33Z INFO ProcessInvokerWrapper]   Working directory: 'D:\Eclipse\devopsExercise\actions-runner\bin'
[2025-10-31 04:28:33Z INFO ProcessInvokerWrapper]   Require exit code zero: 'False'
[2025-10-31 04:28:33Z INFO ProcessInvokerWrapper]   Encoding web name:  ; code page: ''
[2025-10-31 04:28:33Z INFO ProcessInvokerWrapper]   Force kill process on cancellation: 'True'
[2025-10-31 04:28:33Z INFO ProcessInvokerWrapper]   Redirected STDIN: 'False'
[2025-10-31 04:28:33Z INFO ProcessInvokerWrapper]   Persist current code page: 'False'
[2025-10-31 04:28:33Z INFO ProcessInvokerWrapper]   Keep redirected STDIN open: 'False'
[2025-10-31 04:28:33Z INFO ProcessInvokerWrapper]   High priority process: 'True'
[2025-10-31 04:28:33Z INFO ProcessInvokerWrapper] Process started with process id 19448, waiting for process exit.
[2025-10-31 04:28:33Z INFO JobDispatcher] Send job request message to worker for job 9e1e9ac2-5f43-5c90-91f0-8f277936761d.
[2025-10-31 04:28:33Z INFO ProcessChannel] Sending message of length 19465, with hash 'd605d3e579d059acced690d3195861776ef73b2caa22751ee129e1d82b497111'
[2025-10-31 04:28:34Z INFO JobNotification] Entering JobStarted Notification
[2025-10-31 04:28:34Z INFO JobNotification] Entering StartMonitor
[2025-10-31 04:28:55Z INFO ProcessInvokerWrapper] STDOUT/STDERR stream read finished.
[2025-10-31 04:28:55Z INFO ProcessInvokerWrapper] STDOUT/STDERR stream read finished.
[2025-10-31 04:28:55Z INFO ProcessInvokerWrapper] Finished process 19448 with exit code 102, and elapsed time 00:00:21.4386980.
[2025-10-31 04:28:55Z INFO JobDispatcher] Worker finished for job 9e1e9ac2-5f43-5c90-91f0-8f277936761d. Code: 102
[2025-10-31 04:28:55Z INFO JobDispatcher] finish job request for job 9e1e9ac2-5f43-5c90-91f0-8f277936761d with result: Failed
[2025-10-31 04:28:55Z INFO Terminal] WRITE LINE: 2025-10-31 04:28:55Z: Job deploy completed with result: Failed
[2025-10-31 04:28:55Z INFO JobDispatcher] Stop renew job request for job 9e1e9ac2-5f43-5c90-91f0-8f277936761d.
[2025-10-31 04:28:55Z INFO JobDispatcher] job renew has been cancelled, stop renew job 9e1e9ac2-5f43-5c90-91f0-8f277936761d.
[2025-10-31 04:28:55Z INFO JobNotification] Entering JobCompleted Notification
[2025-10-31 04:28:55Z INFO JobNotification] Entering EndMonitor
[2025-10-31 04:28:55Z INFO BrokerMessageListener] Received job status event. JobState: Online
[2025-10-31 04:28:55Z WARN GitHubActionsService] GET request to https://broker.actions.githubusercontent.com/message?sessionId=d41cf6a9-daf6-44b5-982a-4548dc3ed85b&status=Busy&runnerVersion=2.329.0&os=Windows&architecture=X64&disableUpdate=false has been cancelled.
[2025-10-31 04:28:55Z ERR  BrokerServer] Catch exception during request
[2025-10-31 04:28:55Z ERR  BrokerServer] System.Threading.Tasks.TaskCanceledException: The operation was canceled.
 ---> System.Threading.Tasks.TaskCanceledException: The operation was canceled.
 ---> System.IO.IOException: Unable to read data from the transport connection: La operación de E/S se anuló por una salida de subproceso o por una solicitud de aplicación..
 ---> System.Net.Sockets.SocketException (995): La operación de E/S se anuló por una salida de subproceso o por una solicitud de aplicación.
   --- End of inner exception stack trace ---
   at System.Net.Sockets.Socket.AwaitableSocketAsyncEventArgs.ThrowException(SocketError error, CancellationToken cancellationToken)
   at System.Net.Sockets.Socket.AwaitableSocketAsyncEventArgs.System.Threading.Tasks.Sources.IValueTaskSource<System.Int32>.GetResult(Int16 token)
   at System.Net.Security.SslStream.EnsureFullTlsFrameAsync[TIOAdapter](CancellationToken cancellationToken, Int32 estimatedSize)
   at System.Runtime.CompilerServices.PoolingAsyncValueTaskMethodBuilder`1.StateMachineBox`1.System.Threading.Tasks.Sources.IValueTaskSource<TResult>.GetResult(Int16 token)
   at System.Net.Security.SslStream.ReadAsyncInternal[TIOAdapter](Memory`1 buffer, CancellationToken cancellationToken)
   at System.Runtime.CompilerServices.PoolingAsyncValueTaskMethodBuilder`1.StateMachineBox`1.System.Threading.Tasks.Sources.IValueTaskSource<TResult>.GetResult(Int16 token)
   at System.Net.Http.HttpConnection.InitialFillAsync(Boolean async)
   at System.Net.Http.HttpConnection.SendAsync(HttpRequestMessage request, Boolean async, CancellationToken cancellationToken)
   --- End of inner exception stack trace ---
   at System.Net.Http.HttpConnection.SendAsync(HttpRequestMessage request, Boolean async, CancellationToken cancellationToken)
   at System.Net.Http.AuthenticationHelper.SendWithNtAuthAsync(HttpRequestMessage request, Uri authUri, Boolean async, ICredentials credentials, Boolean isProxyAuth, HttpConnection connection, HttpConnectionPool connectionPool, CancellationToken cancellationToken)
   at System.Net.Http.HttpConnectionPool.SendWithVersionDetectionAndRetryAsync(HttpRequestMessage request, Boolean async, Boolean doRequestAuth, CancellationToken cancellationToken)
   at System.Net.Http.AuthenticationHelper.SendWithAuthAsync(HttpRequestMessage request, Uri authUri, Boolean async, ICredentials credentials, Boolean preAuthenticate, Boolean isProxyAuth, Boolean doRequestAuth, HttpConnectionPool pool, CancellationToken cancellationToken)
   at System.Net.Http.RedirectHandler.SendAsync(HttpRequestMessage request, Boolean async, CancellationToken cancellationToken)
   at GitHub.Services.Common.RawHttpMessageHandler.SendAsync(HttpRequestMessage request, CancellationToken cancellationToken)
   at GitHub.Services.Common.VssHttpRetryMessageHandler.SendAsync(HttpRequestMessage request, CancellationToken cancellationToken)
   at System.Net.Http.HttpClient.<SendAsync>g__Core|83_0(HttpRequestMessage request, HttpCompletionOption completionOption, CancellationTokenSource cts, Boolean disposeCts, CancellationTokenSource pendingRequestsCts, CancellationToken originalCancellationToken)
   --- End of inner exception stack trace ---
   at System.Net.Http.HttpClient.HandleFailure(Exception e, Boolean telemetryStarted, HttpResponseMessage response, CancellationTokenSource cts, CancellationToken cancellationToken, CancellationTokenSource pendingRequestsCts)
   at System.Net.Http.HttpClient.<SendAsync>g__Core|83_0(HttpRequestMessage request, HttpCompletionOption completionOption, CancellationTokenSource cts, Boolean disposeCts, CancellationTokenSource pendingRequestsCts, CancellationToken originalCancellationToken)
   at Sdk.WebApi.WebApi.RawHttpClientBase.SendAsync(HttpRequestMessage message, HttpCompletionOption completionOption, Object userState, CancellationToken cancellationToken)
   at Sdk.WebApi.WebApi.RawHttpClientBase.SendAsync[T](HttpRequestMessage message, Boolean readErrorBody, Object userState, CancellationToken cancellationToken)
   at Sdk.WebApi.WebApi.RawHttpClientBase.SendAsync[T](HttpMethod method, IEnumerable`1 additionalHeaders, Uri requestUri, HttpContent content, IEnumerable`1 queryParameters, Boolean readErrorBody, Object userState, CancellationToken cancellationToken)
   at GitHub.Actions.RunService.WebApi.BrokerHttpClient.GetRunnerMessageAsync(Nullable`1 sessionId, String runnerVersion, Nullable`1 status, String os, String architecture, Nullable`1 disableUpdate, CancellationToken cancellationToken)
   at GitHub.Runner.Common.BrokerServer.<>c__DisplayClass7_0.<<GetRunnerMessageAsync>b__0>d.MoveNext()
--- End of stack trace from previous location ---
   at GitHub.Runner.Common.RunnerService.RetryRequest[T](Func`1 func, CancellationToken cancellationToken, Int32 maxAttempts, Func`2 shouldRetry)
[2025-10-31 04:28:55Z ERR  BrokerServer] #####################################################
[2025-10-31 04:28:55Z ERR  BrokerServer] System.Threading.Tasks.TaskCanceledException: The operation was canceled.
 ---> System.IO.IOException: Unable to read data from the transport connection: La operación de E/S se anuló por una salida de subproceso o por una solicitud de aplicación..
 ---> System.Net.Sockets.SocketException (995): La operación de E/S se anuló por una salida de subproceso o por una solicitud de aplicación.
   --- End of inner exception stack trace ---
   at System.Net.Sockets.Socket.AwaitableSocketAsyncEventArgs.ThrowException(SocketError error, CancellationToken cancellationToken)
   at System.Net.Sockets.Socket.AwaitableSocketAsyncEventArgs.System.Threading.Tasks.Sources.IValueTaskSource<System.Int32>.GetResult(Int16 token)
   at System.Net.Security.SslStream.EnsureFullTlsFrameAsync[TIOAdapter](CancellationToken cancellationToken, Int32 estimatedSize)
   at System.Runtime.CompilerServices.PoolingAsyncValueTaskMethodBuilder`1.StateMachineBox`1.System.Threading.Tasks.Sources.IValueTaskSource<TResult>.GetResult(Int16 token)
   at System.Net.Security.SslStream.ReadAsyncInternal[TIOAdapter](Memory`1 buffer, CancellationToken cancellationToken)
   at System.Runtime.CompilerServices.PoolingAsyncValueTaskMethodBuilder`1.StateMachineBox`1.System.Threading.Tasks.Sources.IValueTaskSource<TResult>.GetResult(Int16 token)
   at System.Net.Http.HttpConnection.InitialFillAsync(Boolean async)
   at System.Net.Http.HttpConnection.SendAsync(HttpRequestMessage request, Boolean async, CancellationToken cancellationToken)
   --- End of inner exception stack trace ---
   at System.Net.Http.HttpConnection.SendAsync(HttpRequestMessage request, Boolean async, CancellationToken cancellationToken)
   at System.Net.Http.AuthenticationHelper.SendWithNtAuthAsync(HttpRequestMessage request, Uri authUri, Boolean async, ICredentials credentials, Boolean isProxyAuth, HttpConnection connection, HttpConnectionPool connectionPool, CancellationToken cancellationToken)
   at System.Net.Http.HttpConnectionPool.SendWithVersionDetectionAndRetryAsync(HttpRequestMessage request, Boolean async, Boolean doRequestAuth, CancellationToken cancellationToken)
   at System.Net.Http.AuthenticationHelper.SendWithAuthAsync(HttpRequestMessage request, Uri authUri, Boolean async, ICredentials credentials, Boolean preAuthenticate, Boolean isProxyAuth, Boolean doRequestAuth, HttpConnectionPool pool, CancellationToken cancellationToken)
   at System.Net.Http.RedirectHandler.SendAsync(HttpRequestMessage request, Boolean async, CancellationToken cancellationToken)
   at GitHub.Services.Common.RawHttpMessageHandler.SendAsync(HttpRequestMessage request, CancellationToken cancellationToken)
   at GitHub.Services.Common.VssHttpRetryMessageHandler.SendAsync(HttpRequestMessage request, CancellationToken cancellationToken)
   at System.Net.Http.HttpClient.<SendAsync>g__Core|83_0(HttpRequestMessage request, HttpCompletionOption completionOption, CancellationTokenSource cts, Boolean disposeCts, CancellationTokenSource pendingRequestsCts, CancellationToken originalCancellationToken)
[2025-10-31 04:28:55Z ERR  BrokerServer] #####################################################
[2025-10-31 04:28:55Z ERR  BrokerServer] System.IO.IOException: Unable to read data from the transport connection: La operación de E/S se anuló por una salida de subproceso o por una solicitud de aplicación..
 ---> System.Net.Sockets.SocketException (995): La operación de E/S se anuló por una salida de subproceso o por una solicitud de aplicación.
   --- End of inner exception stack trace ---
   at System.Net.Sockets.Socket.AwaitableSocketAsyncEventArgs.ThrowException(SocketError error, CancellationToken cancellationToken)
   at System.Net.Sockets.Socket.AwaitableSocketAsyncEventArgs.System.Threading.Tasks.Sources.IValueTaskSource<System.Int32>.GetResult(Int16 token)
   at System.Net.Security.SslStream.EnsureFullTlsFrameAsync[TIOAdapter](CancellationToken cancellationToken, Int32 estimatedSize)
   at System.Runtime.CompilerServices.PoolingAsyncValueTaskMethodBuilder`1.StateMachineBox`1.System.Threading.Tasks.Sources.IValueTaskSource<TResult>.GetResult(Int16 token)
   at System.Net.Security.SslStream.ReadAsyncInternal[TIOAdapter](Memory`1 buffer, CancellationToken cancellationToken)
   at System.Runtime.CompilerServices.PoolingAsyncValueTaskMethodBuilder`1.StateMachineBox`1.System.Threading.Tasks.Sources.IValueTaskSource<TResult>.GetResult(Int16 token)
   at System.Net.Http.HttpConnection.InitialFillAsync(Boolean async)
   at System.Net.Http.HttpConnection.SendAsync(HttpRequestMessage request, Boolean async, CancellationToken cancellationToken)
[2025-10-31 04:28:55Z ERR  BrokerServer] #####################################################
[2025-10-31 04:28:55Z ERR  BrokerServer] System.Net.Sockets.SocketException (995): La operación de E/S se anuló por una salida de subproceso o por una solicitud de aplicación.
[2025-10-31 04:28:55Z WARN BrokerServer] Back off 7,071 seconds before next retry. 4 attempt left.
[2025-10-31 04:28:55Z INFO BrokerMessageListener] Get messages has been cancelled using local token source. Continue to get messages with new status.
