[2025-10-31 04:23:32Z INFO HostContext] No proxy settings were found based on environmental variables (http_proxy/https_proxy/HTTP_PROXY/HTTPS_PROXY)
[2025-10-31 04:23:32Z INFO HostContext] Well known directory 'Bin': 'D:\Eclipse\devopsExercise\actions-runner\bin'
[2025-10-31 04:23:32Z INFO HostContext] Well known directory 'Root': 'D:\Eclipse\devopsExercise\actions-runner'
[2025-10-31 04:23:32Z INFO HostContext] Well known config file 'Credentials': 'D:\Eclipse\devopsExercise\actions-runner\.credentials'
[2025-10-31 04:23:33Z INFO HostContext] Well known directory 'Bin': 'D:\Eclipse\devopsExercise\actions-runner\bin'
[2025-10-31 04:23:33Z INFO HostContext] Well known directory 'Root': 'D:\Eclipse\devopsExercise\actions-runner'
[2025-10-31 04:23:33Z INFO HostContext] Well known config file 'Runner': 'D:\Eclipse\devopsExercise\actions-runner\.runner'
[2025-10-31 04:23:33Z INFO Listener] Runner is built for Windows (X64) - win-x64.
[2025-10-31 04:23:33Z INFO Listener] RuntimeInformation: Microsoft Windows 10.0.19045.
[2025-10-31 04:23:33Z INFO Listener] Version: 2.329.0
[2025-10-31 04:23:33Z INFO Listener] Commit: c76c59996c8fa32e989164a5a695efb12608ae5a
[2025-10-31 04:23:33Z INFO Listener] Culture: es-EC
[2025-10-31 04:23:33Z INFO Listener] UI Culture: en-US
[2025-10-31 04:23:33Z INFO HostContext] Well known directory 'Bin': 'D:\Eclipse\devopsExercise\actions-runner\bin'
[2025-10-31 04:23:33Z INFO HostContext] Well known directory 'Root': 'D:\Eclipse\devopsExercise\actions-runner'
[2025-10-31 04:23:33Z INFO Listener] Validating directory permissions for: 'D:\Eclipse\devopsExercise\actions-runner'
[2025-10-31 04:23:33Z INFO CommandLineParser] Parse
[2025-10-31 04:23:33Z INFO CommandLineParser] Parsing 1 args
[2025-10-31 04:23:33Z INFO CommandLineParser] parsing argument
[2025-10-31 04:23:33Z INFO CommandLineParser] HasArgs: False
[2025-10-31 04:23:33Z INFO CommandLineParser] Adding Command: run
[2025-10-31 04:23:33Z INFO Listener] Arguments parsed
[2025-10-31 04:23:33Z INFO Runner] ExecuteCommand
[2025-10-31 04:23:33Z INFO ConfigurationStore] currentAssemblyLocation: D:\Eclipse\devopsExercise\actions-runner\bin\Runner.Listener.dll
[2025-10-31 04:23:33Z INFO HostContext] Well known directory 'Bin': 'D:\Eclipse\devopsExercise\actions-runner\bin'
[2025-10-31 04:23:33Z INFO ConfigurationStore] binPath: D:\Eclipse\devopsExercise\actions-runner\bin
[2025-10-31 04:23:33Z INFO HostContext] Well known directory 'Bin': 'D:\Eclipse\devopsExercise\actions-runner\bin'
[2025-10-31 04:23:33Z INFO HostContext] Well known directory 'Root': 'D:\Eclipse\devopsExercise\actions-runner'
[2025-10-31 04:23:33Z INFO ConfigurationStore] RootFolder: D:\Eclipse\devopsExercise\actions-runner
[2025-10-31 04:23:33Z INFO HostContext] Well known directory 'Bin': 'D:\Eclipse\devopsExercise\actions-runner\bin'
[2025-10-31 04:23:33Z INFO HostContext] Well known directory 'Root': 'D:\Eclipse\devopsExercise\actions-runner'
[2025-10-31 04:23:33Z INFO HostContext] Well known config file 'Runner': 'D:\Eclipse\devopsExercise\actions-runner\.runner'
[2025-10-31 04:23:33Z INFO ConfigurationStore] ConfigFilePath: D:\Eclipse\devopsExercise\actions-runner\.runner
[2025-10-31 04:23:33Z INFO HostContext] Well known directory 'Bin': 'D:\Eclipse\devopsExercise\actions-runner\bin'
[2025-10-31 04:23:33Z INFO HostContext] Well known directory 'Root': 'D:\Eclipse\devopsExercise\actions-runner'
[2025-10-31 04:23:33Z INFO HostContext] Well known config file 'MigratedRunner': 'D:\Eclipse\devopsExercise\actions-runner\.runner_migrated'
[2025-10-31 04:23:33Z INFO ConfigurationStore] MigratedConfigFilePath: D:\Eclipse\devopsExercise\actions-runner\.runner_migrated
[2025-10-31 04:23:33Z INFO HostContext] Well known directory 'Bin': 'D:\Eclipse\devopsExercise\actions-runner\bin'
[2025-10-31 04:23:33Z INFO HostContext] Well known directory 'Root': 'D:\Eclipse\devopsExercise\actions-runner'
[2025-10-31 04:23:33Z INFO HostContext] Well known config file 'Credentials': 'D:\Eclipse\devopsExercise\actions-runner\.credentials'
[2025-10-31 04:23:33Z INFO ConfigurationStore] CredFilePath: D:\Eclipse\devopsExercise\actions-runner\.credentials
[2025-10-31 04:23:33Z INFO HostContext] Well known directory 'Bin': 'D:\Eclipse\devopsExercise\actions-runner\bin'
[2025-10-31 04:23:33Z INFO HostContext] Well known directory 'Root': 'D:\Eclipse\devopsExercise\actions-runner'
[2025-10-31 04:23:33Z INFO HostContext] Well known config file 'MigratedCredentials': 'D:\Eclipse\devopsExercise\actions-runner\.credentials_migrated'
[2025-10-31 04:23:33Z INFO ConfigurationStore] MigratedCredFilePath: D:\Eclipse\devopsExercise\actions-runner\.credentials_migrated
[2025-10-31 04:23:33Z INFO HostContext] Well known directory 'Bin': 'D:\Eclipse\devopsExercise\actions-runner\bin'
[2025-10-31 04:23:33Z INFO HostContext] Well known directory 'Root': 'D:\Eclipse\devopsExercise\actions-runner'
[2025-10-31 04:23:33Z INFO HostContext] Well known config file 'Service': 'D:\Eclipse\devopsExercise\actions-runner\.service'
[2025-10-31 04:23:33Z INFO ConfigurationStore] ServiceConfigFilePath: D:\Eclipse\devopsExercise\actions-runner\.service
[2025-10-31 04:23:33Z INFO CommandSettings] Flag 'help': 'False'
[2025-10-31 04:23:33Z INFO CommandSettings] Flag 'version': 'False'
[2025-10-31 04:23:33Z INFO CommandSettings] Flag 'commit': 'False'
[2025-10-31 04:23:33Z INFO CommandSettings] Flag 'check': 'False'
[2025-10-31 04:23:33Z INFO CommandSettings] Command 'configure': 'False'
[2025-10-31 04:23:33Z INFO CommandSettings] Command 'remove': 'False'
[2025-10-31 04:23:33Z INFO CommandSettings] Command 'warmup': 'False'
[2025-10-31 04:23:33Z INFO ConfigurationManager] LoadSettings
[2025-10-31 04:23:33Z INFO ConfigurationStore] IsConfigured()
[2025-10-31 04:23:33Z INFO ConfigurationStore] IsConfigured: True
[2025-10-31 04:23:33Z INFO ConfigurationManager] Is configured: True
[2025-10-31 04:23:33Z INFO ConfigurationStore] Read setting file: 394 chars
[2025-10-31 04:23:33Z INFO ConfigurationManager] Settings Loaded
[2025-10-31 04:23:33Z INFO ConfigurationStore] IsServiceConfigured()
[2025-10-31 04:23:33Z INFO ConfigurationStore] IsServiceConfigured: True
[2025-10-31 04:23:33Z INFO CommandSettings] Command 'run': 'True'
[2025-10-31 04:23:33Z INFO ConfigurationStore] IsConfigured()
[2025-10-31 04:23:33Z INFO ConfigurationStore] IsConfigured: True
[2025-10-31 04:23:33Z INFO ConfigurationManager] Is configured: True
[2025-10-31 04:23:33Z INFO Runner] Try determine runner startup type base on console redirects.
[2025-10-31 04:23:33Z INFO Runner] Set runner startup type - Manual
[2025-10-31 04:23:33Z INFO CommandSettings] Flag 'once': 'False'
[2025-10-31 04:23:33Z INFO CommandSettings] Flag 'once': 'False'
[2025-10-31 04:23:33Z INFO Runner] RunAsync
[2025-10-31 04:23:33Z INFO ConfigurationManager] LoadMigratedSettings
[2025-10-31 04:23:33Z INFO ConfigurationStore] IsMigratedConfigured()
[2025-10-31 04:23:33Z INFO ConfigurationStore] IsMigratedConfigured: False
[2025-10-31 04:23:33Z INFO Runner] Failed to load migrated settings: No migrated configuration found.
[2025-10-31 04:23:33Z INFO Runner] Falling back to original .runner settings
[2025-10-31 04:23:33Z INFO Runner] Using BrokerMessageListener
[2025-10-31 04:23:33Z INFO BrokerMessageListener] Using provided settings
[2025-10-31 04:23:33Z INFO BrokerMessageListener] {
  "AgentId": 2,
  "AgentName": "BOTPC",
  "PoolId": 1,
  "PoolName": "Default",
  "ServerUrl": "https://pipelinesghubeus24.actions.githubusercontent.com/jhUIZ8jILW8KfuUHc917loBz0AAjYObg8M4C27oWHnqx82tVv7/",
  "GitHubUrl": "https://github.com/serdna123/ejercicioDevOps",
  "WorkFolder": "_work",
  "UseV2Flow": true,
  "ServerUrlV2": "https://broker.actions.githubusercontent.com/"
}
[2025-10-31 04:23:33Z INFO BrokerMessageListener] Loading Credentials
[2025-10-31 04:23:33Z INFO ConfigurationStore] HasCredentials()
[2025-10-31 04:23:33Z INFO ConfigurationStore] stored True
[2025-10-31 04:23:33Z INFO CredentialManager] GetCredentialProvider
[2025-10-31 04:23:33Z INFO CredentialManager] Creating type OAuth
[2025-10-31 04:23:33Z INFO CredentialManager] Creating credential type: OAuth
[2025-10-31 04:23:33Z INFO HostContext] Well known directory 'Bin': 'D:\Eclipse\devopsExercise\actions-runner\bin'
[2025-10-31 04:23:33Z INFO HostContext] Well known directory 'Root': 'D:\Eclipse\devopsExercise\actions-runner'
[2025-10-31 04:23:33Z INFO HostContext] Well known config file 'RSACredentials': 'D:\Eclipse\devopsExercise\actions-runner\.credentials_rsaparams'
[2025-10-31 04:23:33Z INFO RSAEncryptedFileKeyManager] Loading RSA key parameters from file D:\Eclipse\devopsExercise\actions-runner\.credentials_rsaparams
[2025-10-31 04:23:33Z INFO BrokerMessageListener] Attempt to create session.
[2025-10-31 04:23:33Z INFO BrokerMessageListener] Connecting to the Broker Server...
[2025-10-31 04:23:33Z INFO ConfigurationStore] HasCredentials()
[2025-10-31 04:23:33Z INFO ConfigurationStore] stored True
[2025-10-31 04:23:33Z INFO CredentialManager] GetCredentialProvider
[2025-10-31 04:23:33Z INFO CredentialManager] Creating type OAuth
[2025-10-31 04:23:33Z INFO CredentialManager] Creating credential type: OAuth
[2025-10-31 04:23:33Z INFO RSAEncryptedFileKeyManager] Loading RSA key parameters from file D:\Eclipse\devopsExercise\actions-runner\.credentials_rsaparams
[2025-10-31 04:23:33Z INFO BrokerMessageListener] VssConnection created
[2025-10-31 04:23:33Z INFO BrokerMessageListener] Connecting to the Runner server...
[2025-10-31 04:23:33Z INFO RunnerServer] EstablishVssConnection
[2025-10-31 04:23:33Z INFO RunnerServer] Establish connection with 100 seconds timeout.
[2025-10-31 04:23:33Z INFO GitHubActionsService] Starting operation Location.GetConnectionData
[2025-10-31 04:23:33Z INFO RunnerServer] EstablishVssConnection
[2025-10-31 04:23:33Z INFO RunnerServer] Establish connection with 60 seconds timeout.
[2025-10-31 04:23:33Z INFO GitHubActionsService] Starting operation Location.GetConnectionData
[2025-10-31 04:23:33Z INFO RunnerServer] EstablishVssConnection
[2025-10-31 04:23:33Z INFO RunnerServer] Establish connection with 60 seconds timeout.
[2025-10-31 04:23:33Z INFO GitHubActionsService] Starting operation Location.GetConnectionData
[2025-10-31 04:23:33Z INFO GitHubActionsService] Finished operation Location.GetConnectionData
[2025-10-31 04:23:33Z INFO GitHubActionsService] Finished operation Location.GetConnectionData
[2025-10-31 04:23:33Z INFO GitHubActionsService] Finished operation Location.GetConnectionData
[2025-10-31 04:23:33Z INFO GitHubActionsService] Starting operation Location.GetConnectionData
[2025-10-31 04:23:34Z INFO GitHubActionsService] Finished operation Location.GetConnectionData
[2025-10-31 04:23:34Z INFO GitHubActionsService] Starting operation Location.GetConnectionData
[2025-10-31 04:23:34Z INFO GitHubActionsService] Finished operation Location.GetConnectionData
[2025-10-31 04:23:34Z INFO BrokerMessageListener] VssConnection created
[2025-10-31 04:23:34Z INFO Terminal] WRITE LINE: 
[2025-10-31 04:23:34Z INFO Terminal] WRITE LINE: 
[2025-10-31 04:23:34Z INFO RSAEncryptedFileKeyManager] Loading RSA key parameters from file D:\Eclipse\devopsExercise\actions-runner\.credentials_rsaparams
[2025-10-31 04:23:34Z INFO RSAEncryptedFileKeyManager] Loading RSA key parameters from file D:\Eclipse\devopsExercise\actions-runner\.credentials_rsaparams
[2025-10-31 04:23:34Z INFO GitHubActionsService] AAD Correlation ID for this token request: Unknown
[2025-10-31 04:23:34Z ERR  GitHubActionsService] POST request to https://broker.actions.githubusercontent.com/session failed. HTTP Status: Conflict
[2025-10-31 04:23:34Z ERR  BrokerMessageListener] Catch exception during create session.
[2025-10-31 04:23:34Z ERR  BrokerMessageListener] GitHub.DistributedTask.WebApi.TaskAgentSessionConflictException: Error: Conflict
   at GitHub.Actions.RunService.WebApi.BrokerHttpClient.CreateSessionAsync(TaskAgentSession session, CancellationToken cancellationToken)
   at GitHub.Runner.Common.BrokerServer.CreateSessionAsync(TaskAgentSession session, CancellationToken cancellationToken)
   at GitHub.Runner.Listener.BrokerMessageListener.CreateSessionAsync(CancellationToken token)
[2025-10-31 04:23:34Z INFO BrokerMessageListener] The session for this runner already exists.
[2025-10-31 04:23:34Z ERR  Terminal] WRITE ERROR: A session for this runner already exists.
[2025-10-31 04:23:34Z INFO BrokerMessageListener] The session conflict exception haven't reached retry limit.
[2025-10-31 04:23:34Z ERR  Terminal] WRITE ERROR: 2025-10-31 04:23:34Z: Runner connect error: Error: Conflict. Retrying until reconnected.
[2025-10-31 04:23:34Z INFO BrokerMessageListener] Sleeping for 30 seconds before retrying.
[2025-10-31 04:24:04Z INFO BrokerMessageListener] Attempt to create session.
[2025-10-31 04:24:04Z INFO BrokerMessageListener] Connecting to the Broker Server...
[2025-10-31 04:24:04Z INFO ConfigurationStore] HasCredentials()
[2025-10-31 04:24:04Z INFO ConfigurationStore] stored True
[2025-10-31 04:24:04Z INFO CredentialManager] GetCredentialProvider
[2025-10-31 04:24:04Z INFO CredentialManager] Creating type OAuth
[2025-10-31 04:24:04Z INFO CredentialManager] Creating credential type: OAuth
[2025-10-31 04:24:04Z INFO RSAEncryptedFileKeyManager] Loading RSA key parameters from file D:\Eclipse\devopsExercise\actions-runner\.credentials_rsaparams
[2025-10-31 04:24:04Z INFO BrokerMessageListener] VssConnection created
[2025-10-31 04:24:04Z INFO BrokerMessageListener] Connecting to the Runner server...
[2025-10-31 04:24:04Z INFO RunnerServer] EstablishVssConnection
[2025-10-31 04:24:04Z INFO RunnerServer] Establish connection with 100 seconds timeout.
[2025-10-31 04:24:04Z INFO GitHubActionsService] Starting operation Location.GetConnectionData
[2025-10-31 04:24:04Z INFO RunnerServer] EstablishVssConnection
[2025-10-31 04:24:04Z INFO RunnerServer] Establish connection with 60 seconds timeout.
[2025-10-31 04:24:05Z INFO GitHubActionsService] Starting operation Location.GetConnectionData
[2025-10-31 04:24:05Z INFO RunnerServer] EstablishVssConnection
[2025-10-31 04:24:05Z INFO RunnerServer] Establish connection with 60 seconds timeout.
[2025-10-31 04:24:05Z INFO GitHubActionsService] Starting operation Location.GetConnectionData
[2025-10-31 04:24:05Z INFO GitHubActionsService] Finished operation Location.GetConnectionData
[2025-10-31 04:24:05Z INFO GitHubActionsService] Finished operation Location.GetConnectionData
[2025-10-31 04:24:05Z INFO GitHubActionsService] Finished operation Location.GetConnectionData
[2025-10-31 04:24:05Z INFO GitHubActionsService] Starting operation Location.GetConnectionData
[2025-10-31 04:24:05Z INFO GitHubActionsService] Finished operation Location.GetConnectionData
[2025-10-31 04:24:05Z INFO GitHubActionsService] Starting operation Location.GetConnectionData
[2025-10-31 04:24:05Z INFO GitHubActionsService] Finished operation Location.GetConnectionData
[2025-10-31 04:24:05Z INFO GitHubActionsService] Starting operation Location.GetConnectionData
[2025-10-31 04:24:06Z INFO GitHubActionsService] Finished operation Location.GetConnectionData
[2025-10-31 04:24:06Z INFO BrokerMessageListener] VssConnection created
[2025-10-31 04:24:06Z INFO Terminal] WRITE LINE: 
[2025-10-31 04:24:06Z INFO Terminal] WRITE LINE: 
[2025-10-31 04:24:06Z INFO RSAEncryptedFileKeyManager] Loading RSA key parameters from file D:\Eclipse\devopsExercise\actions-runner\.credentials_rsaparams
[2025-10-31 04:24:06Z INFO RSAEncryptedFileKeyManager] Loading RSA key parameters from file D:\Eclipse\devopsExercise\actions-runner\.credentials_rsaparams
[2025-10-31 04:24:06Z INFO GitHubActionsService] AAD Correlation ID for this token request: Unknown
[2025-10-31 04:24:06Z ERR  GitHubActionsService] POST request to https://broker.actions.githubusercontent.com/session failed. HTTP Status: Conflict
[2025-10-31 04:24:06Z ERR  BrokerMessageListener] Catch exception during create session.
[2025-10-31 04:24:06Z ERR  BrokerMessageListener] GitHub.DistributedTask.WebApi.TaskAgentSessionConflictException: Error: Conflict
   at GitHub.Actions.RunService.WebApi.BrokerHttpClient.CreateSessionAsync(TaskAgentSession session, CancellationToken cancellationToken)
   at GitHub.Runner.Common.BrokerServer.CreateSessionAsync(TaskAgentSession session, CancellationToken cancellationToken)
   at GitHub.Runner.Listener.BrokerMessageListener.CreateSessionAsync(CancellationToken token)
[2025-10-31 04:24:06Z INFO BrokerMessageListener] The session for this runner already exists.
[2025-10-31 04:24:06Z ERR  Terminal] WRITE ERROR: A session for this runner already exists.
[2025-10-31 04:24:06Z INFO BrokerMessageListener] The session conflict exception haven't reached retry limit.
[2025-10-31 04:24:06Z INFO BrokerMessageListener] Sleeping for 30 seconds before retrying.
[2025-10-31 04:24:36Z INFO BrokerMessageListener] Attempt to create session.
[2025-10-31 04:24:36Z INFO BrokerMessageListener] Connecting to the Broker Server...
[2025-10-31 04:24:36Z INFO ConfigurationStore] HasCredentials()
[2025-10-31 04:24:36Z INFO ConfigurationStore] stored True
[2025-10-31 04:24:36Z INFO CredentialManager] GetCredentialProvider
[2025-10-31 04:24:36Z INFO CredentialManager] Creating type OAuth
[2025-10-31 04:24:36Z INFO CredentialManager] Creating credential type: OAuth
[2025-10-31 04:24:36Z INFO RSAEncryptedFileKeyManager] Loading RSA key parameters from file D:\Eclipse\devopsExercise\actions-runner\.credentials_rsaparams
[2025-10-31 04:24:36Z INFO BrokerMessageListener] VssConnection created
[2025-10-31 04:24:36Z INFO BrokerMessageListener] Connecting to the Runner server...
[2025-10-31 04:24:36Z INFO RunnerServer] EstablishVssConnection
[2025-10-31 04:24:36Z INFO RunnerServer] Establish connection with 100 seconds timeout.
[2025-10-31 04:24:36Z INFO GitHubActionsService] Starting operation Location.GetConnectionData
[2025-10-31 04:24:36Z INFO RunnerServer] EstablishVssConnection
[2025-10-31 04:24:36Z INFO RunnerServer] Establish connection with 60 seconds timeout.
[2025-10-31 04:24:36Z INFO GitHubActionsService] Starting operation Location.GetConnectionData
[2025-10-31 04:24:36Z INFO RunnerServer] EstablishVssConnection
[2025-10-31 04:24:36Z INFO RunnerServer] Establish connection with 60 seconds timeout.
[2025-10-31 04:24:36Z INFO GitHubActionsService] Starting operation Location.GetConnectionData
[2025-10-31 04:24:37Z INFO GitHubActionsService] Finished operation Location.GetConnectionData
[2025-10-31 04:24:37Z INFO GitHubActionsService] Finished operation Location.GetConnectionData
[2025-10-31 04:24:37Z INFO GitHubActionsService] Finished operation Location.GetConnectionData
[2025-10-31 04:24:37Z INFO BrokerMessageListener] VssConnection created
[2025-10-31 04:24:37Z INFO Terminal] WRITE LINE: 
[2025-10-31 04:24:37Z INFO Terminal] WRITE LINE: 
[2025-10-31 04:24:37Z INFO RSAEncryptedFileKeyManager] Loading RSA key parameters from file D:\Eclipse\devopsExercise\actions-runner\.credentials_rsaparams
[2025-10-31 04:24:37Z INFO RSAEncryptedFileKeyManager] Loading RSA key parameters from file D:\Eclipse\devopsExercise\actions-runner\.credentials_rsaparams
[2025-10-31 04:24:37Z INFO GitHubActionsService] AAD Correlation ID for this token request: Unknown
[2025-10-31 04:24:37Z ERR  GitHubActionsService] POST request to https://broker.actions.githubusercontent.com/session failed. HTTP Status: Conflict
[2025-10-31 04:24:37Z ERR  BrokerMessageListener] Catch exception during create session.
[2025-10-31 04:24:37Z ERR  BrokerMessageListener] GitHub.DistributedTask.WebApi.TaskAgentSessionConflictException: Error: Conflict
   at GitHub.Actions.RunService.WebApi.BrokerHttpClient.CreateSessionAsync(TaskAgentSession session, CancellationToken cancellationToken)
   at GitHub.Runner.Common.BrokerServer.CreateSessionAsync(TaskAgentSession session, CancellationToken cancellationToken)
   at GitHub.Runner.Listener.BrokerMessageListener.CreateSessionAsync(CancellationToken token)
[2025-10-31 04:24:37Z INFO BrokerMessageListener] The session for this runner already exists.
[2025-10-31 04:24:37Z ERR  Terminal] WRITE ERROR: A session for this runner already exists.
[2025-10-31 04:24:37Z INFO BrokerMessageListener] The session conflict exception haven't reached retry limit.
[2025-10-31 04:24:37Z INFO BrokerMessageListener] Sleeping for 30 seconds before retrying.
[2025-10-31 04:25:07Z INFO BrokerMessageListener] Attempt to create session.
[2025-10-31 04:25:07Z INFO BrokerMessageListener] Connecting to the Broker Server...
[2025-10-31 04:25:07Z INFO ConfigurationStore] HasCredentials()
[2025-10-31 04:25:07Z INFO ConfigurationStore] stored True
[2025-10-31 04:25:07Z INFO CredentialManager] GetCredentialProvider
[2025-10-31 04:25:07Z INFO CredentialManager] Creating type OAuth
[2025-10-31 04:25:07Z INFO CredentialManager] Creating credential type: OAuth
[2025-10-31 04:25:07Z INFO RSAEncryptedFileKeyManager] Loading RSA key parameters from file D:\Eclipse\devopsExercise\actions-runner\.credentials_rsaparams
[2025-10-31 04:25:07Z INFO BrokerMessageListener] VssConnection created
[2025-10-31 04:25:07Z INFO BrokerMessageListener] Connecting to the Runner server...
[2025-10-31 04:25:07Z INFO RunnerServer] EstablishVssConnection
[2025-10-31 04:25:07Z INFO RunnerServer] Establish connection with 100 seconds timeout.
[2025-10-31 04:25:07Z INFO GitHubActionsService] Starting operation Location.GetConnectionData
[2025-10-31 04:25:07Z INFO RunnerServer] EstablishVssConnection
[2025-10-31 04:25:07Z INFO RunnerServer] Establish connection with 60 seconds timeout.
[2025-10-31 04:25:07Z INFO GitHubActionsService] Starting operation Location.GetConnectionData
[2025-10-31 04:25:07Z INFO RunnerServer] EstablishVssConnection
[2025-10-31 04:25:07Z INFO RunnerServer] Establish connection with 60 seconds timeout.
[2025-10-31 04:25:07Z INFO GitHubActionsService] Starting operation Location.GetConnectionData
[2025-10-31 04:25:08Z INFO GitHubActionsService] Finished operation Location.GetConnectionData
[2025-10-31 04:25:08Z INFO GitHubActionsService] Finished operation Location.GetConnectionData
[2025-10-31 04:25:08Z INFO GitHubActionsService] Finished operation Location.GetConnectionData
[2025-10-31 04:25:08Z INFO GitHubActionsService] Starting operation Location.GetConnectionData
[2025-10-31 04:25:08Z INFO GitHubActionsService] Finished operation Location.GetConnectionData
[2025-10-31 04:25:08Z INFO BrokerMessageListener] VssConnection created
[2025-10-31 04:25:08Z INFO Terminal] WRITE LINE: 
[2025-10-31 04:25:08Z INFO Terminal] WRITE LINE: 
[2025-10-31 04:25:08Z INFO RSAEncryptedFileKeyManager] Loading RSA key parameters from file D:\Eclipse\devopsExercise\actions-runner\.credentials_rsaparams
[2025-10-31 04:25:08Z INFO RSAEncryptedFileKeyManager] Loading RSA key parameters from file D:\Eclipse\devopsExercise\actions-runner\.credentials_rsaparams
[2025-10-31 04:25:08Z INFO GitHubActionsService] AAD Correlation ID for this token request: Unknown
[2025-10-31 04:25:08Z ERR  GitHubActionsService] POST request to https://broker.actions.githubusercontent.com/session failed. HTTP Status: Conflict
[2025-10-31 04:25:08Z ERR  BrokerMessageListener] Catch exception during create session.
[2025-10-31 04:25:08Z ERR  BrokerMessageListener] GitHub.DistributedTask.WebApi.TaskAgentSessionConflictException: Error: Conflict
   at GitHub.Actions.RunService.WebApi.BrokerHttpClient.CreateSessionAsync(TaskAgentSession session, CancellationToken cancellationToken)
   at GitHub.Runner.Common.BrokerServer.CreateSessionAsync(TaskAgentSession session, CancellationToken cancellationToken)
   at GitHub.Runner.Listener.BrokerMessageListener.CreateSessionAsync(CancellationToken token)
[2025-10-31 04:25:08Z INFO BrokerMessageListener] The session for this runner already exists.
[2025-10-31 04:25:08Z ERR  Terminal] WRITE ERROR: A session for this runner already exists.
[2025-10-31 04:25:08Z INFO BrokerMessageListener] The session conflict exception haven't reached retry limit.
[2025-10-31 04:25:08Z INFO BrokerMessageListener] Sleeping for 30 seconds before retrying.
[2025-10-31 04:25:38Z INFO BrokerMessageListener] Attempt to create session.
[2025-10-31 04:25:38Z INFO BrokerMessageListener] Connecting to the Broker Server...
[2025-10-31 04:25:38Z INFO ConfigurationStore] HasCredentials()
[2025-10-31 04:25:38Z INFO ConfigurationStore] stored True
[2025-10-31 04:25:38Z INFO CredentialManager] GetCredentialProvider
[2025-10-31 04:25:38Z INFO CredentialManager] Creating type OAuth
[2025-10-31 04:25:38Z INFO CredentialManager] Creating credential type: OAuth
[2025-10-31 04:25:38Z INFO RSAEncryptedFileKeyManager] Loading RSA key parameters from file D:\Eclipse\devopsExercise\actions-runner\.credentials_rsaparams
[2025-10-31 04:25:38Z INFO BrokerMessageListener] VssConnection created
[2025-10-31 04:25:38Z INFO BrokerMessageListener] Connecting to the Runner server...
[2025-10-31 04:25:38Z INFO RunnerServer] EstablishVssConnection
[2025-10-31 04:25:38Z INFO RunnerServer] Establish connection with 100 seconds timeout.
[2025-10-31 04:25:38Z INFO GitHubActionsService] Starting operation Location.GetConnectionData
[2025-10-31 04:25:38Z INFO RunnerServer] EstablishVssConnection
[2025-10-31 04:25:38Z INFO RunnerServer] Establish connection with 60 seconds timeout.
[2025-10-31 04:25:38Z INFO GitHubActionsService] Starting operation Location.GetConnectionData
[2025-10-31 04:25:38Z INFO RunnerServer] EstablishVssConnection
[2025-10-31 04:25:38Z INFO RunnerServer] Establish connection with 60 seconds timeout.
[2025-10-31 04:25:38Z INFO GitHubActionsService] Starting operation Location.GetConnectionData
[2025-10-31 04:25:39Z INFO GitHubActionsService] Finished operation Location.GetConnectionData
[2025-10-31 04:25:39Z INFO GitHubActionsService] Finished operation Location.GetConnectionData
[2025-10-31 04:25:39Z INFO GitHubActionsService] Finished operation Location.GetConnectionData
[2025-10-31 04:25:39Z INFO GitHubActionsService] Starting operation Location.GetConnectionData
[2025-10-31 04:25:39Z INFO GitHubActionsService] Finished operation Location.GetConnectionData
[2025-10-31 04:25:39Z INFO GitHubActionsService] Starting operation Location.GetConnectionData
[2025-10-31 04:25:39Z INFO GitHubActionsService] Finished operation Location.GetConnectionData
[2025-10-31 04:25:39Z INFO GitHubActionsService] Starting operation Location.GetConnectionData
[2025-10-31 04:25:39Z INFO GitHubActionsService] Finished operation Location.GetConnectionData
[2025-10-31 04:25:39Z INFO BrokerMessageListener] VssConnection created
[2025-10-31 04:25:39Z INFO Terminal] WRITE LINE: 
[2025-10-31 04:25:39Z INFO Terminal] WRITE LINE: 
[2025-10-31 04:25:39Z INFO RSAEncryptedFileKeyManager] Loading RSA key parameters from file D:\Eclipse\devopsExercise\actions-runner\.credentials_rsaparams
[2025-10-31 04:25:39Z INFO RSAEncryptedFileKeyManager] Loading RSA key parameters from file D:\Eclipse\devopsExercise\actions-runner\.credentials_rsaparams
[2025-10-31 04:25:40Z INFO GitHubActionsService] AAD Correlation ID for this token request: Unknown
[2025-10-31 04:25:40Z ERR  GitHubActionsService] POST request to https://broker.actions.githubusercontent.com/session failed. HTTP Status: Conflict
[2025-10-31 04:25:40Z ERR  BrokerMessageListener] Catch exception during create session.
[2025-10-31 04:25:40Z ERR  BrokerMessageListener] GitHub.DistributedTask.WebApi.TaskAgentSessionConflictException: Error: Conflict
   at GitHub.Actions.RunService.WebApi.BrokerHttpClient.CreateSessionAsync(TaskAgentSession session, CancellationToken cancellationToken)
   at GitHub.Runner.Common.BrokerServer.CreateSessionAsync(TaskAgentSession session, CancellationToken cancellationToken)
   at GitHub.Runner.Listener.BrokerMessageListener.CreateSessionAsync(CancellationToken token)
[2025-10-31 04:25:40Z INFO BrokerMessageListener] The session for this runner already exists.
[2025-10-31 04:25:40Z ERR  Terminal] WRITE ERROR: A session for this runner already exists.
[2025-10-31 04:25:40Z INFO BrokerMessageListener] The session conflict exception haven't reached retry limit.
[2025-10-31 04:25:40Z INFO BrokerMessageListener] Sleeping for 30 seconds before retrying.
[2025-10-31 04:26:10Z INFO BrokerMessageListener] Attempt to create session.
[2025-10-31 04:26:10Z INFO BrokerMessageListener] Connecting to the Broker Server...
[2025-10-31 04:26:10Z INFO ConfigurationStore] HasCredentials()
[2025-10-31 04:26:10Z INFO ConfigurationStore] stored True
[2025-10-31 04:26:10Z INFO CredentialManager] GetCredentialProvider
[2025-10-31 04:26:10Z INFO CredentialManager] Creating type OAuth
[2025-10-31 04:26:10Z INFO CredentialManager] Creating credential type: OAuth
[2025-10-31 04:26:10Z INFO RSAEncryptedFileKeyManager] Loading RSA key parameters from file D:\Eclipse\devopsExercise\actions-runner\.credentials_rsaparams
[2025-10-31 04:26:10Z INFO BrokerMessageListener] VssConnection created
[2025-10-31 04:26:10Z INFO BrokerMessageListener] Connecting to the Runner server...
[2025-10-31 04:26:10Z INFO RunnerServer] EstablishVssConnection
[2025-10-31 04:26:10Z INFO RunnerServer] Establish connection with 100 seconds timeout.
[2025-10-31 04:26:10Z INFO GitHubActionsService] Starting operation Location.GetConnectionData
[2025-10-31 04:26:10Z INFO RunnerServer] EstablishVssConnection
[2025-10-31 04:26:10Z INFO RunnerServer] Establish connection with 60 seconds timeout.
[2025-10-31 04:26:10Z INFO GitHubActionsService] Starting operation Location.GetConnectionData
[2025-10-31 04:26:10Z INFO RunnerServer] EstablishVssConnection
[2025-10-31 04:26:10Z INFO RunnerServer] Establish connection with 60 seconds timeout.
[2025-10-31 04:26:10Z INFO GitHubActionsService] Starting operation Location.GetConnectionData
[2025-10-31 04:26:10Z INFO GitHubActionsService] Finished operation Location.GetConnectionData
[2025-10-31 04:26:10Z INFO GitHubActionsService] Finished operation Location.GetConnectionData
[2025-10-31 04:26:10Z INFO GitHubActionsService] Finished operation Location.GetConnectionData
[2025-10-31 04:26:11Z INFO BrokerMessageListener] VssConnection created
[2025-10-31 04:26:11Z INFO Terminal] WRITE LINE: 
[2025-10-31 04:26:11Z INFO Terminal] WRITE LINE: 
[2025-10-31 04:26:11Z INFO RSAEncryptedFileKeyManager] Loading RSA key parameters from file D:\Eclipse\devopsExercise\actions-runner\.credentials_rsaparams
[2025-10-31 04:26:11Z INFO RSAEncryptedFileKeyManager] Loading RSA key parameters from file D:\Eclipse\devopsExercise\actions-runner\.credentials_rsaparams
[2025-10-31 04:26:11Z INFO GitHubActionsService] AAD Correlation ID for this token request: Unknown
[2025-10-31 04:26:11Z ERR  GitHubActionsService] POST request to https://broker.actions.githubusercontent.com/session failed. HTTP Status: Conflict
[2025-10-31 04:26:11Z ERR  BrokerMessageListener] Catch exception during create session.
[2025-10-31 04:26:11Z ERR  BrokerMessageListener] GitHub.DistributedTask.WebApi.TaskAgentSessionConflictException: Error: Conflict
   at GitHub.Actions.RunService.WebApi.BrokerHttpClient.CreateSessionAsync(TaskAgentSession session, CancellationToken cancellationToken)
   at GitHub.Runner.Common.BrokerServer.CreateSessionAsync(TaskAgentSession session, CancellationToken cancellationToken)
   at GitHub.Runner.Listener.BrokerMessageListener.CreateSessionAsync(CancellationToken token)
[2025-10-31 04:26:11Z INFO BrokerMessageListener] The session for this runner already exists.
[2025-10-31 04:26:11Z ERR  Terminal] WRITE ERROR: A session for this runner already exists.
[2025-10-31 04:26:11Z INFO BrokerMessageListener] The session conflict exception haven't reached retry limit.
[2025-10-31 04:26:11Z INFO BrokerMessageListener] Sleeping for 30 seconds before retrying.
[2025-10-31 04:26:41Z INFO BrokerMessageListener] Attempt to create session.
[2025-10-31 04:26:41Z INFO BrokerMessageListener] Connecting to the Broker Server...
[2025-10-31 04:26:41Z INFO ConfigurationStore] HasCredentials()
[2025-10-31 04:26:41Z INFO ConfigurationStore] stored True
[2025-10-31 04:26:41Z INFO CredentialManager] GetCredentialProvider
[2025-10-31 04:26:41Z INFO CredentialManager] Creating type OAuth
[2025-10-31 04:26:41Z INFO CredentialManager] Creating credential type: OAuth
[2025-10-31 04:26:41Z INFO RSAEncryptedFileKeyManager] Loading RSA key parameters from file D:\Eclipse\devopsExercise\actions-runner\.credentials_rsaparams
[2025-10-31 04:26:41Z INFO BrokerMessageListener] VssConnection created
[2025-10-31 04:26:41Z INFO BrokerMessageListener] Connecting to the Runner server...
[2025-10-31 04:26:41Z INFO RunnerServer] EstablishVssConnection
[2025-10-31 04:26:41Z INFO RunnerServer] Establish connection with 100 seconds timeout.
[2025-10-31 04:26:41Z INFO GitHubActionsService] Starting operation Location.GetConnectionData
[2025-10-31 04:26:41Z INFO RunnerServer] EstablishVssConnection
[2025-10-31 04:26:41Z INFO RunnerServer] Establish connection with 60 seconds timeout.
[2025-10-31 04:26:41Z INFO GitHubActionsService] Starting operation Location.GetConnectionData
[2025-10-31 04:26:41Z INFO RunnerServer] EstablishVssConnection
[2025-10-31 04:26:41Z INFO RunnerServer] Establish connection with 60 seconds timeout.
[2025-10-31 04:26:41Z INFO GitHubActionsService] Starting operation Location.GetConnectionData
[2025-10-31 04:26:42Z INFO GitHubActionsService] Finished operation Location.GetConnectionData
[2025-10-31 04:26:42Z INFO GitHubActionsService] Finished operation Location.GetConnectionData
[2025-10-31 04:26:42Z INFO GitHubActionsService] Finished operation Location.GetConnectionData
[2025-10-31 04:26:42Z INFO BrokerMessageListener] VssConnection created
[2025-10-31 04:26:42Z INFO Terminal] WRITE LINE: 
[2025-10-31 04:26:42Z INFO Terminal] WRITE LINE: 
[2025-10-31 04:26:42Z INFO RSAEncryptedFileKeyManager] Loading RSA key parameters from file D:\Eclipse\devopsExercise\actions-runner\.credentials_rsaparams
[2025-10-31 04:26:42Z INFO RSAEncryptedFileKeyManager] Loading RSA key parameters from file D:\Eclipse\devopsExercise\actions-runner\.credentials_rsaparams
[2025-10-31 04:26:42Z INFO GitHubActionsService] AAD Correlation ID for this token request: Unknown
[2025-10-31 04:26:42Z ERR  GitHubActionsService] POST request to https://broker.actions.githubusercontent.com/session failed. HTTP Status: Conflict
[2025-10-31 04:26:42Z ERR  BrokerMessageListener] Catch exception during create session.
[2025-10-31 04:26:42Z ERR  BrokerMessageListener] GitHub.DistributedTask.WebApi.TaskAgentSessionConflictException: Error: Conflict
   at GitHub.Actions.RunService.WebApi.BrokerHttpClient.CreateSessionAsync(TaskAgentSession session, CancellationToken cancellationToken)
   at GitHub.Runner.Common.BrokerServer.CreateSessionAsync(TaskAgentSession session, CancellationToken cancellationToken)
   at GitHub.Runner.Listener.BrokerMessageListener.CreateSessionAsync(CancellationToken token)
[2025-10-31 04:26:42Z INFO BrokerMessageListener] The session for this runner already exists.
[2025-10-31 04:26:42Z ERR  Terminal] WRITE ERROR: A session for this runner already exists.
[2025-10-31 04:26:42Z INFO BrokerMessageListener] The session conflict exception haven't reached retry limit.
[2025-10-31 04:26:42Z INFO BrokerMessageListener] Sleeping for 30 seconds before retrying.
[2025-10-31 04:27:12Z INFO BrokerMessageListener] Attempt to create session.
[2025-10-31 04:27:12Z INFO BrokerMessageListener] Connecting to the Broker Server...
[2025-10-31 04:27:12Z INFO ConfigurationStore] HasCredentials()
[2025-10-31 04:27:12Z INFO ConfigurationStore] stored True
[2025-10-31 04:27:12Z INFO CredentialManager] GetCredentialProvider
[2025-10-31 04:27:12Z INFO CredentialManager] Creating type OAuth
[2025-10-31 04:27:12Z INFO CredentialManager] Creating credential type: OAuth
[2025-10-31 04:27:12Z INFO RSAEncryptedFileKeyManager] Loading RSA key parameters from file D:\Eclipse\devopsExercise\actions-runner\.credentials_rsaparams
[2025-10-31 04:27:12Z INFO BrokerMessageListener] VssConnection created
[2025-10-31 04:27:12Z INFO BrokerMessageListener] Connecting to the Runner server...
[2025-10-31 04:27:12Z INFO RunnerServer] EstablishVssConnection
[2025-10-31 04:27:12Z INFO RunnerServer] Establish connection with 100 seconds timeout.
[2025-10-31 04:27:12Z INFO GitHubActionsService] Starting operation Location.GetConnectionData
[2025-10-31 04:27:12Z INFO RunnerServer] EstablishVssConnection
[2025-10-31 04:27:12Z INFO RunnerServer] Establish connection with 60 seconds timeout.
[2025-10-31 04:27:12Z INFO GitHubActionsService] Starting operation Location.GetConnectionData
[2025-10-31 04:27:12Z INFO RunnerServer] EstablishVssConnection
[2025-10-31 04:27:12Z INFO RunnerServer] Establish connection with 60 seconds timeout.
[2025-10-31 04:27:12Z INFO GitHubActionsService] Starting operation Location.GetConnectionData
[2025-10-31 04:27:13Z INFO GitHubActionsService] Finished operation Location.GetConnectionData
[2025-10-31 04:27:13Z INFO GitHubActionsService] Finished operation Location.GetConnectionData
[2025-10-31 04:27:13Z INFO GitHubActionsService] Finished operation Location.GetConnectionData
[2025-10-31 04:27:13Z INFO BrokerMessageListener] VssConnection created
[2025-10-31 04:27:13Z INFO Terminal] WRITE LINE: 
[2025-10-31 04:27:13Z INFO Terminal] WRITE LINE: 
[2025-10-31 04:27:13Z INFO RSAEncryptedFileKeyManager] Loading RSA key parameters from file D:\Eclipse\devopsExercise\actions-runner\.credentials_rsaparams
[2025-10-31 04:27:13Z INFO RSAEncryptedFileKeyManager] Loading RSA key parameters from file D:\Eclipse\devopsExercise\actions-runner\.credentials_rsaparams
[2025-10-31 04:27:13Z INFO GitHubActionsService] AAD Correlation ID for this token request: Unknown
[2025-10-31 04:27:13Z ERR  GitHubActionsService] POST request to https://broker.actions.githubusercontent.com/session failed. HTTP Status: Conflict
[2025-10-31 04:27:13Z ERR  BrokerMessageListener] Catch exception during create session.
[2025-10-31 04:27:13Z ERR  BrokerMessageListener] GitHub.DistributedTask.WebApi.TaskAgentSessionConflictException: Error: Conflict
   at GitHub.Actions.RunService.WebApi.BrokerHttpClient.CreateSessionAsync(TaskAgentSession session, CancellationToken cancellationToken)
   at GitHub.Runner.Common.BrokerServer.CreateSessionAsync(TaskAgentSession session, CancellationToken cancellationToken)
   at GitHub.Runner.Listener.BrokerMessageListener.CreateSessionAsync(CancellationToken token)
[2025-10-31 04:27:13Z INFO BrokerMessageListener] The session for this runner already exists.
[2025-10-31 04:27:13Z ERR  Terminal] WRITE ERROR: A session for this runner already exists.
[2025-10-31 04:27:13Z INFO BrokerMessageListener] The session conflict exception have reached retry limit.
[2025-10-31 04:27:13Z ERR  Terminal] WRITE ERROR: Stop retry on SessionConflictException after retried for 240 seconds.
[2025-10-31 04:27:13Z ERR  Terminal] WRITE ERROR: Failed to create session. Error: Conflict
[2025-10-31 04:27:13Z INFO Listener] Runner execution has finished with return code 5
