[2025-11-01 04:34:24Z INFO HostContext] No proxy settings were found based on environmental variables (http_proxy/https_proxy/HTTP_PROXY/HTTPS_PROXY)
[2025-11-01 04:34:24Z INFO HostContext] Well known directory 'Bin': 'D:\Eclipse\devopsExercise\actions-runner\bin'
[2025-11-01 04:34:24Z INFO HostContext] Well known directory 'Root': 'D:\Eclipse\devopsExercise\actions-runner'
[2025-11-01 04:34:24Z INFO HostContext] Well known config file 'Credentials': 'D:\Eclipse\devopsExercise\actions-runner\.credentials'
[2025-11-01 04:34:25Z INFO HostContext] Well known directory 'Bin': 'D:\Eclipse\devopsExercise\actions-runner\bin'
[2025-11-01 04:34:25Z INFO HostContext] Well known directory 'Root': 'D:\Eclipse\devopsExercise\actions-runner'
[2025-11-01 04:34:25Z INFO HostContext] Well known config file 'Runner': 'D:\Eclipse\devopsExercise\actions-runner\.runner'
[2025-11-01 04:34:25Z INFO Listener] Runner is built for Windows (X64) - win-x64.
[2025-11-01 04:34:25Z INFO Listener] RuntimeInformation: Microsoft Windows 10.0.19045.
[2025-11-01 04:34:25Z INFO Listener] Version: 2.329.0
[2025-11-01 04:34:25Z INFO Listener] Commit: c76c59996c8fa32e989164a5a695efb12608ae5a
[2025-11-01 04:34:25Z INFO Listener] Culture: es-EC
[2025-11-01 04:34:25Z INFO Listener] UI Culture: en-US
[2025-11-01 04:34:25Z INFO HostContext] Well known directory 'Bin': 'D:\Eclipse\devopsExercise\actions-runner\bin'
[2025-11-01 04:34:25Z INFO HostContext] Well known directory 'Root': 'D:\Eclipse\devopsExercise\actions-runner'
[2025-11-01 04:34:25Z INFO Listener] Validating directory permissions for: 'D:\Eclipse\devopsExercise\actions-runner'
[2025-11-01 04:34:25Z INFO CommandLineParser] Parse
[2025-11-01 04:34:25Z INFO CommandLineParser] Parsing 1 args
[2025-11-01 04:34:25Z INFO CommandLineParser] parsing argument
[2025-11-01 04:34:25Z INFO CommandLineParser] HasArgs: False
[2025-11-01 04:34:25Z INFO CommandLineParser] Adding Command: run
[2025-11-01 04:34:25Z INFO Listener] Arguments parsed
[2025-11-01 04:34:26Z INFO Runner] ExecuteCommand
[2025-11-01 04:34:26Z INFO ConfigurationStore] currentAssemblyLocation: D:\Eclipse\devopsExercise\actions-runner\bin\Runner.Listener.dll
[2025-11-01 04:34:26Z INFO HostContext] Well known directory 'Bin': 'D:\Eclipse\devopsExercise\actions-runner\bin'
[2025-11-01 04:34:26Z INFO ConfigurationStore] binPath: D:\Eclipse\devopsExercise\actions-runner\bin
[2025-11-01 04:34:26Z INFO HostContext] Well known directory 'Bin': 'D:\Eclipse\devopsExercise\actions-runner\bin'
[2025-11-01 04:34:26Z INFO HostContext] Well known directory 'Root': 'D:\Eclipse\devopsExercise\actions-runner'
[2025-11-01 04:34:26Z INFO ConfigurationStore] RootFolder: D:\Eclipse\devopsExercise\actions-runner
[2025-11-01 04:34:26Z INFO HostContext] Well known directory 'Bin': 'D:\Eclipse\devopsExercise\actions-runner\bin'
[2025-11-01 04:34:26Z INFO HostContext] Well known directory 'Root': 'D:\Eclipse\devopsExercise\actions-runner'
[2025-11-01 04:34:26Z INFO HostContext] Well known config file 'Runner': 'D:\Eclipse\devopsExercise\actions-runner\.runner'
[2025-11-01 04:34:26Z INFO ConfigurationStore] ConfigFilePath: D:\Eclipse\devopsExercise\actions-runner\.runner
[2025-11-01 04:34:26Z INFO HostContext] Well known directory 'Bin': 'D:\Eclipse\devopsExercise\actions-runner\bin'
[2025-11-01 04:34:26Z INFO HostContext] Well known directory 'Root': 'D:\Eclipse\devopsExercise\actions-runner'
[2025-11-01 04:34:26Z INFO HostContext] Well known config file 'MigratedRunner': 'D:\Eclipse\devopsExercise\actions-runner\.runner_migrated'
[2025-11-01 04:34:26Z INFO ConfigurationStore] MigratedConfigFilePath: D:\Eclipse\devopsExercise\actions-runner\.runner_migrated
[2025-11-01 04:34:26Z INFO HostContext] Well known directory 'Bin': 'D:\Eclipse\devopsExercise\actions-runner\bin'
[2025-11-01 04:34:26Z INFO HostContext] Well known directory 'Root': 'D:\Eclipse\devopsExercise\actions-runner'
[2025-11-01 04:34:26Z INFO HostContext] Well known config file 'Credentials': 'D:\Eclipse\devopsExercise\actions-runner\.credentials'
[2025-11-01 04:34:26Z INFO ConfigurationStore] CredFilePath: D:\Eclipse\devopsExercise\actions-runner\.credentials
[2025-11-01 04:34:26Z INFO HostContext] Well known directory 'Bin': 'D:\Eclipse\devopsExercise\actions-runner\bin'
[2025-11-01 04:34:26Z INFO HostContext] Well known directory 'Root': 'D:\Eclipse\devopsExercise\actions-runner'
[2025-11-01 04:34:26Z INFO HostContext] Well known config file 'MigratedCredentials': 'D:\Eclipse\devopsExercise\actions-runner\.credentials_migrated'
[2025-11-01 04:34:26Z INFO ConfigurationStore] MigratedCredFilePath: D:\Eclipse\devopsExercise\actions-runner\.credentials_migrated
[2025-11-01 04:34:26Z INFO HostContext] Well known directory 'Bin': 'D:\Eclipse\devopsExercise\actions-runner\bin'
[2025-11-01 04:34:26Z INFO HostContext] Well known directory 'Root': 'D:\Eclipse\devopsExercise\actions-runner'
[2025-11-01 04:34:26Z INFO HostContext] Well known config file 'Service': 'D:\Eclipse\devopsExercise\actions-runner\.service'
[2025-11-01 04:34:26Z INFO ConfigurationStore] ServiceConfigFilePath: D:\Eclipse\devopsExercise\actions-runner\.service
[2025-11-01 04:34:26Z INFO CommandSettings] Flag 'help': 'False'
[2025-11-01 04:34:26Z INFO CommandSettings] Flag 'version': 'False'
[2025-11-01 04:34:26Z INFO CommandSettings] Flag 'commit': 'False'
[2025-11-01 04:34:26Z INFO CommandSettings] Flag 'check': 'False'
[2025-11-01 04:34:26Z INFO CommandSettings] Command 'configure': 'False'
[2025-11-01 04:34:26Z INFO CommandSettings] Command 'remove': 'False'
[2025-11-01 04:34:26Z INFO CommandSettings] Command 'warmup': 'False'
[2025-11-01 04:34:26Z INFO ConfigurationManager] LoadSettings
[2025-11-01 04:34:26Z INFO ConfigurationStore] IsConfigured()
[2025-11-01 04:34:26Z INFO ConfigurationStore] IsConfigured: True
[2025-11-01 04:34:26Z INFO ConfigurationManager] Is configured: True
[2025-11-01 04:34:26Z INFO ConfigurationStore] Read setting file: 394 chars
[2025-11-01 04:34:26Z INFO ConfigurationManager] Settings Loaded
[2025-11-01 04:34:26Z INFO ConfigurationStore] IsServiceConfigured()
[2025-11-01 04:34:26Z INFO ConfigurationStore] IsServiceConfigured: True
[2025-11-01 04:34:26Z INFO CommandSettings] Command 'run': 'True'
[2025-11-01 04:34:26Z INFO ConfigurationStore] IsConfigured()
[2025-11-01 04:34:26Z INFO ConfigurationStore] IsConfigured: True
[2025-11-01 04:34:26Z INFO ConfigurationManager] Is configured: True
[2025-11-01 04:34:26Z INFO Runner] Try determine runner startup type base on console redirects.
[2025-11-01 04:34:26Z INFO Runner] Set runner startup type - Manual
[2025-11-01 04:34:26Z INFO CommandSettings] Flag 'once': 'False'
[2025-11-01 04:34:26Z INFO CommandSettings] Flag 'once': 'False'
[2025-11-01 04:34:26Z INFO Runner] RunAsync
[2025-11-01 04:34:26Z INFO ConfigurationManager] LoadMigratedSettings
[2025-11-01 04:34:26Z INFO ConfigurationStore] IsMigratedConfigured()
[2025-11-01 04:34:26Z INFO ConfigurationStore] IsMigratedConfigured: False
[2025-11-01 04:34:26Z INFO Runner] Failed to load migrated settings: No migrated configuration found.
[2025-11-01 04:34:26Z INFO Runner] Falling back to original .runner settings
[2025-11-01 04:34:26Z INFO Runner] Using BrokerMessageListener
[2025-11-01 04:34:26Z INFO BrokerMessageListener] Using provided settings
[2025-11-01 04:34:26Z INFO BrokerMessageListener] {
  "AgentId": 2,
  "AgentName": "BOTPC",
  "PoolId": 1,
  "PoolName": "Default",
  "ServerUrl": "https://pipelinesghubeus24.actions.githubusercontent.com/jhUIZ8jILW8KfuUHc917loBz0AAjYObg8M4C27oWHnqx82tVv7/",
  "GitHubUrl": "https://github.com/serdna123/ejercicioDevOps",
  "WorkFolder": "_work",
  "UseV2Flow": true,
  "ServerUrlV2": "https://broker.actions.githubusercontent.com/"
}
[2025-11-01 04:34:26Z INFO BrokerMessageListener] Loading Credentials
[2025-11-01 04:34:26Z INFO ConfigurationStore] HasCredentials()
[2025-11-01 04:34:26Z INFO ConfigurationStore] stored True
[2025-11-01 04:34:26Z INFO CredentialManager] GetCredentialProvider
[2025-11-01 04:34:26Z INFO CredentialManager] Creating type OAuth
[2025-11-01 04:34:26Z INFO CredentialManager] Creating credential type: OAuth
[2025-11-01 04:34:26Z INFO HostContext] Well known directory 'Bin': 'D:\Eclipse\devopsExercise\actions-runner\bin'
[2025-11-01 04:34:26Z INFO HostContext] Well known directory 'Root': 'D:\Eclipse\devopsExercise\actions-runner'
[2025-11-01 04:34:26Z INFO HostContext] Well known config file 'RSACredentials': 'D:\Eclipse\devopsExercise\actions-runner\.credentials_rsaparams'
[2025-11-01 04:34:26Z INFO RSAEncryptedFileKeyManager] Loading RSA key parameters from file D:\Eclipse\devopsExercise\actions-runner\.credentials_rsaparams
[2025-11-01 04:34:26Z INFO BrokerMessageListener] Attempt to create session.
[2025-11-01 04:34:26Z INFO BrokerMessageListener] Connecting to the Broker Server...
[2025-11-01 04:34:26Z INFO ConfigurationStore] HasCredentials()
[2025-11-01 04:34:26Z INFO ConfigurationStore] stored True
[2025-11-01 04:34:26Z INFO CredentialManager] GetCredentialProvider
[2025-11-01 04:34:26Z INFO CredentialManager] Creating type OAuth
[2025-11-01 04:34:26Z INFO CredentialManager] Creating credential type: OAuth
[2025-11-01 04:34:26Z INFO RSAEncryptedFileKeyManager] Loading RSA key parameters from file D:\Eclipse\devopsExercise\actions-runner\.credentials_rsaparams
[2025-11-01 04:34:26Z INFO BrokerMessageListener] VssConnection created
[2025-11-01 04:34:26Z INFO BrokerMessageListener] Connecting to the Runner server...
[2025-11-01 04:34:26Z INFO RunnerServer] EstablishVssConnection
[2025-11-01 04:34:26Z INFO RunnerServer] Establish connection with 100 seconds timeout.
[2025-11-01 04:34:26Z INFO GitHubActionsService] Starting operation Location.GetConnectionData
[2025-11-01 04:34:26Z INFO RunnerServer] EstablishVssConnection
[2025-11-01 04:34:26Z INFO RunnerServer] Establish connection with 60 seconds timeout.
[2025-11-01 04:34:26Z INFO GitHubActionsService] Starting operation Location.GetConnectionData
[2025-11-01 04:34:26Z INFO RunnerServer] EstablishVssConnection
[2025-11-01 04:34:26Z INFO RunnerServer] Establish connection with 60 seconds timeout.
[2025-11-01 04:34:26Z INFO GitHubActionsService] Starting operation Location.GetConnectionData
[2025-11-01 04:34:27Z INFO GitHubActionsService] Finished operation Location.GetConnectionData
[2025-11-01 04:34:27Z INFO GitHubActionsService] Finished operation Location.GetConnectionData
[2025-11-01 04:34:27Z INFO GitHubActionsService] Finished operation Location.GetConnectionData
[2025-11-01 04:34:27Z INFO BrokerMessageListener] VssConnection created
[2025-11-01 04:34:27Z INFO Terminal] WRITE LINE: 
[2025-11-01 04:34:27Z INFO Terminal] WRITE LINE: 
[2025-11-01 04:34:27Z INFO RSAEncryptedFileKeyManager] Loading RSA key parameters from file D:\Eclipse\devopsExercise\actions-runner\.credentials_rsaparams
[2025-11-01 04:34:27Z INFO RSAEncryptedFileKeyManager] Loading RSA key parameters from file D:\Eclipse\devopsExercise\actions-runner\.credentials_rsaparams
[2025-11-01 04:34:27Z INFO GitHubActionsService] AAD Correlation ID for this token request: Unknown
[2025-11-01 04:34:28Z INFO BrokerMessageListener] Session created.
[2025-11-01 04:34:28Z INFO Terminal] WRITE LINE: Current runner version: '2.329.0'
[2025-11-01 04:34:28Z INFO Terminal] WRITE LINE: 2025-11-01 04:34:28Z: Listening for Jobs
[2025-11-01 04:34:28Z INFO JobDispatcher] Set runner/worker IPC timeout to 30 seconds.
[2025-11-01 04:34:28Z INFO ConfigurationStore] HasCredentials()
[2025-11-01 04:34:28Z INFO ConfigurationStore] stored True
[2025-11-01 04:34:28Z INFO CredentialManager] GetCredentialProvider
[2025-11-01 04:34:28Z INFO CredentialManager] Creating type OAuth
[2025-11-01 04:34:28Z INFO CredentialManager] Creating credential type: OAuth
[2025-11-01 04:34:28Z INFO RSAEncryptedFileKeyManager] Loading RSA key parameters from file D:\Eclipse\devopsExercise\actions-runner\.credentials_rsaparams
[2025-11-01 04:34:28Z INFO RSAEncryptedFileKeyManager] Loading RSA key parameters from file D:\Eclipse\devopsExercise\actions-runner\.credentials_rsaparams
[2025-11-01 04:34:28Z INFO RSAEncryptedFileKeyManager] Loading RSA key parameters from file D:\Eclipse\devopsExercise\actions-runner\.credentials_rsaparams
[2025-11-01 04:34:28Z INFO GitHubActionsService] AAD Correlation ID for this token request: Unknown
[2025-11-01 04:34:29Z INFO JobDispatcher] Job request 0 for plan ce23f56c-95f1-40ea-aa15-078846c4fc60 job 9c9dc3b9-53e4-55e9-9485-24ac93a82294 received.
[2025-11-01 04:34:29Z INFO JobDispatcher] Pull OrchestrationId ce23f56c-95f1-40ea-aa15-078846c4fc60.deploy.__default from JWT claims
[2025-11-01 04:34:29Z INFO BrokerMessageListener] Received job status event. JobState: Busy
[2025-11-01 04:34:29Z INFO BrokerMessageListener] _getMessagesTokenSource is already disposed.
[2025-11-01 04:34:29Z INFO Terminal] WRITE LINE: 2025-11-01 04:34:29Z: Running job: deploy
[2025-11-01 04:34:29Z INFO JobDispatcher] Start renew job request 0 for job 9c9dc3b9-53e4-55e9-9485-24ac93a82294.
[2025-11-01 04:34:30Z INFO JobDispatcher] Successfully renew job 9c9dc3b9-53e4-55e9-9485-24ac93a82294, job is valid till 1/11/2025 4:44:30
[2025-11-01 04:34:30Z INFO HostContext] Well known directory 'Bin': 'D:\Eclipse\devopsExercise\actions-runner\bin'
[2025-11-01 04:34:30Z INFO ProcessInvokerWrapper] Starting process:
[2025-11-01 04:34:30Z INFO ProcessInvokerWrapper]   File name: 'D:\Eclipse\devopsExercise\actions-runner\bin\Runner.Worker.exe'
[2025-11-01 04:34:30Z INFO ProcessInvokerWrapper]   Arguments: 'spawnclient 2248 2260'
[2025-11-01 04:34:30Z INFO ProcessInvokerWrapper]   Working directory: 'D:\Eclipse\devopsExercise\actions-runner\bin'
[2025-11-01 04:34:30Z INFO ProcessInvokerWrapper]   Require exit code zero: 'False'
[2025-11-01 04:34:30Z INFO ProcessInvokerWrapper]   Encoding web name:  ; code page: ''
[2025-11-01 04:34:30Z INFO ProcessInvokerWrapper]   Force kill process on cancellation: 'True'
[2025-11-01 04:34:30Z INFO ProcessInvokerWrapper]   Redirected STDIN: 'False'
[2025-11-01 04:34:30Z INFO ProcessInvokerWrapper]   Persist current code page: 'False'
[2025-11-01 04:34:30Z INFO ProcessInvokerWrapper]   Keep redirected STDIN open: 'False'
[2025-11-01 04:34:30Z INFO ProcessInvokerWrapper]   High priority process: 'True'
[2025-11-01 04:34:30Z INFO ProcessInvokerWrapper] Process started with process id 15952, waiting for process exit.
[2025-11-01 04:34:30Z INFO JobDispatcher] Send job request message to worker for job 9c9dc3b9-53e4-55e9-9485-24ac93a82294.
[2025-11-01 04:34:30Z INFO ProcessChannel] Sending message of length 20856, with hash '8b06b68a0976345b412519a6030be3c07c90083084e7732e62f49e1c68747a34'
[2025-11-01 04:34:30Z INFO JobNotification] Entering JobStarted Notification
[2025-11-01 04:34:30Z INFO JobNotification] Entering StartMonitor
[2025-11-01 04:35:30Z INFO JobDispatcher] Successfully renew job 9c9dc3b9-53e4-55e9-9485-24ac93a82294, job is valid till 1/11/2025 4:45:30
[2025-11-01 04:36:30Z INFO JobDispatcher] Successfully renew job 9c9dc3b9-53e4-55e9-9485-24ac93a82294, job is valid till 1/11/2025 4:46:30
[2025-11-01 04:37:30Z INFO JobDispatcher] Successfully renew job 9c9dc3b9-53e4-55e9-9485-24ac93a82294, job is valid till 1/11/2025 4:47:30
[2025-11-01 04:38:30Z INFO JobDispatcher] Successfully renew job 9c9dc3b9-53e4-55e9-9485-24ac93a82294, job is valid till 1/11/2025 4:48:30
[2025-11-01 04:39:31Z INFO JobDispatcher] Successfully renew job 9c9dc3b9-53e4-55e9-9485-24ac93a82294, job is valid till 1/11/2025 4:49:31
[2025-11-01 04:40:31Z INFO JobDispatcher] Successfully renew job 9c9dc3b9-53e4-55e9-9485-24ac93a82294, job is valid till 1/11/2025 4:50:31
[2025-11-01 04:41:31Z INFO JobDispatcher] Successfully renew job 9c9dc3b9-53e4-55e9-9485-24ac93a82294, job is valid till 1/11/2025 4:51:31
[2025-11-01 04:42:31Z INFO JobDispatcher] Successfully renew job 9c9dc3b9-53e4-55e9-9485-24ac93a82294, job is valid till 1/11/2025 4:52:31
[2025-11-01 04:43:31Z INFO JobDispatcher] Successfully renew job 9c9dc3b9-53e4-55e9-9485-24ac93a82294, job is valid till 1/11/2025 4:53:31
[2025-11-01 04:44:31Z INFO JobDispatcher] Successfully renew job 9c9dc3b9-53e4-55e9-9485-24ac93a82294, job is valid till 1/11/2025 4:54:31
[2025-11-01 04:45:31Z INFO JobDispatcher] Successfully renew job 9c9dc3b9-53e4-55e9-9485-24ac93a82294, job is valid till 1/11/2025 4:55:31
[2025-11-01 04:46:32Z INFO JobDispatcher] Successfully renew job 9c9dc3b9-53e4-55e9-9485-24ac93a82294, job is valid till 1/11/2025 4:56:32
[2025-11-01 04:47:32Z INFO JobDispatcher] Successfully renew job 9c9dc3b9-53e4-55e9-9485-24ac93a82294, job is valid till 1/11/2025 4:57:32
[2025-11-01 04:48:32Z INFO JobDispatcher] Successfully renew job 9c9dc3b9-53e4-55e9-9485-24ac93a82294, job is valid till 1/11/2025 4:58:32
[2025-11-01 04:49:32Z INFO JobDispatcher] Successfully renew job 9c9dc3b9-53e4-55e9-9485-24ac93a82294, job is valid till 1/11/2025 4:59:32
[2025-11-01 04:50:32Z INFO JobDispatcher] Successfully renew job 9c9dc3b9-53e4-55e9-9485-24ac93a82294, job is valid till 1/11/2025 5:00:32
[2025-11-01 04:51:32Z INFO JobDispatcher] Successfully renew job 9c9dc3b9-53e4-55e9-9485-24ac93a82294, job is valid till 1/11/2025 5:01:32
[2025-11-01 04:52:32Z INFO JobDispatcher] Successfully renew job 9c9dc3b9-53e4-55e9-9485-24ac93a82294, job is valid till 1/11/2025 5:02:32
[2025-11-01 04:53:32Z INFO JobDispatcher] Successfully renew job 9c9dc3b9-53e4-55e9-9485-24ac93a82294, job is valid till 1/11/2025 5:03:32
[2025-11-01 04:54:32Z INFO JobDispatcher] Successfully renew job 9c9dc3b9-53e4-55e9-9485-24ac93a82294, job is valid till 1/11/2025 5:04:32
[2025-11-01 04:55:33Z INFO JobDispatcher] Successfully renew job 9c9dc3b9-53e4-55e9-9485-24ac93a82294, job is valid till 1/11/2025 5:05:33
[2025-11-01 04:56:33Z INFO JobDispatcher] Successfully renew job 9c9dc3b9-53e4-55e9-9485-24ac93a82294, job is valid till 1/11/2025 5:06:33
[2025-11-01 04:56:57Z INFO Terminal] WRITE LINE: Exiting...
[2025-11-01 04:56:57Z INFO ConfigurationStore] IsServiceConfigured()
[2025-11-01 04:56:57Z INFO ConfigurationStore] IsServiceConfigured: True
[2025-11-01 04:56:57Z INFO Runner] Received Ctrl-C signal, stop Runner.Listener and Runner.Worker.
[2025-11-01 04:56:57Z INFO HostContext] Runner will be shutdown for UserCancelled
[2025-11-01 04:56:57Z WARN GitHubActionsService] GET request to https://broker.actions.githubusercontent.com/message?sessionId=6d389ec1-cc1d-40d5-be8f-94bc182bfd9e&status=Busy&runnerVersion=2.329.0&os=Windows&architecture=X64&disableUpdate=false has been cancelled.
[2025-11-01 04:56:57Z ERR  BrokerServer] Catch exception during request
[2025-11-01 04:56:58Z ERR  BrokerServer] System.Threading.Tasks.TaskCanceledException: The operation was canceled.
 ---> System.Threading.Tasks.TaskCanceledException: The operation was canceled.
 ---> System.IO.IOException: Unable to read data from the transport connection: The I/O operation has been aborted because of either a thread exit or an application request..
 ---> System.Net.Sockets.SocketException (995): The I/O operation has been aborted because of either a thread exit or an application request.
   --- End of inner exception stack trace ---
   at System.Net.Sockets.Socket.AwaitableSocketAsyncEventArgs.ThrowException(SocketError error, CancellationToken cancellationToken)
   at System.Net.Sockets.Socket.AwaitableSocketAsyncEventArgs.System.Threading.Tasks.Sources.IValueTaskSource<System.Int32>.GetResult(Int16 token)
   at System.Net.Security.SslStream.EnsureFullTlsFrameAsync[TIOAdapter](CancellationToken cancellationToken, Int32 estimatedSize)
   at System.Runtime.CompilerServices.PoolingAsyncValueTaskMethodBuilder`1.StateMachineBox`1.System.Threading.Tasks.Sources.IValueTaskSource<TResult>.GetResult(Int16 token)
   at System.Net.Security.SslStream.ReadAsyncInternal[TIOAdapter](Memory`1 buffer, CancellationToken cancellationToken)
   at System.Runtime.CompilerServices.PoolingAsyncValueTaskMethodBuilder`1.StateMachineBox`1.System.Threading.Tasks.Sources.IValueTaskSource<TResult>.GetResult(Int16 token)
   at System.Net.Http.HttpConnection.SendAsync(HttpRequestMessage request, Boolean async, CancellationToken cancellationToken)
   --- End of inner exception stack trace ---
   at System.Net.Http.HttpConnection.SendAsync(HttpRequestMessage request, Boolean async, CancellationToken cancellationToken)
   at System.Net.Http.AuthenticationHelper.SendWithNtAuthAsync(HttpRequestMessage request, Uri authUri, Boolean async, ICredentials credentials, Boolean isProxyAuth, HttpConnection connection, HttpConnectionPool connectionPool, CancellationToken cancellationToken)
   at System.Net.Http.HttpConnectionPool.SendWithVersionDetectionAndRetryAsync(HttpRequestMessage request, Boolean async, Boolean doRequestAuth, CancellationToken cancellationToken)
   at System.Net.Http.AuthenticationHelper.SendWithAuthAsync(HttpRequestMessage request, Uri authUri, Boolean async, ICredentials credentials, Boolean preAuthenticate, Boolean isProxyAuth, Boolean doRequestAuth, HttpConnectionPool pool, CancellationToken cancellationToken)
   at System.Net.Http.RedirectHandler.SendAsync(HttpRequestMessage request, Boolean async, CancellationToken cancellationToken)
   at GitHub.Services.Common.RawHttpMessageHandler.SendAsync(HttpRequestMessage request, CancellationToken cancellationToken)
   at GitHub.Services.Common.VssHttpRetryMessageHandler.SendAsync(HttpRequestMessage request, CancellationToken cancellationToken)
   at System.Net.Http.HttpClient.<SendAsync>g__Core|83_0(HttpRequestMessage request, HttpCompletionOption completionOption, CancellationTokenSource cts, Boolean disposeCts, CancellationTokenSource pendingRequestsCts, CancellationToken originalCancellationToken)
   --- End of inner exception stack trace ---
   at System.Net.Http.HttpClient.HandleFailure(Exception e, Boolean telemetryStarted, HttpResponseMessage response, CancellationTokenSource cts, CancellationToken cancellationToken, CancellationTokenSource pendingRequestsCts)
   at System.Net.Http.HttpClient.<SendAsync>g__Core|83_0(HttpRequestMessage request, HttpCompletionOption completionOption, CancellationTokenSource cts, Boolean disposeCts, CancellationTokenSource pendingRequestsCts, CancellationToken originalCancellationToken)
   at Sdk.WebApi.WebApi.RawHttpClientBase.SendAsync(HttpRequestMessage message, HttpCompletionOption completionOption, Object userState, CancellationToken cancellationToken)
   at Sdk.WebApi.WebApi.RawHttpClientBase.SendAsync[T](HttpRequestMessage message, Boolean readErrorBody, Object userState, CancellationToken cancellationToken)
   at Sdk.WebApi.WebApi.RawHttpClientBase.SendAsync[T](HttpMethod method, IEnumerable`1 additionalHeaders, Uri requestUri, HttpContent content, IEnumerable`1 queryParameters, Boolean readErrorBody, Object userState, CancellationToken cancellationToken)
   at GitHub.Actions.RunService.WebApi.BrokerHttpClient.GetRunnerMessageAsync(Nullable`1 sessionId, String runnerVersion, Nullable`1 status, String os, String architecture, Nullable`1 disableUpdate, CancellationToken cancellationToken)
   at GitHub.Runner.Common.BrokerServer.<>c__DisplayClass7_0.<<GetRunnerMessageAsync>b__0>d.MoveNext()
--- End of stack trace from previous location ---
   at GitHub.Runner.Common.RunnerService.RetryRequest[T](Func`1 func, CancellationToken cancellationToken, Int32 maxAttempts, Func`2 shouldRetry)
[2025-11-01 04:56:58Z ERR  BrokerServer] #####################################################
[2025-11-01 04:56:58Z ERR  BrokerServer] System.Threading.Tasks.TaskCanceledException: The operation was canceled.
 ---> System.IO.IOException: Unable to read data from the transport connection: The I/O operation has been aborted because of either a thread exit or an application request..
 ---> System.Net.Sockets.SocketException (995): The I/O operation has been aborted because of either a thread exit or an application request.
   --- End of inner exception stack trace ---
   at System.Net.Sockets.Socket.AwaitableSocketAsyncEventArgs.ThrowException(SocketError error, CancellationToken cancellationToken)
   at System.Net.Sockets.Socket.AwaitableSocketAsyncEventArgs.System.Threading.Tasks.Sources.IValueTaskSource<System.Int32>.GetResult(Int16 token)
   at System.Net.Security.SslStream.EnsureFullTlsFrameAsync[TIOAdapter](CancellationToken cancellationToken, Int32 estimatedSize)
   at System.Runtime.CompilerServices.PoolingAsyncValueTaskMethodBuilder`1.StateMachineBox`1.System.Threading.Tasks.Sources.IValueTaskSource<TResult>.GetResult(Int16 token)
   at System.Net.Security.SslStream.ReadAsyncInternal[TIOAdapter](Memory`1 buffer, CancellationToken cancellationToken)
   at System.Runtime.CompilerServices.PoolingAsyncValueTaskMethodBuilder`1.StateMachineBox`1.System.Threading.Tasks.Sources.IValueTaskSource<TResult>.GetResult(Int16 token)
   at System.Net.Http.HttpConnection.SendAsync(HttpRequestMessage request, Boolean async, CancellationToken cancellationToken)
   --- End of inner exception stack trace ---
   at System.Net.Http.HttpConnection.SendAsync(HttpRequestMessage request, Boolean async, CancellationToken cancellationToken)
   at System.Net.Http.AuthenticationHelper.SendWithNtAuthAsync(HttpRequestMessage request, Uri authUri, Boolean async, ICredentials credentials, Boolean isProxyAuth, HttpConnection connection, HttpConnectionPool connectionPool, CancellationToken cancellationToken)
   at System.Net.Http.HttpConnectionPool.SendWithVersionDetectionAndRetryAsync(HttpRequestMessage request, Boolean async, Boolean doRequestAuth, CancellationToken cancellationToken)
   at System.Net.Http.AuthenticationHelper.SendWithAuthAsync(HttpRequestMessage request, Uri authUri, Boolean async, ICredentials credentials, Boolean preAuthenticate, Boolean isProxyAuth, Boolean doRequestAuth, HttpConnectionPool pool, CancellationToken cancellationToken)
   at System.Net.Http.RedirectHandler.SendAsync(HttpRequestMessage request, Boolean async, CancellationToken cancellationToken)
   at GitHub.Services.Common.RawHttpMessageHandler.SendAsync(HttpRequestMessage request, CancellationToken cancellationToken)
   at GitHub.Services.Common.VssHttpRetryMessageHandler.SendAsync(HttpRequestMessage request, CancellationToken cancellationToken)
   at System.Net.Http.HttpClient.<SendAsync>g__Core|83_0(HttpRequestMessage request, HttpCompletionOption completionOption, CancellationTokenSource cts, Boolean disposeCts, CancellationTokenSource pendingRequestsCts, CancellationToken originalCancellationToken)
[2025-11-01 04:56:58Z ERR  BrokerServer] #####################################################
[2025-11-01 04:56:58Z ERR  BrokerServer] System.IO.IOException: Unable to read data from the transport connection: The I/O operation has been aborted because of either a thread exit or an application request..
 ---> System.Net.Sockets.SocketException (995): The I/O operation has been aborted because of either a thread exit or an application request.
   --- End of inner exception stack trace ---
   at System.Net.Sockets.Socket.AwaitableSocketAsyncEventArgs.ThrowException(SocketError error, CancellationToken cancellationToken)
   at System.Net.Sockets.Socket.AwaitableSocketAsyncEventArgs.System.Threading.Tasks.Sources.IValueTaskSource<System.Int32>.GetResult(Int16 token)
   at System.Net.Security.SslStream.EnsureFullTlsFrameAsync[TIOAdapter](CancellationToken cancellationToken, Int32 estimatedSize)
   at System.Runtime.CompilerServices.PoolingAsyncValueTaskMethodBuilder`1.StateMachineBox`1.System.Threading.Tasks.Sources.IValueTaskSource<TResult>.GetResult(Int16 token)
   at System.Net.Security.SslStream.ReadAsyncInternal[TIOAdapter](Memory`1 buffer, CancellationToken cancellationToken)
   at System.Runtime.CompilerServices.PoolingAsyncValueTaskMethodBuilder`1.StateMachineBox`1.System.Threading.Tasks.Sources.IValueTaskSource<TResult>.GetResult(Int16 token)
   at System.Net.Http.HttpConnection.SendAsync(HttpRequestMessage request, Boolean async, CancellationToken cancellationToken)
[2025-11-01 04:56:58Z ERR  BrokerServer] #####################################################
[2025-11-01 04:56:58Z ERR  BrokerServer] System.Net.Sockets.SocketException (995): The I/O operation has been aborted because of either a thread exit or an application request.
[2025-11-01 04:56:58Z WARN BrokerServer] Back off 14,264 seconds before next retry. 4 attempt left.
[2025-11-01 04:56:58Z INFO BrokerMessageListener] Get next message has been cancelled.
[2025-11-01 04:56:58Z INFO JobDispatcher] Shutting down JobDispatcher. Make sure all WorkerDispatcher has finished.
[2025-11-01 04:56:58Z INFO JobDispatcher] Ensure WorkerDispatcher for job 9c9dc3b9-53e4-55e9-9485-24ac93a82294 run to finish, cancel any running job.
[2025-11-01 04:56:58Z INFO JobDispatcher] Send job cancellation message to worker for job 9c9dc3b9-53e4-55e9-9485-24ac93a82294.
[2025-11-01 04:56:58Z INFO ProcessChannel] Sending message of length 0, with hash 'e3b0c44298fc1c149afbf4c8996fb92427ae41e4649b934ca495991b7852b855'
[2025-11-01 04:57:01Z INFO ProcessInvokerWrapper] STDOUT/STDERR stream read finished.
[2025-11-01 04:57:01Z INFO ProcessInvokerWrapper] STDOUT/STDERR stream read finished.
[2025-11-01 04:57:01Z INFO ProcessInvokerWrapper] Finished process 15952 with exit code 102, and elapsed time 00:22:31.6355970.
[2025-11-01 04:57:01Z INFO JobDispatcher] finish job request for job 9c9dc3b9-53e4-55e9-9485-24ac93a82294 with result: Canceled
[2025-11-01 04:57:01Z INFO Terminal] WRITE LINE: 2025-11-01 04:57:01Z: Job deploy completed with result: Canceled
[2025-11-01 04:57:01Z INFO JobDispatcher] Stop renew job request for job 9c9dc3b9-53e4-55e9-9485-24ac93a82294.
[2025-11-01 04:57:01Z INFO JobDispatcher] job renew has been cancelled, stop renew job 9c9dc3b9-53e4-55e9-9485-24ac93a82294.
[2025-11-01 04:57:01Z INFO JobNotification] Entering JobCompleted Notification
[2025-11-01 04:57:01Z INFO JobNotification] Entering EndMonitor
[2025-11-01 04:57:01Z INFO Runner] Deleting Runner Session...
[2025-11-01 04:57:02Z INFO Listener] Runner execution been cancelled.
