[2025-10-31 20:13:15Z INFO HostContext] No proxy settings were found based on environmental variables (http_proxy/https_proxy/HTTP_PROXY/HTTPS_PROXY)
[2025-10-31 20:13:15Z INFO HostContext] Well known directory 'Bin': 'D:\Eclipse\devopsExercise\actions-runner\bin'
[2025-10-31 20:13:15Z INFO HostContext] Well known directory 'Root': 'D:\Eclipse\devopsExercise\actions-runner'
[2025-10-31 20:13:15Z INFO HostContext] Well known config file 'Credentials': 'D:\Eclipse\devopsExercise\actions-runner\.credentials'
[2025-10-31 20:13:15Z INFO HostContext] Well known directory 'Bin': 'D:\Eclipse\devopsExercise\actions-runner\bin'
[2025-10-31 20:13:15Z INFO HostContext] Well known directory 'Root': 'D:\Eclipse\devopsExercise\actions-runner'
[2025-10-31 20:13:15Z INFO HostContext] Well known config file 'Runner': 'D:\Eclipse\devopsExercise\actions-runner\.runner'
[2025-10-31 20:13:15Z INFO Listener] Runner is built for Windows (X64) - win-x64.
[2025-10-31 20:13:15Z INFO Listener] RuntimeInformation: Microsoft Windows 10.0.19045.
[2025-10-31 20:13:15Z INFO Listener] Version: 2.329.0
[2025-10-31 20:13:15Z INFO Listener] Commit: c76c59996c8fa32e989164a5a695efb12608ae5a
[2025-10-31 20:13:15Z INFO Listener] Culture: es-EC
[2025-10-31 20:13:15Z INFO Listener] UI Culture: es-MX
[2025-10-31 20:13:15Z INFO HostContext] Well known directory 'Bin': 'D:\Eclipse\devopsExercise\actions-runner\bin'
[2025-10-31 20:13:15Z INFO HostContext] Well known directory 'Root': 'D:\Eclipse\devopsExercise\actions-runner'
[2025-10-31 20:13:15Z INFO Listener] Validating directory permissions for: 'D:\Eclipse\devopsExercise\actions-runner'
[2025-10-31 20:13:15Z INFO CommandLineParser] Parse
[2025-10-31 20:13:15Z INFO CommandLineParser] Parsing 3 args
[2025-10-31 20:13:15Z INFO CommandLineParser] parsing argument
[2025-10-31 20:13:15Z INFO CommandLineParser] HasArgs: False
[2025-10-31 20:13:15Z INFO CommandLineParser] Adding Command: run
[2025-10-31 20:13:15Z INFO CommandLineParser] parsing argument
[2025-10-31 20:13:15Z INFO CommandLineParser] HasArgs: True
[2025-10-31 20:13:15Z INFO CommandLineParser] arg: startuptype
[2025-10-31 20:13:15Z INFO CommandLineParser] parsing argument
[2025-10-31 20:13:15Z INFO CommandLineParser] HasArgs: True
[2025-10-31 20:13:15Z INFO CommandLineParser] Adding option 'startuptype': 'service'
[2025-10-31 20:13:15Z INFO Listener] Arguments parsed
[2025-10-31 20:13:15Z INFO Runner] ExecuteCommand
[2025-10-31 20:13:15Z INFO ConfigurationStore] currentAssemblyLocation: D:\Eclipse\devopsExercise\actions-runner\bin\Runner.Listener.dll
[2025-10-31 20:13:15Z INFO HostContext] Well known directory 'Bin': 'D:\Eclipse\devopsExercise\actions-runner\bin'
[2025-10-31 20:13:15Z INFO ConfigurationStore] binPath: D:\Eclipse\devopsExercise\actions-runner\bin
[2025-10-31 20:13:15Z INFO HostContext] Well known directory 'Bin': 'D:\Eclipse\devopsExercise\actions-runner\bin'
[2025-10-31 20:13:15Z INFO HostContext] Well known directory 'Root': 'D:\Eclipse\devopsExercise\actions-runner'
[2025-10-31 20:13:15Z INFO ConfigurationStore] RootFolder: D:\Eclipse\devopsExercise\actions-runner
[2025-10-31 20:13:15Z INFO HostContext] Well known directory 'Bin': 'D:\Eclipse\devopsExercise\actions-runner\bin'
[2025-10-31 20:13:15Z INFO HostContext] Well known directory 'Root': 'D:\Eclipse\devopsExercise\actions-runner'
[2025-10-31 20:13:15Z INFO HostContext] Well known config file 'Runner': 'D:\Eclipse\devopsExercise\actions-runner\.runner'
[2025-10-31 20:13:15Z INFO ConfigurationStore] ConfigFilePath: D:\Eclipse\devopsExercise\actions-runner\.runner
[2025-10-31 20:13:15Z INFO HostContext] Well known directory 'Bin': 'D:\Eclipse\devopsExercise\actions-runner\bin'
[2025-10-31 20:13:15Z INFO HostContext] Well known directory 'Root': 'D:\Eclipse\devopsExercise\actions-runner'
[2025-10-31 20:13:15Z INFO HostContext] Well known config file 'MigratedRunner': 'D:\Eclipse\devopsExercise\actions-runner\.runner_migrated'
[2025-10-31 20:13:15Z INFO ConfigurationStore] MigratedConfigFilePath: D:\Eclipse\devopsExercise\actions-runner\.runner_migrated
[2025-10-31 20:13:15Z INFO HostContext] Well known directory 'Bin': 'D:\Eclipse\devopsExercise\actions-runner\bin'
[2025-10-31 20:13:15Z INFO HostContext] Well known directory 'Root': 'D:\Eclipse\devopsExercise\actions-runner'
[2025-10-31 20:13:15Z INFO HostContext] Well known config file 'Credentials': 'D:\Eclipse\devopsExercise\actions-runner\.credentials'
[2025-10-31 20:13:15Z INFO ConfigurationStore] CredFilePath: D:\Eclipse\devopsExercise\actions-runner\.credentials
[2025-10-31 20:13:15Z INFO HostContext] Well known directory 'Bin': 'D:\Eclipse\devopsExercise\actions-runner\bin'
[2025-10-31 20:13:15Z INFO HostContext] Well known directory 'Root': 'D:\Eclipse\devopsExercise\actions-runner'
[2025-10-31 20:13:15Z INFO HostContext] Well known config file 'MigratedCredentials': 'D:\Eclipse\devopsExercise\actions-runner\.credentials_migrated'
[2025-10-31 20:13:15Z INFO ConfigurationStore] MigratedCredFilePath: D:\Eclipse\devopsExercise\actions-runner\.credentials_migrated
[2025-10-31 20:13:15Z INFO HostContext] Well known directory 'Bin': 'D:\Eclipse\devopsExercise\actions-runner\bin'
[2025-10-31 20:13:15Z INFO HostContext] Well known directory 'Root': 'D:\Eclipse\devopsExercise\actions-runner'
[2025-10-31 20:13:15Z INFO HostContext] Well known config file 'Service': 'D:\Eclipse\devopsExercise\actions-runner\.service'
[2025-10-31 20:13:15Z INFO ConfigurationStore] ServiceConfigFilePath: D:\Eclipse\devopsExercise\actions-runner\.service
[2025-10-31 20:13:15Z INFO CommandSettings] Flag 'help': 'False'
[2025-10-31 20:13:15Z INFO CommandSettings] Flag 'version': 'False'
[2025-10-31 20:13:15Z INFO CommandSettings] Flag 'commit': 'False'
[2025-10-31 20:13:15Z INFO CommandSettings] Flag 'check': 'False'
[2025-10-31 20:13:15Z INFO CommandSettings] Command 'configure': 'False'
[2025-10-31 20:13:15Z INFO CommandSettings] Command 'remove': 'False'
[2025-10-31 20:13:15Z INFO CommandSettings] Command 'warmup': 'False'
[2025-10-31 20:13:15Z INFO ConfigurationManager] LoadSettings
[2025-10-31 20:13:15Z INFO ConfigurationStore] IsConfigured()
[2025-10-31 20:13:15Z INFO ConfigurationStore] IsConfigured: True
[2025-10-31 20:13:15Z INFO ConfigurationManager] Is configured: True
[2025-10-31 20:13:15Z INFO ConfigurationStore] Read setting file: 394 chars
[2025-10-31 20:13:15Z INFO ConfigurationManager] Settings Loaded
[2025-10-31 20:13:15Z INFO ConfigurationStore] IsServiceConfigured()
[2025-10-31 20:13:15Z INFO ConfigurationStore] IsServiceConfigured: True
[2025-10-31 20:13:15Z INFO CommandSettings] Command 'run': 'True'
[2025-10-31 20:13:15Z INFO ConfigurationStore] IsConfigured()
[2025-10-31 20:13:15Z INFO ConfigurationStore] IsConfigured: True
[2025-10-31 20:13:15Z INFO ConfigurationManager] Is configured: True
[2025-10-31 20:13:15Z INFO Runner] Set runner startup type - Service
[2025-10-31 20:13:15Z INFO CommandSettings] Flag 'once': 'False'
[2025-10-31 20:13:15Z INFO CommandSettings] Flag 'once': 'False'
[2025-10-31 20:13:15Z INFO Runner] RunAsync
[2025-10-31 20:13:15Z INFO ConfigurationManager] LoadMigratedSettings
[2025-10-31 20:13:15Z INFO ConfigurationStore] IsMigratedConfigured()
[2025-10-31 20:13:15Z INFO ConfigurationStore] IsMigratedConfigured: False
[2025-10-31 20:13:15Z INFO Runner] Failed to load migrated settings: No migrated configuration found.
[2025-10-31 20:13:15Z INFO Runner] Falling back to original .runner settings
[2025-10-31 20:13:15Z INFO Runner] Using BrokerMessageListener
[2025-10-31 20:13:15Z INFO BrokerMessageListener] Using provided settings
[2025-10-31 20:13:15Z INFO BrokerMessageListener] {
  "AgentId": 2,
  "AgentName": "BOTPC",
  "PoolId": 1,
  "PoolName": "Default",
  "ServerUrl": "https://pipelinesghubeus24.actions.githubusercontent.com/jhUIZ8jILW8KfuUHc917loBz0AAjYObg8M4C27oWHnqx82tVv7/",
  "GitHubUrl": "https://github.com/serdna123/ejercicioDevOps",
  "WorkFolder": "_work",
  "UseV2Flow": true,
  "ServerUrlV2": "https://broker.actions.githubusercontent.com/"
}
[2025-10-31 20:13:15Z INFO BrokerMessageListener] Loading Credentials
[2025-10-31 20:13:15Z INFO ConfigurationStore] HasCredentials()
[2025-10-31 20:13:15Z INFO ConfigurationStore] stored True
[2025-10-31 20:13:15Z INFO CredentialManager] GetCredentialProvider
[2025-10-31 20:13:15Z INFO CredentialManager] Creating type OAuth
[2025-10-31 20:13:15Z INFO CredentialManager] Creating credential type: OAuth
[2025-10-31 20:13:15Z INFO HostContext] Well known directory 'Bin': 'D:\Eclipse\devopsExercise\actions-runner\bin'
[2025-10-31 20:13:15Z INFO HostContext] Well known directory 'Root': 'D:\Eclipse\devopsExercise\actions-runner'
[2025-10-31 20:13:15Z INFO HostContext] Well known config file 'RSACredentials': 'D:\Eclipse\devopsExercise\actions-runner\.credentials_rsaparams'
[2025-10-31 20:13:15Z INFO RSAEncryptedFileKeyManager] Loading RSA key parameters from file D:\Eclipse\devopsExercise\actions-runner\.credentials_rsaparams
[2025-10-31 20:13:15Z INFO BrokerMessageListener] Attempt to create session.
[2025-10-31 20:13:15Z INFO BrokerMessageListener] Connecting to the Broker Server...
[2025-10-31 20:13:15Z INFO ConfigurationStore] HasCredentials()
[2025-10-31 20:13:15Z INFO ConfigurationStore] stored True
[2025-10-31 20:13:15Z INFO CredentialManager] GetCredentialProvider
[2025-10-31 20:13:15Z INFO CredentialManager] Creating type OAuth
[2025-10-31 20:13:15Z INFO CredentialManager] Creating credential type: OAuth
[2025-10-31 20:13:15Z INFO RSAEncryptedFileKeyManager] Loading RSA key parameters from file D:\Eclipse\devopsExercise\actions-runner\.credentials_rsaparams
[2025-10-31 20:13:15Z INFO BrokerMessageListener] VssConnection created
[2025-10-31 20:13:15Z INFO BrokerMessageListener] Connecting to the Runner server...
[2025-10-31 20:13:15Z INFO RunnerServer] EstablishVssConnection
[2025-10-31 20:13:15Z INFO RunnerServer] Establish connection with 100 seconds timeout.
[2025-10-31 20:13:15Z INFO GitHubActionsService] Starting operation Location.GetConnectionData
[2025-10-31 20:13:15Z INFO RunnerServer] EstablishVssConnection
[2025-10-31 20:13:15Z INFO RunnerServer] Establish connection with 60 seconds timeout.
[2025-10-31 20:13:15Z INFO GitHubActionsService] Starting operation Location.GetConnectionData
[2025-10-31 20:13:15Z INFO RunnerServer] EstablishVssConnection
[2025-10-31 20:13:15Z INFO RunnerServer] Establish connection with 60 seconds timeout.
[2025-10-31 20:13:15Z INFO GitHubActionsService] Starting operation Location.GetConnectionData
[2025-10-31 20:13:16Z INFO GitHubActionsService] Finished operation Location.GetConnectionData
[2025-10-31 20:13:16Z INFO GitHubActionsService] Finished operation Location.GetConnectionData
[2025-10-31 20:13:16Z INFO GitHubActionsService] Finished operation Location.GetConnectionData
[2025-10-31 20:13:16Z INFO BrokerMessageListener] VssConnection created
[2025-10-31 20:13:16Z INFO Terminal] WRITE LINE: 
[2025-10-31 20:13:16Z INFO Terminal] WRITE LINE: 
[2025-10-31 20:13:16Z INFO RSAEncryptedFileKeyManager] Loading RSA key parameters from file D:\Eclipse\devopsExercise\actions-runner\.credentials_rsaparams
[2025-10-31 20:13:16Z INFO RSAEncryptedFileKeyManager] Loading RSA key parameters from file D:\Eclipse\devopsExercise\actions-runner\.credentials_rsaparams
[2025-10-31 20:13:16Z INFO GitHubActionsService] AAD Correlation ID for this token request: Unknown
[2025-10-31 20:13:17Z INFO BrokerMessageListener] Session created.
[2025-10-31 20:13:17Z INFO Terminal] WRITE LINE: Current runner version: '2.329.0'
[2025-10-31 20:13:17Z INFO Terminal] WRITE LINE: 2025-10-31 20:13:17Z: Listening for Jobs
[2025-10-31 20:13:17Z INFO JobDispatcher] Set runner/worker IPC timeout to 30 seconds.
[2025-10-31 20:16:42Z INFO Terminal] WRITE LINE: Exiting...
[2025-10-31 20:16:42Z INFO ConfigurationStore] IsServiceConfigured()
[2025-10-31 20:16:42Z INFO ConfigurationStore] IsServiceConfigured: True
[2025-10-31 20:16:42Z INFO Runner] Received Ctrl-C signal, stop Runner.Listener and Runner.Worker.
[2025-10-31 20:16:42Z INFO HostContext] Runner will be shutdown for UserCancelled
[2025-10-31 20:16:42Z WARN GitHubActionsService] GET request to https://broker.actions.githubusercontent.com/message?sessionId=9c936380-4737-42d8-b4dc-70bb432bd609&status=Online&runnerVersion=2.329.0&os=Windows&architecture=X64&disableUpdate=false has been cancelled.
[2025-10-31 20:16:42Z ERR  BrokerServer] Catch exception during request
[2025-10-31 20:16:42Z ERR  BrokerServer] System.Threading.Tasks.TaskCanceledException: The operation was canceled.
 ---> System.Threading.Tasks.TaskCanceledException: The operation was canceled.
 ---> System.IO.IOException: Unable to read data from the transport connection: La operación de E/S se anuló por una salida de subproceso o por una solicitud de aplicación..
 ---> System.Net.Sockets.SocketException (995): La operación de E/S se anuló por una salida de subproceso o por una solicitud de aplicación.
   --- End of inner exception stack trace ---
   at System.Net.Sockets.Socket.AwaitableSocketAsyncEventArgs.ThrowException(SocketError error, CancellationToken cancellationToken)
   at System.Net.Sockets.Socket.AwaitableSocketAsyncEventArgs.System.Threading.Tasks.Sources.IValueTaskSource<System.Int32>.GetResult(Int16 token)
   at System.Net.Security.SslStream.EnsureFullTlsFrameAsync[TIOAdapter](CancellationToken cancellationToken, Int32 estimatedSize)
   at System.Runtime.CompilerServices.PoolingAsyncValueTaskMethodBuilder`1.StateMachineBox`1.System.Threading.Tasks.Sources.IValueTaskSource<TResult>.GetResult(Int16 token)
   at System.Net.Security.SslStream.ReadAsyncInternal[TIOAdapter](Memory`1 buffer, CancellationToken cancellationToken)
   at System.Runtime.CompilerServices.PoolingAsyncValueTaskMethodBuilder`1.StateMachineBox`1.System.Threading.Tasks.Sources.IValueTaskSource<TResult>.GetResult(Int16 token)
   at System.Net.Http.HttpConnection.SendAsync(HttpRequestMessage request, Boolean async, CancellationToken cancellationToken)
   --- End of inner exception stack trace ---
   at System.Net.Http.HttpConnection.SendAsync(HttpRequestMessage request, Boolean async, CancellationToken cancellationToken)
   at System.Net.Http.AuthenticationHelper.SendWithNtAuthAsync(HttpRequestMessage request, Uri authUri, Boolean async, ICredentials credentials, Boolean isProxyAuth, HttpConnection connection, HttpConnectionPool connectionPool, CancellationToken cancellationToken)
   at System.Net.Http.HttpConnectionPool.SendWithVersionDetectionAndRetryAsync(HttpRequestMessage request, Boolean async, Boolean doRequestAuth, CancellationToken cancellationToken)
   at System.Net.Http.AuthenticationHelper.SendWithAuthAsync(HttpRequestMessage request, Uri authUri, Boolean async, ICredentials credentials, Boolean preAuthenticate, Boolean isProxyAuth, Boolean doRequestAuth, HttpConnectionPool pool, CancellationToken cancellationToken)
   at System.Net.Http.RedirectHandler.SendAsync(HttpRequestMessage request, Boolean async, CancellationToken cancellationToken)
   at GitHub.Services.Common.RawHttpMessageHandler.SendAsync(HttpRequestMessage request, CancellationToken cancellationToken)
   at GitHub.Services.Common.VssHttpRetryMessageHandler.SendAsync(HttpRequestMessage request, CancellationToken cancellationToken)
   at System.Net.Http.HttpClient.<SendAsync>g__Core|83_0(HttpRequestMessage request, HttpCompletionOption completionOption, CancellationTokenSource cts, Boolean disposeCts, CancellationTokenSource pendingRequestsCts, CancellationToken originalCancellationToken)
   --- End of inner exception stack trace ---
   at System.Net.Http.HttpClient.HandleFailure(Exception e, Boolean telemetryStarted, HttpResponseMessage response, CancellationTokenSource cts, CancellationToken cancellationToken, CancellationTokenSource pendingRequestsCts)
   at System.Net.Http.HttpClient.<SendAsync>g__Core|83_0(HttpRequestMessage request, HttpCompletionOption completionOption, CancellationTokenSource cts, Boolean disposeCts, CancellationTokenSource pendingRequestsCts, CancellationToken originalCancellationToken)
   at Sdk.WebApi.WebApi.RawHttpClientBase.SendAsync(HttpRequestMessage message, HttpCompletionOption completionOption, Object userState, CancellationToken cancellationToken)
   at Sdk.WebApi.WebApi.RawHttpClientBase.SendAsync[T](HttpRequestMessage message, Boolean readErrorBody, Object userState, CancellationToken cancellationToken)
   at Sdk.WebApi.WebApi.RawHttpClientBase.SendAsync[T](HttpMethod method, IEnumerable`1 additionalHeaders, Uri requestUri, HttpContent content, IEnumerable`1 queryParameters, Boolean readErrorBody, Object userState, CancellationToken cancellationToken)
   at GitHub.Actions.RunService.WebApi.BrokerHttpClient.GetRunnerMessageAsync(Nullable`1 sessionId, String runnerVersion, Nullable`1 status, String os, String architecture, Nullable`1 disableUpdate, CancellationToken cancellationToken)
   at GitHub.Runner.Common.BrokerServer.<>c__DisplayClass7_0.<<GetRunnerMessageAsync>b__0>d.MoveNext()
--- End of stack trace from previous location ---
   at GitHub.Runner.Common.RunnerService.RetryRequest[T](Func`1 func, CancellationToken cancellationToken, Int32 maxAttempts, Func`2 shouldRetry)
[2025-10-31 20:16:42Z ERR  BrokerServer] #####################################################
[2025-10-31 20:16:42Z ERR  BrokerServer] System.Threading.Tasks.TaskCanceledException: The operation was canceled.
 ---> System.IO.IOException: Unable to read data from the transport connection: La operación de E/S se anuló por una salida de subproceso o por una solicitud de aplicación..
 ---> System.Net.Sockets.SocketException (995): La operación de E/S se anuló por una salida de subproceso o por una solicitud de aplicación.
   --- End of inner exception stack trace ---
   at System.Net.Sockets.Socket.AwaitableSocketAsyncEventArgs.ThrowException(SocketError error, CancellationToken cancellationToken)
   at System.Net.Sockets.Socket.AwaitableSocketAsyncEventArgs.System.Threading.Tasks.Sources.IValueTaskSource<System.Int32>.GetResult(Int16 token)
   at System.Net.Security.SslStream.EnsureFullTlsFrameAsync[TIOAdapter](CancellationToken cancellationToken, Int32 estimatedSize)
   at System.Runtime.CompilerServices.PoolingAsyncValueTaskMethodBuilder`1.StateMachineBox`1.System.Threading.Tasks.Sources.IValueTaskSource<TResult>.GetResult(Int16 token)
   at System.Net.Security.SslStream.ReadAsyncInternal[TIOAdapter](Memory`1 buffer, CancellationToken cancellationToken)
   at System.Runtime.CompilerServices.PoolingAsyncValueTaskMethodBuilder`1.StateMachineBox`1.System.Threading.Tasks.Sources.IValueTaskSource<TResult>.GetResult(Int16 token)
   at System.Net.Http.HttpConnection.SendAsync(HttpRequestMessage request, Boolean async, CancellationToken cancellationToken)
   --- End of inner exception stack trace ---
   at System.Net.Http.HttpConnection.SendAsync(HttpRequestMessage request, Boolean async, CancellationToken cancellationToken)
   at System.Net.Http.AuthenticationHelper.SendWithNtAuthAsync(HttpRequestMessage request, Uri authUri, Boolean async, ICredentials credentials, Boolean isProxyAuth, HttpConnection connection, HttpConnectionPool connectionPool, CancellationToken cancellationToken)
   at System.Net.Http.HttpConnectionPool.SendWithVersionDetectionAndRetryAsync(HttpRequestMessage request, Boolean async, Boolean doRequestAuth, CancellationToken cancellationToken)
   at System.Net.Http.AuthenticationHelper.SendWithAuthAsync(HttpRequestMessage request, Uri authUri, Boolean async, ICredentials credentials, Boolean preAuthenticate, Boolean isProxyAuth, Boolean doRequestAuth, HttpConnectionPool pool, CancellationToken cancellationToken)
   at System.Net.Http.RedirectHandler.SendAsync(HttpRequestMessage request, Boolean async, CancellationToken cancellationToken)
   at GitHub.Services.Common.RawHttpMessageHandler.SendAsync(HttpRequestMessage request, CancellationToken cancellationToken)
   at GitHub.Services.Common.VssHttpRetryMessageHandler.SendAsync(HttpRequestMessage request, CancellationToken cancellationToken)
   at System.Net.Http.HttpClient.<SendAsync>g__Core|83_0(HttpRequestMessage request, HttpCompletionOption completionOption, CancellationTokenSource cts, Boolean disposeCts, CancellationTokenSource pendingRequestsCts, CancellationToken originalCancellationToken)
[2025-10-31 20:16:42Z ERR  BrokerServer] #####################################################
[2025-10-31 20:16:42Z ERR  BrokerServer] System.IO.IOException: Unable to read data from the transport connection: La operación de E/S se anuló por una salida de subproceso o por una solicitud de aplicación..
 ---> System.Net.Sockets.SocketException (995): La operación de E/S se anuló por una salida de subproceso o por una solicitud de aplicación.
   --- End of inner exception stack trace ---
   at System.Net.Sockets.Socket.AwaitableSocketAsyncEventArgs.ThrowException(SocketError error, CancellationToken cancellationToken)
   at System.Net.Sockets.Socket.AwaitableSocketAsyncEventArgs.System.Threading.Tasks.Sources.IValueTaskSource<System.Int32>.GetResult(Int16 token)
   at System.Net.Security.SslStream.EnsureFullTlsFrameAsync[TIOAdapter](CancellationToken cancellationToken, Int32 estimatedSize)
   at System.Runtime.CompilerServices.PoolingAsyncValueTaskMethodBuilder`1.StateMachineBox`1.System.Threading.Tasks.Sources.IValueTaskSource<TResult>.GetResult(Int16 token)
   at System.Net.Security.SslStream.ReadAsyncInternal[TIOAdapter](Memory`1 buffer, CancellationToken cancellationToken)
   at System.Runtime.CompilerServices.PoolingAsyncValueTaskMethodBuilder`1.StateMachineBox`1.System.Threading.Tasks.Sources.IValueTaskSource<TResult>.GetResult(Int16 token)
   at System.Net.Http.HttpConnection.SendAsync(HttpRequestMessage request, Boolean async, CancellationToken cancellationToken)
[2025-10-31 20:16:42Z ERR  BrokerServer] #####################################################
[2025-10-31 20:16:42Z ERR  BrokerServer] System.Net.Sockets.SocketException (995): La operación de E/S se anuló por una salida de subproceso o por una solicitud de aplicación.
[2025-10-31 20:16:42Z WARN BrokerServer] Back off 5,819 seconds before next retry. 4 attempt left.
[2025-10-31 20:16:42Z INFO BrokerMessageListener] Get next message has been cancelled.
[2025-10-31 20:16:42Z INFO JobDispatcher] Shutting down JobDispatcher. Make sure all WorkerDispatcher has finished.
[2025-10-31 20:16:42Z INFO Runner] Deleting Runner Session...
[2025-10-31 20:16:42Z INFO Listener] Runner execution been cancelled.
